/home/deploy/scripts/harvest/archipelago/archipelago-xml-files.sh: line 5: bundle: command not found
/home/deploy/scripts/harvest/archipelago/archipelago-xml-files.sh: line 6: bundle: command not found
/home/deploy/scripts/harvest/archipelago/archipelago-xml-files.sh: line 5: bundle: command not found
/home/deploy/scripts/harvest/archipelago/archipelago-xml-files.sh: line 6: bundle: command not found
/home/deploy/scripts/harvest/archipelago/archipelago-xml-files.sh: line 5: bundle: command not found
/home/deploy/scripts/harvest/archipelago/archipelago-xml-files.sh: line 6: bundle: command not found
/home/deploy/scripts/harvest/archipelago/archipelago-xml-files.sh: line 5: bundle: command not found
/home/deploy/scripts/harvest/archipelago/archipelago-xml-files.sh: line 6: bundle: command not found
/home/deploy/scripts/harvest/archipelago/archipelago-xml-files.sh: line 5: bundle: command not found
/home/deploy/scripts/harvest/archipelago/archipelago-xml-files.sh: line 6: bundle: command not found
/home/deploy/scripts/harvest/archipelago/archipelago-xml-files.sh: line 5: bundle: command not found
/home/deploy/scripts/harvest/archipelago/archipelago-xml-files.sh: line 6: bundle: command not found
Loading /home/deploy/eads/nbucc/nbucc_4781.xml into index...
I, [2024-10-01T08:53:49.181877 #2828957]  INFO -- : traject (3.8.2) executing with: `-u http://127.0.0.1:8983/solr/blacklight-core/ -i xml -c /home/deploy/.asdf/installs/ruby/3.3.3/lib/ruby/gems/3.3.0/gems/arclight-1.4.0/lib/arclight/traject/ead2_config.rb /home/deploy/eads/nbucc/nbucc_4781.xml`
I, [2024-10-01T08:53:49.182242 #2828957]  INFO -- : Reading from /home/deploy/eads/nbucc/nbucc_4781.xml
D, [2024-10-01T08:53:49.182503 #2828957] DEBUG -- : beginning Traject::Indexer#process with settings: {"solr.url"=>"http://127.0.0.1:8983/solr/blacklight-core/", "component_traject_config"=>"/home/deploy/.asdf/installs/ruby/3.3.3/lib/ruby/gems/3.3.0/gems/arclight-1.4.0/lib/arclight/traject/ead2_component_config.rb", "id_normalizer"=>"Arclight::NormalizedId", "date_normalizer"=>"Arclight::NormalizedDate", "title_normalizer"=>"Arclight::NormalizedTitle", "reader_class_name"=>"Arclight::Traject::NokogiriNamespacelessReader", "solr_writer.commit_on_close"=>"true", "repository"=>"nbucc", "logger"=>#<Logger:0x0000fd02710b4958 @level=0, @progname=nil, @default_formatter=#<Logger::Formatter:0x0000fd02710b3030 @datetime_format=nil>, @formatter=nil, @logdev=#<Logger::LogDevice:0x0000fd02716d3668 @shift_period_suffix=nil, @shift_size=nil, @shift_age=nil, @filename=nil, @dev=#<IO:<STDERR>>, @binmode=false, @reraise_write_errors=[], @mon_data=#<Monitor:0x0000fd02710b2c98>, @mon_data_owner_object_id=4300>, @level_override={}>, "command_line.filename"=>"/home/deploy/eads/nbucc/nbucc_4781.xml", "writer_class_name"=>"Traject::SolrJsonWriter", "solr_writer.batch_size"=>100, "solr_writer.thread_pool"=>1, "processing_thread_pool"=>1, "log.batch_size.severity"=>"info", "allow_nil_values"=>false, "allow_duplicate_values"=>true, "allow_empty_fields"=>false}
I, [2024-10-01T08:53:49.222052 #2828957]  INFO -- :    Traject::SolrJsonWriter writing to 'http://127.0.0.1:8983/solr/blacklight-core/update/json' in batches of 100 with 1 bg threads
I, [2024-10-01T08:53:49.222127 #2828957]  INFO -- :    Traject::Indexer with 1 processing threads, reader: Arclight::Traject::NokogiriNamespacelessReader and writer: Traject::SolrJsonWriter
D, [2024-10-01T08:53:49.223201 #2828957] DEBUG -- : Shutting down #processing mapper threadpool...
D, [2024-10-01T08:53:49.930541 #2828957] DEBUG -- : #processing mapper threadpool shutdown complete.
D, [2024-10-01T08:53:49.930850 #2828957] DEBUG -- : Traject::SolrJsonWriter: Shutting down thread pool, waiting if needed...
D, [2024-10-01T08:53:49.930954 #2828957] DEBUG -- : Traject::SolrJsonWriter: sending batch of 1 to Solr
D, [2024-10-01T08:53:49.951742 #2828957] DEBUG -- : Traject::SolrJsonWriter: Thread pool shutdown complete
I, [2024-10-01T08:53:49.951827 #2828957]  INFO -- : Traject::SolrJsonWriter sending commit to solr at url http://127.0.0.1:8983/solr/blacklight-core/update/json...
F, [2024-10-01T08:54:49.953006 #2828957] FATAL -- : Traject::CommandLine: Unexpected exception, terminating execution:     Exception: HTTPClient::ReceiveTimeoutError: execution expired
    /home/deploy/.asdf/installs/ruby/3.3.3/lib/ruby/gems/3.3.0/gems/httpclient-2.8.3/lib/httpclient/session.rb:805:in `gets'

bundler: failed to load command: traject (/home/deploy/.asdf/installs/ruby/3.3.3/bin/traject)
/home/deploy/.asdf/installs/ruby/3.3.3/lib/ruby/gems/3.3.0/gems/httpclient-2.8.3/lib/httpclient/session.rb:805:in `gets': execution expired (HTTPClient::ReceiveTimeoutError)
	from /home/deploy/.asdf/installs/ruby/3.3.3/lib/ruby/gems/3.3.0/gems/httpclient-2.8.3/lib/httpclient/session.rb:805:in `block in parse_header'
	from /home/deploy/.asdf/installs/ruby/3.3.3/lib/ruby/gems/3.3.0/gems/timeout-0.4.1/lib/timeout.rb:186:in `block in timeout'
	from /home/deploy/.asdf/installs/ruby/3.3.3/lib/ruby/gems/3.3.0/gems/timeout-0.4.1/lib/timeout.rb:193:in `timeout'
	from /home/deploy/.asdf/installs/ruby/3.3.3/lib/ruby/gems/3.3.0/gems/httpclient-2.8.3/lib/httpclient/session.rb:801:in `parse_header'
	from /home/deploy/.asdf/installs/ruby/3.3.3/lib/ruby/gems/3.3.0/gems/httpclient-2.8.3/lib/httpclient/session.rb:784:in `read_header'
	from /home/deploy/.asdf/installs/ruby/3.3.3/lib/ruby/gems/3.3.0/gems/httpclient-2.8.3/lib/httpclient/session.rb:561:in `get_header'
	from /home/deploy/.asdf/installs/ruby/3.3.3/lib/ruby/gems/3.3.0/gems/httpclient-2.8.3/lib/httpclient.rb:1299:in `do_get_header'
	from /home/deploy/.asdf/installs/ruby/3.3.3/lib/ruby/gems/3.3.0/gems/httpclient-2.8.3/lib/httpclient.rb:1245:in `do_get_block'
	from /home/deploy/.asdf/installs/ruby/3.3.3/lib/ruby/gems/3.3.0/gems/httpclient-2.8.3/lib/httpclient.rb:1019:in `block in do_request'
	from /home/deploy/.asdf/installs/ruby/3.3.3/lib/ruby/gems/3.3.0/gems/httpclient-2.8.3/lib/httpclient.rb:1133:in `protect_keep_alive_disconnected'
	from /home/deploy/.asdf/installs/ruby/3.3.3/lib/ruby/gems/3.3.0/gems/httpclient-2.8.3/lib/httpclient.rb:1014:in `do_request'
	from /home/deploy/.asdf/installs/ruby/3.3.3/lib/ruby/gems/3.3.0/gems/httpclient-2.8.3/lib/httpclient.rb:856:in `request'
	from /home/deploy/.asdf/installs/ruby/3.3.3/lib/ruby/gems/3.3.0/gems/httpclient-2.8.3/lib/httpclient.rb:743:in `get'
	from /home/deploy/.asdf/installs/ruby/3.3.3/lib/ruby/gems/3.3.0/gems/traject-3.8.2/lib/traject/solr_json_writer.rb:370:in `commit'
	from /home/deploy/.asdf/installs/ruby/3.3.3/lib/ruby/gems/3.3.0/gems/traject-3.8.2/lib/traject/solr_json_writer.rb:339:in `close'
	from /home/deploy/.asdf/installs/ruby/3.3.3/lib/ruby/gems/3.3.0/gems/traject-3.8.2/lib/traject/indexer.rb:638:in `complete'
	from /home/deploy/.asdf/installs/ruby/3.3.3/lib/ruby/gems/3.3.0/gems/traject-3.8.2/lib/traject/indexer.rb:607:in `process'
	from /home/deploy/.asdf/installs/ruby/3.3.3/lib/ruby/gems/3.3.0/gems/traject-3.8.2/lib/traject/command_line.rb:73:in `execute'
	from /home/deploy/.asdf/installs/ruby/3.3.3/lib/ruby/gems/3.3.0/gems/traject-3.8.2/bin/traject:14:in `<top (required)>'
	from /home/deploy/.asdf/installs/ruby/3.3.3/bin/traject:25:in `load'
	from /home/deploy/.asdf/installs/ruby/3.3.3/bin/traject:25:in `<top (required)>'
	from /home/deploy/.asdf/installs/ruby/3.3.3/lib/ruby/site_ruby/3.3.0/bundler/cli/exec.rb:58:in `load'
	from /home/deploy/.asdf/installs/ruby/3.3.3/lib/ruby/site_ruby/3.3.0/bundler/cli/exec.rb:58:in `kernel_load'
	from /home/deploy/.asdf/installs/ruby/3.3.3/lib/ruby/site_ruby/3.3.0/bundler/cli/exec.rb:23:in `run'
	from /home/deploy/.asdf/installs/ruby/3.3.3/lib/ruby/site_ruby/3.3.0/bundler/cli.rb:455:in `exec'
	from /home/deploy/.asdf/installs/ruby/3.3.3/lib/ruby/site_ruby/3.3.0/bundler/vendor/thor/lib/thor/command.rb:28:in `run'
	from /home/deploy/.asdf/installs/ruby/3.3.3/lib/ruby/site_ruby/3.3.0/bundler/vendor/thor/lib/thor/invocation.rb:127:in `invoke_command'
	from /home/deploy/.asdf/installs/ruby/3.3.3/lib/ruby/site_ruby/3.3.0/bundler/vendor/thor/lib/thor.rb:527:in `dispatch'
	from /home/deploy/.asdf/installs/ruby/3.3.3/lib/ruby/site_ruby/3.3.0/bundler/cli.rb:35:in `dispatch'
	from /home/deploy/.asdf/installs/ruby/3.3.3/lib/ruby/site_ruby/3.3.0/bundler/vendor/thor/lib/thor/base.rb:584:in `start'
	from /home/deploy/.asdf/installs/ruby/3.3.3/lib/ruby/site_ruby/3.3.0/bundler/cli.rb:29:in `start'
	from /home/deploy/.asdf/installs/ruby/3.3.3/lib/ruby/gems/3.3.0/gems/bundler-2.5.17/exe/bundle:28:in `block in <top (required)>'
	from /home/deploy/.asdf/installs/ruby/3.3.3/lib/ruby/site_ruby/3.3.0/bundler/friendly_errors.rb:117:in `with_friendly_errors'
	from /home/deploy/.asdf/installs/ruby/3.3.3/lib/ruby/gems/3.3.0/gems/bundler-2.5.17/exe/bundle:20:in `<top (required)>'
	from /home/deploy/.asdf/installs/ruby/3.3.3/bin/bundle:25:in `load'
	from /home/deploy/.asdf/installs/ruby/3.3.3/bin/bundle:25:in `<main>'
Indexed /home/deploy/eads/nbucc/nbucc_4781.xml (in 63.133 secs).
Loading /home/deploy/eads/nbucc/nbucc_4782.xml into index...
I, [2024-10-01T08:54:54.230982 #2829136]  INFO -- : traject (3.8.2) executing with: `-u http://127.0.0.1:8983/solr/blacklight-core/ -i xml -c /home/deploy/.asdf/installs/ruby/3.3.3/lib/ruby/gems/3.3.0/gems/arclight-1.4.0/lib/arclight/traject/ead2_config.rb /home/deploy/eads/nbucc/nbucc_4782.xml`
I, [2024-10-01T08:54:54.231337 #2829136]  INFO -- : Reading from /home/deploy/eads/nbucc/nbucc_4782.xml
D, [2024-10-01T08:54:54.231596 #2829136] DEBUG -- : beginning Traject::Indexer#process with settings: {"solr.url"=>"http://127.0.0.1:8983/solr/blacklight-core/", "component_traject_config"=>"/home/deploy/.asdf/installs/ruby/3.3.3/lib/ruby/gems/3.3.0/gems/arclight-1.4.0/lib/arclight/traject/ead2_component_config.rb", "id_normalizer"=>"Arclight::NormalizedId", "date_normalizer"=>"Arclight::NormalizedDate", "title_normalizer"=>"Arclight::NormalizedTitle", "reader_class_name"=>"Arclight::Traject::NokogiriNamespacelessReader", "solr_writer.commit_on_close"=>"true", "repository"=>"nbucc", "logger"=>#<Logger:0x0000e1e75a121578 @level=0, @progname=nil, @default_formatter=#<Logger::Formatter:0x0000e1e75a1212d0 @datetime_format=nil>, @formatter=nil, @logdev=#<Logger::LogDevice:0x0000e1e75a743708 @shift_period_suffix=nil, @shift_size=nil, @shift_age=nil, @filename=nil, @dev=#<IO:<STDERR>>, @binmode=false, @reraise_write_errors=[], @mon_data=#<Monitor:0x0000e1e75a120970>, @mon_data_owner_object_id=4300>, @level_override={}>, "command_line.filename"=>"/home/deploy/eads/nbucc/nbucc_4782.xml", "writer_class_name"=>"Traject::SolrJsonWriter", "solr_writer.batch_size"=>100, "solr_writer.thread_pool"=>1, "processing_thread_pool"=>1, "log.batch_size.severity"=>"info", "allow_nil_values"=>false, "allow_duplicate_values"=>true, "allow_empty_fields"=>false}
I, [2024-10-01T08:54:54.269829 #2829136]  INFO -- :    Traject::SolrJsonWriter writing to 'http://127.0.0.1:8983/solr/blacklight-core/update/json' in batches of 100 with 1 bg threads
I, [2024-10-01T08:54:54.269959 #2829136]  INFO -- :    Traject::Indexer with 1 processing threads, reader: Arclight::Traject::NokogiriNamespacelessReader and writer: Traject::SolrJsonWriter
D, [2024-10-01T08:54:54.270943 #2829136] DEBUG -- : Shutting down #processing mapper threadpool...
D, [2024-10-01T08:54:54.286223 #2829136] DEBUG -- : #processing mapper threadpool shutdown complete.
D, [2024-10-01T08:54:54.286517 #2829136] DEBUG -- : Traject::SolrJsonWriter: Shutting down thread pool, waiting if needed...
D, [2024-10-01T08:54:54.286604 #2829136] DEBUG -- : Traject::SolrJsonWriter: sending batch of 1 to Solr
D, [2024-10-01T08:54:54.295582 #2829136] DEBUG -- : Traject::SolrJsonWriter: Thread pool shutdown complete
I, [2024-10-01T08:54:54.295679 #2829136]  INFO -- : Traject::SolrJsonWriter sending commit to solr at url http://127.0.0.1:8983/solr/blacklight-core/update/json...
F, [2024-10-01T08:55:54.296986 #2829136] FATAL -- : Traject::CommandLine: Unexpected exception, terminating execution:     Exception: HTTPClient::ReceiveTimeoutError: execution expired
    /home/deploy/.asdf/installs/ruby/3.3.3/lib/ruby/gems/3.3.0/gems/httpclient-2.8.3/lib/httpclient/session.rb:805:in `gets'

bundler: failed to load command: traject (/home/deploy/.asdf/installs/ruby/3.3.3/bin/traject)
/home/deploy/.asdf/installs/ruby/3.3.3/lib/ruby/gems/3.3.0/gems/httpclient-2.8.3/lib/httpclient/session.rb:805:in `gets': execution expired (HTTPClient::ReceiveTimeoutError)
	from /home/deploy/.asdf/installs/ruby/3.3.3/lib/ruby/gems/3.3.0/gems/httpclient-2.8.3/lib/httpclient/session.rb:805:in `block in parse_header'
	from /home/deploy/.asdf/installs/ruby/3.3.3/lib/ruby/gems/3.3.0/gems/timeout-0.4.1/lib/timeout.rb:186:in `block in timeout'
	from /home/deploy/.asdf/installs/ruby/3.3.3/lib/ruby/gems/3.3.0/gems/timeout-0.4.1/lib/timeout.rb:193:in `timeout'
	from /home/deploy/.asdf/installs/ruby/3.3.3/lib/ruby/gems/3.3.0/gems/httpclient-2.8.3/lib/httpclient/session.rb:801:in `parse_header'
	from /home/deploy/.asdf/installs/ruby/3.3.3/lib/ruby/gems/3.3.0/gems/httpclient-2.8.3/lib/httpclient/session.rb:784:in `read_header'
	from /home/deploy/.asdf/installs/ruby/3.3.3/lib/ruby/gems/3.3.0/gems/httpclient-2.8.3/lib/httpclient/session.rb:561:in `get_header'
	from /home/deploy/.asdf/installs/ruby/3.3.3/lib/ruby/gems/3.3.0/gems/httpclient-2.8.3/lib/httpclient.rb:1299:in `do_get_header'
	from /home/deploy/.asdf/installs/ruby/3.3.3/lib/ruby/gems/3.3.0/gems/httpclient-2.8.3/lib/httpclient.rb:1245:in `do_get_block'
	from /home/deploy/.asdf/installs/ruby/3.3.3/lib/ruby/gems/3.3.0/gems/httpclient-2.8.3/lib/httpclient.rb:1019:in `block in do_request'
	from /home/deploy/.asdf/installs/ruby/3.3.3/lib/ruby/gems/3.3.0/gems/httpclient-2.8.3/lib/httpclient.rb:1133:in `protect_keep_alive_disconnected'
	from /home/deploy/.asdf/installs/ruby/3.3.3/lib/ruby/gems/3.3.0/gems/httpclient-2.8.3/lib/httpclient.rb:1014:in `do_request'
	from /home/deploy/.asdf/installs/ruby/3.3.3/lib/ruby/gems/3.3.0/gems/httpclient-2.8.3/lib/httpclient.rb:856:in `request'
	from /home/deploy/.asdf/installs/ruby/3.3.3/lib/ruby/gems/3.3.0/gems/httpclient-2.8.3/lib/httpclient.rb:743:in `get'
	from /home/deploy/.asdf/installs/ruby/3.3.3/lib/ruby/gems/3.3.0/gems/traject-3.8.2/lib/traject/solr_json_writer.rb:370:in `commit'
	from /home/deploy/.asdf/installs/ruby/3.3.3/lib/ruby/gems/3.3.0/gems/traject-3.8.2/lib/traject/solr_json_writer.rb:339:in `close'
	from /home/deploy/.asdf/installs/ruby/3.3.3/lib/ruby/gems/3.3.0/gems/traject-3.8.2/lib/traject/indexer.rb:638:in `complete'
	from /home/deploy/.asdf/installs/ruby/3.3.3/lib/ruby/gems/3.3.0/gems/traject-3.8.2/lib/traject/indexer.rb:607:in `process'
	from /home/deploy/.asdf/installs/ruby/3.3.3/lib/ruby/gems/3.3.0/gems/traject-3.8.2/lib/traject/command_line.rb:73:in `execute'
	from /home/deploy/.asdf/installs/ruby/3.3.3/lib/ruby/gems/3.3.0/gems/traject-3.8.2/bin/traject:14:in `<top (required)>'
	from /home/deploy/.asdf/installs/ruby/3.3.3/bin/traject:25:in `load'
	from /home/deploy/.asdf/installs/ruby/3.3.3/bin/traject:25:in `<top (required)>'
	from /home/deploy/.asdf/installs/ruby/3.3.3/lib/ruby/site_ruby/3.3.0/bundler/cli/exec.rb:58:in `load'
	from /home/deploy/.asdf/installs/ruby/3.3.3/lib/ruby/site_ruby/3.3.0/bundler/cli/exec.rb:58:in `kernel_load'
	from /home/deploy/.asdf/installs/ruby/3.3.3/lib/ruby/site_ruby/3.3.0/bundler/cli/exec.rb:23:in `run'
	from /home/deploy/.asdf/installs/ruby/3.3.3/lib/ruby/site_ruby/3.3.0/bundler/cli.rb:455:in `exec'
	from /home/deploy/.asdf/installs/ruby/3.3.3/lib/ruby/site_ruby/3.3.0/bundler/vendor/thor/lib/thor/command.rb:28:in `run'
	from /home/deploy/.asdf/installs/ruby/3.3.3/lib/ruby/site_ruby/3.3.0/bundler/vendor/thor/lib/thor/invocation.rb:127:in `invoke_command'
	from /home/deploy/.asdf/installs/ruby/3.3.3/lib/ruby/site_ruby/3.3.0/bundler/vendor/thor/lib/thor.rb:527:in `dispatch'
	from /home/deploy/.asdf/installs/ruby/3.3.3/lib/ruby/site_ruby/3.3.0/bundler/cli.rb:35:in `dispatch'
	from /home/deploy/.asdf/installs/ruby/3.3.3/lib/ruby/site_ruby/3.3.0/bundler/vendor/thor/lib/thor/base.rb:584:in `start'
	from /home/deploy/.asdf/installs/ruby/3.3.3/lib/ruby/site_ruby/3.3.0/bundler/cli.rb:29:in `start'
	from /home/deploy/.asdf/installs/ruby/3.3.3/lib/ruby/gems/3.3.0/gems/bundler-2.5.17/exe/bundle:28:in `block in <top (required)>'
	from /home/deploy/.asdf/installs/ruby/3.3.3/lib/ruby/site_ruby/3.3.0/bundler/friendly_errors.rb:117:in `with_friendly_errors'
	from /home/deploy/.asdf/installs/ruby/3.3.3/lib/ruby/gems/3.3.0/gems/bundler-2.5.17/exe/bundle:20:in `<top (required)>'
	from /home/deploy/.asdf/installs/ruby/3.3.3/bin/bundle:25:in `load'
	from /home/deploy/.asdf/installs/ruby/3.3.3/bin/bundle:25:in `<main>'
Indexed /home/deploy/eads/nbucc/nbucc_4782.xml (in 61.933 secs).
Loading /home/deploy/eads/nbucc/nbucc_4781.xml into index...
I, [2024-10-01T08:59:41.388487 #2829867]  INFO -- : traject (3.8.2) executing with: `-u http://127.0.0.1:8983/solr/blacklight-core/ -i xml -c /home/deploy/.asdf/installs/ruby/3.3.3/lib/ruby/gems/3.3.0/gems/arclight-1.4.0/lib/arclight/traject/ead2_config.rb /home/deploy/eads/nbucc/nbucc_4781.xml`
I, [2024-10-01T08:59:41.388942 #2829867]  INFO -- : Reading from /home/deploy/eads/nbucc/nbucc_4781.xml
D, [2024-10-01T08:59:41.389233 #2829867] DEBUG -- : beginning Traject::Indexer#process with settings: {"solr.url"=>"http://127.0.0.1:8983/solr/blacklight-core/", "component_traject_config"=>"/home/deploy/.asdf/installs/ruby/3.3.3/lib/ruby/gems/3.3.0/gems/arclight-1.4.0/lib/arclight/traject/ead2_component_config.rb", "id_normalizer"=>"Arclight::NormalizedId", "date_normalizer"=>"Arclight::NormalizedDate", "title_normalizer"=>"Arclight::NormalizedTitle", "reader_class_name"=>"Arclight::Traject::NokogiriNamespacelessReader", "solr_writer.commit_on_close"=>"true", "repository"=>"nbucc", "logger"=>#<Logger:0x0000f5c3d80d67a8 @level=0, @progname=nil, @default_formatter=#<Logger::Formatter:0x0000f5c3d80d64d8 @datetime_format=nil>, @formatter=nil, @logdev=#<Logger::LogDevice:0x0000f5c3d8774dd0 @shift_period_suffix=nil, @shift_size=nil, @shift_age=nil, @filename=nil, @dev=#<IO:<STDERR>>, @binmode=false, @reraise_write_errors=[], @mon_data=#<Monitor:0x0000f5c3d80d60a0>, @mon_data_owner_object_id=4300>, @level_override={}>, "command_line.filename"=>"/home/deploy/eads/nbucc/nbucc_4781.xml", "writer_class_name"=>"Traject::SolrJsonWriter", "solr_writer.batch_size"=>100, "solr_writer.thread_pool"=>1, "processing_thread_pool"=>1, "log.batch_size.severity"=>"info", "allow_nil_values"=>false, "allow_duplicate_values"=>true, "allow_empty_fields"=>false}
I, [2024-10-01T08:59:41.427733 #2829867]  INFO -- :    Traject::SolrJsonWriter writing to 'http://127.0.0.1:8983/solr/blacklight-core/update/json' in batches of 100 with 1 bg threads
I, [2024-10-01T08:59:41.427807 #2829867]  INFO -- :    Traject::Indexer with 1 processing threads, reader: Arclight::Traject::NokogiriNamespacelessReader and writer: Traject::SolrJsonWriter
D, [2024-10-01T08:59:41.428918 #2829867] DEBUG -- : Shutting down #processing mapper threadpool...
D, [2024-10-01T08:59:42.215580 #2829867] DEBUG -- : #processing mapper threadpool shutdown complete.
D, [2024-10-01T08:59:42.215891 #2829867] DEBUG -- : Traject::SolrJsonWriter: Shutting down thread pool, waiting if needed...
D, [2024-10-01T08:59:42.216006 #2829867] DEBUG -- : Traject::SolrJsonWriter: sending batch of 1 to Solr
D, [2024-10-01T08:59:42.227665 #2829867] DEBUG -- : Traject::SolrJsonWriter: Thread pool shutdown complete
I, [2024-10-01T08:59:42.227756 #2829867]  INFO -- : Traject::SolrJsonWriter sending commit to solr at url http://127.0.0.1:8983/solr/blacklight-core/update/json...
F, [2024-10-01T09:00:42.229038 #2829867] FATAL -- : Traject::CommandLine: Unexpected exception, terminating execution:     Exception: HTTPClient::ReceiveTimeoutError: execution expired
    /home/deploy/.asdf/installs/ruby/3.3.3/lib/ruby/gems/3.3.0/gems/httpclient-2.8.3/lib/httpclient/session.rb:805:in `gets'

bundler: failed to load command: traject (/home/deploy/.asdf/installs/ruby/3.3.3/bin/traject)
/home/deploy/.asdf/installs/ruby/3.3.3/lib/ruby/gems/3.3.0/gems/httpclient-2.8.3/lib/httpclient/session.rb:805:in `gets': execution expired (HTTPClient::ReceiveTimeoutError)
	from /home/deploy/.asdf/installs/ruby/3.3.3/lib/ruby/gems/3.3.0/gems/httpclient-2.8.3/lib/httpclient/session.rb:805:in `block in parse_header'
	from /home/deploy/.asdf/installs/ruby/3.3.3/lib/ruby/gems/3.3.0/gems/timeout-0.4.1/lib/timeout.rb:186:in `block in timeout'
	from /home/deploy/.asdf/installs/ruby/3.3.3/lib/ruby/gems/3.3.0/gems/timeout-0.4.1/lib/timeout.rb:193:in `timeout'
	from /home/deploy/.asdf/installs/ruby/3.3.3/lib/ruby/gems/3.3.0/gems/httpclient-2.8.3/lib/httpclient/session.rb:801:in `parse_header'
	from /home/deploy/.asdf/installs/ruby/3.3.3/lib/ruby/gems/3.3.0/gems/httpclient-2.8.3/lib/httpclient/session.rb:784:in `read_header'
	from /home/deploy/.asdf/installs/ruby/3.3.3/lib/ruby/gems/3.3.0/gems/httpclient-2.8.3/lib/httpclient/session.rb:561:in `get_header'
	from /home/deploy/.asdf/installs/ruby/3.3.3/lib/ruby/gems/3.3.0/gems/httpclient-2.8.3/lib/httpclient.rb:1299:in `do_get_header'
	from /home/deploy/.asdf/installs/ruby/3.3.3/lib/ruby/gems/3.3.0/gems/httpclient-2.8.3/lib/httpclient.rb:1245:in `do_get_block'
	from /home/deploy/.asdf/installs/ruby/3.3.3/lib/ruby/gems/3.3.0/gems/httpclient-2.8.3/lib/httpclient.rb:1019:in `block in do_request'
	from /home/deploy/.asdf/installs/ruby/3.3.3/lib/ruby/gems/3.3.0/gems/httpclient-2.8.3/lib/httpclient.rb:1133:in `protect_keep_alive_disconnected'
	from /home/deploy/.asdf/installs/ruby/3.3.3/lib/ruby/gems/3.3.0/gems/httpclient-2.8.3/lib/httpclient.rb:1014:in `do_request'
	from /home/deploy/.asdf/installs/ruby/3.3.3/lib/ruby/gems/3.3.0/gems/httpclient-2.8.3/lib/httpclient.rb:856:in `request'
	from /home/deploy/.asdf/installs/ruby/3.3.3/lib/ruby/gems/3.3.0/gems/httpclient-2.8.3/lib/httpclient.rb:743:in `get'
	from /home/deploy/.asdf/installs/ruby/3.3.3/lib/ruby/gems/3.3.0/gems/traject-3.8.2/lib/traject/solr_json_writer.rb:370:in `commit'
	from /home/deploy/.asdf/installs/ruby/3.3.3/lib/ruby/gems/3.3.0/gems/traject-3.8.2/lib/traject/solr_json_writer.rb:339:in `close'
	from /home/deploy/.asdf/installs/ruby/3.3.3/lib/ruby/gems/3.3.0/gems/traject-3.8.2/lib/traject/indexer.rb:638:in `complete'
	from /home/deploy/.asdf/installs/ruby/3.3.3/lib/ruby/gems/3.3.0/gems/traject-3.8.2/lib/traject/indexer.rb:607:in `process'
	from /home/deploy/.asdf/installs/ruby/3.3.3/lib/ruby/gems/3.3.0/gems/traject-3.8.2/lib/traject/command_line.rb:73:in `execute'
	from /home/deploy/.asdf/installs/ruby/3.3.3/lib/ruby/gems/3.3.0/gems/traject-3.8.2/bin/traject:14:in `<top (required)>'
	from /home/deploy/.asdf/installs/ruby/3.3.3/bin/traject:25:in `load'
	from /home/deploy/.asdf/installs/ruby/3.3.3/bin/traject:25:in `<top (required)>'
	from /home/deploy/.asdf/installs/ruby/3.3.3/lib/ruby/site_ruby/3.3.0/bundler/cli/exec.rb:58:in `load'
	from /home/deploy/.asdf/installs/ruby/3.3.3/lib/ruby/site_ruby/3.3.0/bundler/cli/exec.rb:58:in `kernel_load'
	from /home/deploy/.asdf/installs/ruby/3.3.3/lib/ruby/site_ruby/3.3.0/bundler/cli/exec.rb:23:in `run'
	from /home/deploy/.asdf/installs/ruby/3.3.3/lib/ruby/site_ruby/3.3.0/bundler/cli.rb:455:in `exec'
	from /home/deploy/.asdf/installs/ruby/3.3.3/lib/ruby/site_ruby/3.3.0/bundler/vendor/thor/lib/thor/command.rb:28:in `run'
	from /home/deploy/.asdf/installs/ruby/3.3.3/lib/ruby/site_ruby/3.3.0/bundler/vendor/thor/lib/thor/invocation.rb:127:in `invoke_command'
	from /home/deploy/.asdf/installs/ruby/3.3.3/lib/ruby/site_ruby/3.3.0/bundler/vendor/thor/lib/thor.rb:527:in `dispatch'
	from /home/deploy/.asdf/installs/ruby/3.3.3/lib/ruby/site_ruby/3.3.0/bundler/cli.rb:35:in `dispatch'
	from /home/deploy/.asdf/installs/ruby/3.3.3/lib/ruby/site_ruby/3.3.0/bundler/vendor/thor/lib/thor/base.rb:584:in `start'
	from /home/deploy/.asdf/installs/ruby/3.3.3/lib/ruby/site_ruby/3.3.0/bundler/cli.rb:29:in `start'
	from /home/deploy/.asdf/installs/ruby/3.3.3/lib/ruby/gems/3.3.0/gems/bundler-2.5.17/exe/bundle:28:in `block in <top (required)>'
	from /home/deploy/.asdf/installs/ruby/3.3.3/lib/ruby/site_ruby/3.3.0/bundler/friendly_errors.rb:117:in `with_friendly_errors'
	from /home/deploy/.asdf/installs/ruby/3.3.3/lib/ruby/gems/3.3.0/gems/bundler-2.5.17/exe/bundle:20:in `<top (required)>'
	from /home/deploy/.asdf/installs/ruby/3.3.3/bin/bundle:25:in `load'
	from /home/deploy/.asdf/installs/ruby/3.3.3/bin/bundle:25:in `<main>'
Indexed /home/deploy/eads/nbucc/nbucc_4781.xml (in 62.72 secs).
Loading /home/deploy/eads/nbucc/nbucc_4782.xml into index...
I, [2024-10-01T09:00:46.729485 #2830089]  INFO -- : traject (3.8.2) executing with: `-u http://127.0.0.1:8983/solr/blacklight-core/ -i xml -c /home/deploy/.asdf/installs/ruby/3.3.3/lib/ruby/gems/3.3.0/gems/arclight-1.4.0/lib/arclight/traject/ead2_config.rb /home/deploy/eads/nbucc/nbucc_4782.xml`
I, [2024-10-01T09:00:46.729890 #2830089]  INFO -- : Reading from /home/deploy/eads/nbucc/nbucc_4782.xml
D, [2024-10-01T09:00:46.730157 #2830089] DEBUG -- : beginning Traject::Indexer#process with settings: {"solr.url"=>"http://127.0.0.1:8983/solr/blacklight-core/", "component_traject_config"=>"/home/deploy/.asdf/installs/ruby/3.3.3/lib/ruby/gems/3.3.0/gems/arclight-1.4.0/lib/arclight/traject/ead2_component_config.rb", "id_normalizer"=>"Arclight::NormalizedId", "date_normalizer"=>"Arclight::NormalizedDate", "title_normalizer"=>"Arclight::NormalizedTitle", "reader_class_name"=>"Arclight::Traject::NokogiriNamespacelessReader", "solr_writer.commit_on_close"=>"true", "repository"=>"nbucc", "logger"=>#<Logger:0x0000f8baef3d3440 @level=0, @progname=nil, @default_formatter=#<Logger::Formatter:0x0000f8baef3d3080 @datetime_format=nil>, @formatter=nil, @logdev=#<Logger::LogDevice:0x0000f8baef9f98d8 @shift_period_suffix=nil, @shift_size=nil, @shift_age=nil, @filename=nil, @dev=#<IO:<STDERR>>, @binmode=false, @reraise_write_errors=[], @mon_data=#<Monitor:0x0000f8baef3d2c20>, @mon_data_owner_object_id=4300>, @level_override={}>, "command_line.filename"=>"/home/deploy/eads/nbucc/nbucc_4782.xml", "writer_class_name"=>"Traject::SolrJsonWriter", "solr_writer.batch_size"=>100, "solr_writer.thread_pool"=>1, "processing_thread_pool"=>1, "log.batch_size.severity"=>"info", "allow_nil_values"=>false, "allow_duplicate_values"=>true, "allow_empty_fields"=>false}
I, [2024-10-01T09:00:46.769967 #2830089]  INFO -- :    Traject::SolrJsonWriter writing to 'http://127.0.0.1:8983/solr/blacklight-core/update/json' in batches of 100 with 1 bg threads
I, [2024-10-01T09:00:46.770038 #2830089]  INFO -- :    Traject::Indexer with 1 processing threads, reader: Arclight::Traject::NokogiriNamespacelessReader and writer: Traject::SolrJsonWriter
D, [2024-10-01T09:00:46.771052 #2830089] DEBUG -- : Shutting down #processing mapper threadpool...
D, [2024-10-01T09:00:46.790544 #2830089] DEBUG -- : #processing mapper threadpool shutdown complete.
D, [2024-10-01T09:00:46.790817 #2830089] DEBUG -- : Traject::SolrJsonWriter: Shutting down thread pool, waiting if needed...
D, [2024-10-01T09:00:46.790894 #2830089] DEBUG -- : Traject::SolrJsonWriter: sending batch of 1 to Solr
D, [2024-10-01T09:00:46.799875 #2830089] DEBUG -- : Traject::SolrJsonWriter: Thread pool shutdown complete
I, [2024-10-01T09:00:46.799961 #2830089]  INFO -- : Traject::SolrJsonWriter sending commit to solr at url http://127.0.0.1:8983/solr/blacklight-core/update/json...
F, [2024-10-01T09:01:46.801165 #2830089] FATAL -- : Traject::CommandLine: Unexpected exception, terminating execution:     Exception: HTTPClient::ReceiveTimeoutError: execution expired
    /home/deploy/.asdf/installs/ruby/3.3.3/lib/ruby/gems/3.3.0/gems/httpclient-2.8.3/lib/httpclient/session.rb:805:in `gets'

bundler: failed to load command: traject (/home/deploy/.asdf/installs/ruby/3.3.3/bin/traject)
/home/deploy/.asdf/installs/ruby/3.3.3/lib/ruby/gems/3.3.0/gems/httpclient-2.8.3/lib/httpclient/session.rb:805:in `gets': execution expired (HTTPClient::ReceiveTimeoutError)
	from /home/deploy/.asdf/installs/ruby/3.3.3/lib/ruby/gems/3.3.0/gems/httpclient-2.8.3/lib/httpclient/session.rb:805:in `block in parse_header'
	from /home/deploy/.asdf/installs/ruby/3.3.3/lib/ruby/gems/3.3.0/gems/timeout-0.4.1/lib/timeout.rb:186:in `block in timeout'
	from /home/deploy/.asdf/installs/ruby/3.3.3/lib/ruby/gems/3.3.0/gems/timeout-0.4.1/lib/timeout.rb:193:in `timeout'
	from /home/deploy/.asdf/installs/ruby/3.3.3/lib/ruby/gems/3.3.0/gems/httpclient-2.8.3/lib/httpclient/session.rb:801:in `parse_header'
	from /home/deploy/.asdf/installs/ruby/3.3.3/lib/ruby/gems/3.3.0/gems/httpclient-2.8.3/lib/httpclient/session.rb:784:in `read_header'
	from /home/deploy/.asdf/installs/ruby/3.3.3/lib/ruby/gems/3.3.0/gems/httpclient-2.8.3/lib/httpclient/session.rb:561:in `get_header'
	from /home/deploy/.asdf/installs/ruby/3.3.3/lib/ruby/gems/3.3.0/gems/httpclient-2.8.3/lib/httpclient.rb:1299:in `do_get_header'
	from /home/deploy/.asdf/installs/ruby/3.3.3/lib/ruby/gems/3.3.0/gems/httpclient-2.8.3/lib/httpclient.rb:1245:in `do_get_block'
	from /home/deploy/.asdf/installs/ruby/3.3.3/lib/ruby/gems/3.3.0/gems/httpclient-2.8.3/lib/httpclient.rb:1019:in `block in do_request'
	from /home/deploy/.asdf/installs/ruby/3.3.3/lib/ruby/gems/3.3.0/gems/httpclient-2.8.3/lib/httpclient.rb:1133:in `protect_keep_alive_disconnected'
	from /home/deploy/.asdf/installs/ruby/3.3.3/lib/ruby/gems/3.3.0/gems/httpclient-2.8.3/lib/httpclient.rb:1014:in `do_request'
	from /home/deploy/.asdf/installs/ruby/3.3.3/lib/ruby/gems/3.3.0/gems/httpclient-2.8.3/lib/httpclient.rb:856:in `request'
	from /home/deploy/.asdf/installs/ruby/3.3.3/lib/ruby/gems/3.3.0/gems/httpclient-2.8.3/lib/httpclient.rb:743:in `get'
	from /home/deploy/.asdf/installs/ruby/3.3.3/lib/ruby/gems/3.3.0/gems/traject-3.8.2/lib/traject/solr_json_writer.rb:370:in `commit'
	from /home/deploy/.asdf/installs/ruby/3.3.3/lib/ruby/gems/3.3.0/gems/traject-3.8.2/lib/traject/solr_json_writer.rb:339:in `close'
	from /home/deploy/.asdf/installs/ruby/3.3.3/lib/ruby/gems/3.3.0/gems/traject-3.8.2/lib/traject/indexer.rb:638:in `complete'
	from /home/deploy/.asdf/installs/ruby/3.3.3/lib/ruby/gems/3.3.0/gems/traject-3.8.2/lib/traject/indexer.rb:607:in `process'
	from /home/deploy/.asdf/installs/ruby/3.3.3/lib/ruby/gems/3.3.0/gems/traject-3.8.2/lib/traject/command_line.rb:73:in `execute'
	from /home/deploy/.asdf/installs/ruby/3.3.3/lib/ruby/gems/3.3.0/gems/traject-3.8.2/bin/traject:14:in `<top (required)>'
	from /home/deploy/.asdf/installs/ruby/3.3.3/bin/traject:25:in `load'
	from /home/deploy/.asdf/installs/ruby/3.3.3/bin/traject:25:in `<top (required)>'
	from /home/deploy/.asdf/installs/ruby/3.3.3/lib/ruby/site_ruby/3.3.0/bundler/cli/exec.rb:58:in `load'
	from /home/deploy/.asdf/installs/ruby/3.3.3/lib/ruby/site_ruby/3.3.0/bundler/cli/exec.rb:58:in `kernel_load'
	from /home/deploy/.asdf/installs/ruby/3.3.3/lib/ruby/site_ruby/3.3.0/bundler/cli/exec.rb:23:in `run'
	from /home/deploy/.asdf/installs/ruby/3.3.3/lib/ruby/site_ruby/3.3.0/bundler/cli.rb:455:in `exec'
	from /home/deploy/.asdf/installs/ruby/3.3.3/lib/ruby/site_ruby/3.3.0/bundler/vendor/thor/lib/thor/command.rb:28:in `run'
	from /home/deploy/.asdf/installs/ruby/3.3.3/lib/ruby/site_ruby/3.3.0/bundler/vendor/thor/lib/thor/invocation.rb:127:in `invoke_command'
	from /home/deploy/.asdf/installs/ruby/3.3.3/lib/ruby/site_ruby/3.3.0/bundler/vendor/thor/lib/thor.rb:527:in `dispatch'
	from /home/deploy/.asdf/installs/ruby/3.3.3/lib/ruby/site_ruby/3.3.0/bundler/cli.rb:35:in `dispatch'
	from /home/deploy/.asdf/installs/ruby/3.3.3/lib/ruby/site_ruby/3.3.0/bundler/vendor/thor/lib/thor/base.rb:584:in `start'
	from /home/deploy/.asdf/installs/ruby/3.3.3/lib/ruby/site_ruby/3.3.0/bundler/cli.rb:29:in `start'
	from /home/deploy/.asdf/installs/ruby/3.3.3/lib/ruby/gems/3.3.0/gems/bundler-2.5.17/exe/bundle:28:in `block in <top (required)>'
	from /home/deploy/.asdf/installs/ruby/3.3.3/lib/ruby/site_ruby/3.3.0/bundler/friendly_errors.rb:117:in `with_friendly_errors'
	from /home/deploy/.asdf/installs/ruby/3.3.3/lib/ruby/gems/3.3.0/gems/bundler-2.5.17/exe/bundle:20:in `<top (required)>'
	from /home/deploy/.asdf/installs/ruby/3.3.3/bin/bundle:25:in `load'
	from /home/deploy/.asdf/installs/ruby/3.3.3/bin/bundle:25:in `<main>'
Indexed /home/deploy/eads/nbucc/nbucc_4782.xml (in 62.061 secs).
Loading /home/deploy/eads/nbucc/nbucc_4781.xml into index...
I, [2024-10-01T10:02:18.665488 #2835874]  INFO -- : traject (3.8.2) executing with: `-u http://127.0.0.1:8983/solr/blacklight-core/ -i xml -c /home/deploy/.asdf/installs/ruby/3.3.3/lib/ruby/gems/3.3.0/gems/arclight-1.4.0/lib/arclight/traject/ead2_config.rb /home/deploy/eads/nbucc/nbucc_4781.xml`
I, [2024-10-01T10:02:18.665896 #2835874]  INFO -- : Reading from /home/deploy/eads/nbucc/nbucc_4781.xml
D, [2024-10-01T10:02:18.666193 #2835874] DEBUG -- : beginning Traject::Indexer#process with settings: {"solr.url"=>"http://127.0.0.1:8983/solr/blacklight-core/", "component_traject_config"=>"/home/deploy/.asdf/installs/ruby/3.3.3/lib/ruby/gems/3.3.0/gems/arclight-1.4.0/lib/arclight/traject/ead2_component_config.rb", "id_normalizer"=>"Arclight::NormalizedId", "date_normalizer"=>"Arclight::NormalizedDate", "title_normalizer"=>"Arclight::NormalizedTitle", "reader_class_name"=>"Arclight::Traject::NokogiriNamespacelessReader", "solr_writer.commit_on_close"=>"true", "repository"=>"nbucc", "logger"=>#<Logger:0x0000fb765dc266e8 @level=0, @progname=nil, @default_formatter=#<Logger::Formatter:0x0000fb765dc26468 @datetime_format=nil>, @formatter=nil, @logdev=#<Logger::LogDevice:0x0000fb765e2c4f18 @shift_period_suffix=nil, @shift_size=nil, @shift_age=nil, @filename=nil, @dev=#<IO:<STDERR>>, @binmode=false, @reraise_write_errors=[], @mon_data=#<Monitor:0x0000fb765dc26008>, @mon_data_owner_object_id=4300>, @level_override={}>, "command_line.filename"=>"/home/deploy/eads/nbucc/nbucc_4781.xml", "writer_class_name"=>"Traject::SolrJsonWriter", "solr_writer.batch_size"=>100, "solr_writer.thread_pool"=>1, "processing_thread_pool"=>1, "log.batch_size.severity"=>"info", "allow_nil_values"=>false, "allow_duplicate_values"=>true, "allow_empty_fields"=>false}
I, [2024-10-01T10:02:18.708015 #2835874]  INFO -- :    Traject::SolrJsonWriter writing to 'http://127.0.0.1:8983/solr/blacklight-core/update/json' in batches of 100 with 1 bg threads
I, [2024-10-01T10:02:18.708089 #2835874]  INFO -- :    Traject::Indexer with 1 processing threads, reader: Arclight::Traject::NokogiriNamespacelessReader and writer: Traject::SolrJsonWriter
D, [2024-10-01T10:02:18.709229 #2835874] DEBUG -- : Shutting down #processing mapper threadpool...
D, [2024-10-01T10:02:19.326812 #2835874] DEBUG -- : #processing mapper threadpool shutdown complete.
D, [2024-10-01T10:02:19.327097 #2835874] DEBUG -- : Traject::SolrJsonWriter: Shutting down thread pool, waiting if needed...
D, [2024-10-01T10:02:19.327184 #2835874] DEBUG -- : Traject::SolrJsonWriter: sending batch of 1 to Solr
D, [2024-10-01T10:02:19.337249 #2835874] DEBUG -- : Traject::SolrJsonWriter: Thread pool shutdown complete
I, [2024-10-01T10:02:19.337339 #2835874]  INFO -- : Traject::SolrJsonWriter sending commit to solr at url http://127.0.0.1:8983/solr/blacklight-core/update/json...
F, [2024-10-01T10:03:19.338531 #2835874] FATAL -- : Traject::CommandLine: Unexpected exception, terminating execution:     Exception: HTTPClient::ReceiveTimeoutError: execution expired
    /home/deploy/.asdf/installs/ruby/3.3.3/lib/ruby/gems/3.3.0/gems/httpclient-2.8.3/lib/httpclient/session.rb:805:in `gets'

bundler: failed to load command: traject (/home/deploy/.asdf/installs/ruby/3.3.3/bin/traject)
/home/deploy/.asdf/installs/ruby/3.3.3/lib/ruby/gems/3.3.0/gems/httpclient-2.8.3/lib/httpclient/session.rb:805:in `gets': execution expired (HTTPClient::ReceiveTimeoutError)
	from /home/deploy/.asdf/installs/ruby/3.3.3/lib/ruby/gems/3.3.0/gems/httpclient-2.8.3/lib/httpclient/session.rb:805:in `block in parse_header'
	from /home/deploy/.asdf/installs/ruby/3.3.3/lib/ruby/gems/3.3.0/gems/timeout-0.4.1/lib/timeout.rb:186:in `block in timeout'
	from /home/deploy/.asdf/installs/ruby/3.3.3/lib/ruby/gems/3.3.0/gems/timeout-0.4.1/lib/timeout.rb:193:in `timeout'
	from /home/deploy/.asdf/installs/ruby/3.3.3/lib/ruby/gems/3.3.0/gems/httpclient-2.8.3/lib/httpclient/session.rb:801:in `parse_header'
	from /home/deploy/.asdf/installs/ruby/3.3.3/lib/ruby/gems/3.3.0/gems/httpclient-2.8.3/lib/httpclient/session.rb:784:in `read_header'
	from /home/deploy/.asdf/installs/ruby/3.3.3/lib/ruby/gems/3.3.0/gems/httpclient-2.8.3/lib/httpclient/session.rb:561:in `get_header'
	from /home/deploy/.asdf/installs/ruby/3.3.3/lib/ruby/gems/3.3.0/gems/httpclient-2.8.3/lib/httpclient.rb:1299:in `do_get_header'
	from /home/deploy/.asdf/installs/ruby/3.3.3/lib/ruby/gems/3.3.0/gems/httpclient-2.8.3/lib/httpclient.rb:1245:in `do_get_block'
	from /home/deploy/.asdf/installs/ruby/3.3.3/lib/ruby/gems/3.3.0/gems/httpclient-2.8.3/lib/httpclient.rb:1019:in `block in do_request'
	from /home/deploy/.asdf/installs/ruby/3.3.3/lib/ruby/gems/3.3.0/gems/httpclient-2.8.3/lib/httpclient.rb:1133:in `protect_keep_alive_disconnected'
	from /home/deploy/.asdf/installs/ruby/3.3.3/lib/ruby/gems/3.3.0/gems/httpclient-2.8.3/lib/httpclient.rb:1014:in `do_request'
	from /home/deploy/.asdf/installs/ruby/3.3.3/lib/ruby/gems/3.3.0/gems/httpclient-2.8.3/lib/httpclient.rb:856:in `request'
	from /home/deploy/.asdf/installs/ruby/3.3.3/lib/ruby/gems/3.3.0/gems/httpclient-2.8.3/lib/httpclient.rb:743:in `get'
	from /home/deploy/.asdf/installs/ruby/3.3.3/lib/ruby/gems/3.3.0/gems/traject-3.8.2/lib/traject/solr_json_writer.rb:370:in `commit'
	from /home/deploy/.asdf/installs/ruby/3.3.3/lib/ruby/gems/3.3.0/gems/traject-3.8.2/lib/traject/solr_json_writer.rb:339:in `close'
	from /home/deploy/.asdf/installs/ruby/3.3.3/lib/ruby/gems/3.3.0/gems/traject-3.8.2/lib/traject/indexer.rb:638:in `complete'
	from /home/deploy/.asdf/installs/ruby/3.3.3/lib/ruby/gems/3.3.0/gems/traject-3.8.2/lib/traject/indexer.rb:607:in `process'
	from /home/deploy/.asdf/installs/ruby/3.3.3/lib/ruby/gems/3.3.0/gems/traject-3.8.2/lib/traject/command_line.rb:73:in `execute'
	from /home/deploy/.asdf/installs/ruby/3.3.3/lib/ruby/gems/3.3.0/gems/traject-3.8.2/bin/traject:14:in `<top (required)>'
	from /home/deploy/.asdf/installs/ruby/3.3.3/bin/traject:25:in `load'
	from /home/deploy/.asdf/installs/ruby/3.3.3/bin/traject:25:in `<top (required)>'
	from /home/deploy/.asdf/installs/ruby/3.3.3/lib/ruby/site_ruby/3.3.0/bundler/cli/exec.rb:58:in `load'
	from /home/deploy/.asdf/installs/ruby/3.3.3/lib/ruby/site_ruby/3.3.0/bundler/cli/exec.rb:58:in `kernel_load'
	from /home/deploy/.asdf/installs/ruby/3.3.3/lib/ruby/site_ruby/3.3.0/bundler/cli/exec.rb:23:in `run'
	from /home/deploy/.asdf/installs/ruby/3.3.3/lib/ruby/site_ruby/3.3.0/bundler/cli.rb:455:in `exec'
	from /home/deploy/.asdf/installs/ruby/3.3.3/lib/ruby/site_ruby/3.3.0/bundler/vendor/thor/lib/thor/command.rb:28:in `run'
	from /home/deploy/.asdf/installs/ruby/3.3.3/lib/ruby/site_ruby/3.3.0/bundler/vendor/thor/lib/thor/invocation.rb:127:in `invoke_command'
	from /home/deploy/.asdf/installs/ruby/3.3.3/lib/ruby/site_ruby/3.3.0/bundler/vendor/thor/lib/thor.rb:527:in `dispatch'
	from /home/deploy/.asdf/installs/ruby/3.3.3/lib/ruby/site_ruby/3.3.0/bundler/cli.rb:35:in `dispatch'
	from /home/deploy/.asdf/installs/ruby/3.3.3/lib/ruby/site_ruby/3.3.0/bundler/vendor/thor/lib/thor/base.rb:584:in `start'
	from /home/deploy/.asdf/installs/ruby/3.3.3/lib/ruby/site_ruby/3.3.0/bundler/cli.rb:29:in `start'
	from /home/deploy/.asdf/installs/ruby/3.3.3/lib/ruby/gems/3.3.0/gems/bundler-2.5.17/exe/bundle:28:in `block in <top (required)>'
	from /home/deploy/.asdf/installs/ruby/3.3.3/lib/ruby/site_ruby/3.3.0/bundler/friendly_errors.rb:117:in `with_friendly_errors'
	from /home/deploy/.asdf/installs/ruby/3.3.3/lib/ruby/gems/3.3.0/gems/bundler-2.5.17/exe/bundle:20:in `<top (required)>'
	from /home/deploy/.asdf/installs/ruby/3.3.3/bin/bundle:25:in `load'
	from /home/deploy/.asdf/installs/ruby/3.3.3/bin/bundle:25:in `<main>'
Indexed /home/deploy/eads/nbucc/nbucc_4781.xml (in 62.554 secs).
Loading /home/deploy/eads/nbucc/nbucc_4782.xml into index...
I, [2024-10-01T10:03:23.685729 #2836044]  INFO -- : traject (3.8.2) executing with: `-u http://127.0.0.1:8983/solr/blacklight-core/ -i xml -c /home/deploy/.asdf/installs/ruby/3.3.3/lib/ruby/gems/3.3.0/gems/arclight-1.4.0/lib/arclight/traject/ead2_config.rb /home/deploy/eads/nbucc/nbucc_4782.xml`
I, [2024-10-01T10:03:23.686122 #2836044]  INFO -- : Reading from /home/deploy/eads/nbucc/nbucc_4782.xml
D, [2024-10-01T10:03:23.686387 #2836044] DEBUG -- : beginning Traject::Indexer#process with settings: {"solr.url"=>"http://127.0.0.1:8983/solr/blacklight-core/", "component_traject_config"=>"/home/deploy/.asdf/installs/ruby/3.3.3/lib/ruby/gems/3.3.0/gems/arclight-1.4.0/lib/arclight/traject/ead2_component_config.rb", "id_normalizer"=>"Arclight::NormalizedId", "date_normalizer"=>"Arclight::NormalizedDate", "title_normalizer"=>"Arclight::NormalizedTitle", "reader_class_name"=>"Arclight::Traject::NokogiriNamespacelessReader", "solr_writer.commit_on_close"=>"true", "repository"=>"nbucc", "logger"=>#<Logger:0x0000f3d5d6069f28 @level=0, @progname=nil, @default_formatter=#<Logger::Formatter:0x0000f3d5d6069398 @datetime_format=nil>, @formatter=nil, @logdev=#<Logger::LogDevice:0x0000f3d5d61f33a8 @shift_period_suffix=nil, @shift_size=nil, @shift_age=nil, @filename=nil, @dev=#<IO:<STDERR>>, @binmode=false, @reraise_write_errors=[], @mon_data=#<Monitor:0x0000f3d5d6068920>, @mon_data_owner_object_id=4300>, @level_override={}>, "command_line.filename"=>"/home/deploy/eads/nbucc/nbucc_4782.xml", "writer_class_name"=>"Traject::SolrJsonWriter", "solr_writer.batch_size"=>100, "solr_writer.thread_pool"=>1, "processing_thread_pool"=>1, "log.batch_size.severity"=>"info", "allow_nil_values"=>false, "allow_duplicate_values"=>true, "allow_empty_fields"=>false}
I, [2024-10-01T10:03:23.724813 #2836044]  INFO -- :    Traject::SolrJsonWriter writing to 'http://127.0.0.1:8983/solr/blacklight-core/update/json' in batches of 100 with 1 bg threads
I, [2024-10-01T10:03:23.724892 #2836044]  INFO -- :    Traject::Indexer with 1 processing threads, reader: Arclight::Traject::NokogiriNamespacelessReader and writer: Traject::SolrJsonWriter
D, [2024-10-01T10:03:23.726467 #2836044] DEBUG -- : Shutting down #processing mapper threadpool...
D, [2024-10-01T10:03:23.741786 #2836044] DEBUG -- : #processing mapper threadpool shutdown complete.
D, [2024-10-01T10:03:23.742050 #2836044] DEBUG -- : Traject::SolrJsonWriter: Shutting down thread pool, waiting if needed...
D, [2024-10-01T10:03:23.742130 #2836044] DEBUG -- : Traject::SolrJsonWriter: sending batch of 1 to Solr
D, [2024-10-01T10:03:23.750533 #2836044] DEBUG -- : Traject::SolrJsonWriter: Thread pool shutdown complete
I, [2024-10-01T10:03:23.750622 #2836044]  INFO -- : Traject::SolrJsonWriter sending commit to solr at url http://127.0.0.1:8983/solr/blacklight-core/update/json...
F, [2024-10-01T10:04:23.751816 #2836044] FATAL -- : Traject::CommandLine: Unexpected exception, terminating execution:     Exception: HTTPClient::ReceiveTimeoutError: execution expired
    /home/deploy/.asdf/installs/ruby/3.3.3/lib/ruby/gems/3.3.0/gems/httpclient-2.8.3/lib/httpclient/session.rb:805:in `gets'

bundler: failed to load command: traject (/home/deploy/.asdf/installs/ruby/3.3.3/bin/traject)
/home/deploy/.asdf/installs/ruby/3.3.3/lib/ruby/gems/3.3.0/gems/httpclient-2.8.3/lib/httpclient/session.rb:805:in `gets': execution expired (HTTPClient::ReceiveTimeoutError)
	from /home/deploy/.asdf/installs/ruby/3.3.3/lib/ruby/gems/3.3.0/gems/httpclient-2.8.3/lib/httpclient/session.rb:805:in `block in parse_header'
	from /home/deploy/.asdf/installs/ruby/3.3.3/lib/ruby/gems/3.3.0/gems/timeout-0.4.1/lib/timeout.rb:186:in `block in timeout'
	from /home/deploy/.asdf/installs/ruby/3.3.3/lib/ruby/gems/3.3.0/gems/timeout-0.4.1/lib/timeout.rb:193:in `timeout'
	from /home/deploy/.asdf/installs/ruby/3.3.3/lib/ruby/gems/3.3.0/gems/httpclient-2.8.3/lib/httpclient/session.rb:801:in `parse_header'
	from /home/deploy/.asdf/installs/ruby/3.3.3/lib/ruby/gems/3.3.0/gems/httpclient-2.8.3/lib/httpclient/session.rb:784:in `read_header'
	from /home/deploy/.asdf/installs/ruby/3.3.3/lib/ruby/gems/3.3.0/gems/httpclient-2.8.3/lib/httpclient/session.rb:561:in `get_header'
	from /home/deploy/.asdf/installs/ruby/3.3.3/lib/ruby/gems/3.3.0/gems/httpclient-2.8.3/lib/httpclient.rb:1299:in `do_get_header'
	from /home/deploy/.asdf/installs/ruby/3.3.3/lib/ruby/gems/3.3.0/gems/httpclient-2.8.3/lib/httpclient.rb:1245:in `do_get_block'
	from /home/deploy/.asdf/installs/ruby/3.3.3/lib/ruby/gems/3.3.0/gems/httpclient-2.8.3/lib/httpclient.rb:1019:in `block in do_request'
	from /home/deploy/.asdf/installs/ruby/3.3.3/lib/ruby/gems/3.3.0/gems/httpclient-2.8.3/lib/httpclient.rb:1133:in `protect_keep_alive_disconnected'
	from /home/deploy/.asdf/installs/ruby/3.3.3/lib/ruby/gems/3.3.0/gems/httpclient-2.8.3/lib/httpclient.rb:1014:in `do_request'
	from /home/deploy/.asdf/installs/ruby/3.3.3/lib/ruby/gems/3.3.0/gems/httpclient-2.8.3/lib/httpclient.rb:856:in `request'
	from /home/deploy/.asdf/installs/ruby/3.3.3/lib/ruby/gems/3.3.0/gems/httpclient-2.8.3/lib/httpclient.rb:743:in `get'
	from /home/deploy/.asdf/installs/ruby/3.3.3/lib/ruby/gems/3.3.0/gems/traject-3.8.2/lib/traject/solr_json_writer.rb:370:in `commit'
	from /home/deploy/.asdf/installs/ruby/3.3.3/lib/ruby/gems/3.3.0/gems/traject-3.8.2/lib/traject/solr_json_writer.rb:339:in `close'
	from /home/deploy/.asdf/installs/ruby/3.3.3/lib/ruby/gems/3.3.0/gems/traject-3.8.2/lib/traject/indexer.rb:638:in `complete'
	from /home/deploy/.asdf/installs/ruby/3.3.3/lib/ruby/gems/3.3.0/gems/traject-3.8.2/lib/traject/indexer.rb:607:in `process'
	from /home/deploy/.asdf/installs/ruby/3.3.3/lib/ruby/gems/3.3.0/gems/traject-3.8.2/lib/traject/command_line.rb:73:in `execute'
	from /home/deploy/.asdf/installs/ruby/3.3.3/lib/ruby/gems/3.3.0/gems/traject-3.8.2/bin/traject:14:in `<top (required)>'
	from /home/deploy/.asdf/installs/ruby/3.3.3/bin/traject:25:in `load'
	from /home/deploy/.asdf/installs/ruby/3.3.3/bin/traject:25:in `<top (required)>'
	from /home/deploy/.asdf/installs/ruby/3.3.3/lib/ruby/site_ruby/3.3.0/bundler/cli/exec.rb:58:in `load'
	from /home/deploy/.asdf/installs/ruby/3.3.3/lib/ruby/site_ruby/3.3.0/bundler/cli/exec.rb:58:in `kernel_load'
	from /home/deploy/.asdf/installs/ruby/3.3.3/lib/ruby/site_ruby/3.3.0/bundler/cli/exec.rb:23:in `run'
	from /home/deploy/.asdf/installs/ruby/3.3.3/lib/ruby/site_ruby/3.3.0/bundler/cli.rb:455:in `exec'
	from /home/deploy/.asdf/installs/ruby/3.3.3/lib/ruby/site_ruby/3.3.0/bundler/vendor/thor/lib/thor/command.rb:28:in `run'
	from /home/deploy/.asdf/installs/ruby/3.3.3/lib/ruby/site_ruby/3.3.0/bundler/vendor/thor/lib/thor/invocation.rb:127:in `invoke_command'
	from /home/deploy/.asdf/installs/ruby/3.3.3/lib/ruby/site_ruby/3.3.0/bundler/vendor/thor/lib/thor.rb:527:in `dispatch'
	from /home/deploy/.asdf/installs/ruby/3.3.3/lib/ruby/site_ruby/3.3.0/bundler/cli.rb:35:in `dispatch'
	from /home/deploy/.asdf/installs/ruby/3.3.3/lib/ruby/site_ruby/3.3.0/bundler/vendor/thor/lib/thor/base.rb:584:in `start'
	from /home/deploy/.asdf/installs/ruby/3.3.3/lib/ruby/site_ruby/3.3.0/bundler/cli.rb:29:in `start'
	from /home/deploy/.asdf/installs/ruby/3.3.3/lib/ruby/gems/3.3.0/gems/bundler-2.5.17/exe/bundle:28:in `block in <top (required)>'
	from /home/deploy/.asdf/installs/ruby/3.3.3/lib/ruby/site_ruby/3.3.0/bundler/friendly_errors.rb:117:in `with_friendly_errors'
	from /home/deploy/.asdf/installs/ruby/3.3.3/lib/ruby/gems/3.3.0/gems/bundler-2.5.17/exe/bundle:20:in `<top (required)>'
	from /home/deploy/.asdf/installs/ruby/3.3.3/bin/bundle:25:in `load'
	from /home/deploy/.asdf/installs/ruby/3.3.3/bin/bundle:25:in `<main>'
Indexed /home/deploy/eads/nbucc/nbucc_4782.xml (in 61.975 secs).
