/home/deploy/scripts/harvest/archipelago/daily_harvest.sh: line 47: parallel: command not found
Loading /home/deploy/eads/nncm/nncm_3683.xml into index...
I, [2024-09-10T10:56:08.059537 #1164083]  INFO -- : traject (3.8.2) executing with: `-u http://127.0.0.1:8983/solr/blacklight-core/ -i xml -c /home/deploy/.asdf/installs/ruby/3.3.3/lib/ruby/gems/3.3.0/gems/arclight-1.4.0/lib/arclight/traject/ead2_config.rb /home/deploy/eads/nncm/nncm_3683.xml`
I, [2024-09-10T10:56:08.059943 #1164083]  INFO -- : Reading from /home/deploy/eads/nncm/nncm_3683.xml
D, [2024-09-10T10:56:08.060211 #1164083] DEBUG -- : beginning Traject::Indexer#process with settings: {"solr.url"=>"http://127.0.0.1:8983/solr/blacklight-core/", "component_traject_config"=>"/home/deploy/.asdf/installs/ruby/3.3.3/lib/ruby/gems/3.3.0/gems/arclight-1.4.0/lib/arclight/traject/ead2_component_config.rb", "id_normalizer"=>"Arclight::NormalizedId", "date_normalizer"=>"Arclight::NormalizedDate", "title_normalizer"=>"Arclight::NormalizedTitle", "reader_class_name"=>"Arclight::Traject::NokogiriNamespacelessReader", "solr_writer.commit_on_close"=>"true", "repository"=>"nncm", "logger"=>#<Logger:0x0000fa4e73cfdae8 @level=0, @progname=nil, @default_formatter=#<Logger::Formatter:0x0000fa4e73cfd7f0 @datetime_format=nil>, @formatter=nil, @logdev=#<Logger::LogDevice:0x0000fa4e74377a90 @shift_period_suffix=nil, @shift_size=nil, @shift_age=nil, @filename=nil, @dev=#<IO:<STDERR>>, @binmode=false, @reraise_write_errors=[], @mon_data=#<Monitor:0x0000fa4e73cfd408>, @mon_data_owner_object_id=4300>, @level_override={}>, "command_line.filename"=>"/home/deploy/eads/nncm/nncm_3683.xml", "writer_class_name"=>"Traject::SolrJsonWriter", "solr_writer.batch_size"=>100, "solr_writer.thread_pool"=>1, "processing_thread_pool"=>1, "log.batch_size.severity"=>"info", "allow_nil_values"=>false, "allow_duplicate_values"=>true, "allow_empty_fields"=>false}
I, [2024-09-10T10:56:08.102123 #1164083]  INFO -- :    Traject::SolrJsonWriter writing to 'http://127.0.0.1:8983/solr/blacklight-core/update/json' in batches of 100 with 1 bg threads
I, [2024-09-10T10:56:08.102200 #1164083]  INFO -- :    Traject::Indexer with 1 processing threads, reader: Arclight::Traject::NokogiriNamespacelessReader and writer: Traject::SolrJsonWriter
D, [2024-09-10T10:56:08.103127 #1164083] DEBUG -- : Shutting down #processing mapper threadpool...
D, [2024-09-10T10:56:08.120513 #1164083] DEBUG -- : #processing mapper threadpool shutdown complete.
D, [2024-09-10T10:56:08.120809 #1164083] DEBUG -- : Traject::SolrJsonWriter: Shutting down thread pool, waiting if needed...
D, [2024-09-10T10:56:08.120897 #1164083] DEBUG -- : Traject::SolrJsonWriter: sending batch of 1 to Solr
D, [2024-09-10T10:56:08.127909 #1164083] DEBUG -- : Traject::SolrJsonWriter: Thread pool shutdown complete
I, [2024-09-10T10:56:08.127989 #1164083]  INFO -- : Traject::SolrJsonWriter sending commit to solr at url http://127.0.0.1:8983/solr/blacklight-core/update/json...
F, [2024-09-10T10:57:08.129137 #1164083] FATAL -- : Traject::CommandLine: Unexpected exception, terminating execution:     Exception: HTTPClient::ReceiveTimeoutError: execution expired
    /home/deploy/.asdf/installs/ruby/3.3.3/lib/ruby/gems/3.3.0/gems/httpclient-2.8.3/lib/httpclient/session.rb:805:in `gets'

bundler: failed to load command: traject (/home/deploy/.asdf/installs/ruby/3.3.3/bin/traject)
/home/deploy/.asdf/installs/ruby/3.3.3/lib/ruby/gems/3.3.0/gems/httpclient-2.8.3/lib/httpclient/session.rb:805:in `gets': execution expired (HTTPClient::ReceiveTimeoutError)
	from /home/deploy/.asdf/installs/ruby/3.3.3/lib/ruby/gems/3.3.0/gems/httpclient-2.8.3/lib/httpclient/session.rb:805:in `block in parse_header'
	from /home/deploy/.asdf/installs/ruby/3.3.3/lib/ruby/gems/3.3.0/gems/timeout-0.4.1/lib/timeout.rb:186:in `block in timeout'
	from /home/deploy/.asdf/installs/ruby/3.3.3/lib/ruby/gems/3.3.0/gems/timeout-0.4.1/lib/timeout.rb:193:in `timeout'
	from /home/deploy/.asdf/installs/ruby/3.3.3/lib/ruby/gems/3.3.0/gems/httpclient-2.8.3/lib/httpclient/session.rb:801:in `parse_header'
	from /home/deploy/.asdf/installs/ruby/3.3.3/lib/ruby/gems/3.3.0/gems/httpclient-2.8.3/lib/httpclient/session.rb:784:in `read_header'
	from /home/deploy/.asdf/installs/ruby/3.3.3/lib/ruby/gems/3.3.0/gems/httpclient-2.8.3/lib/httpclient/session.rb:561:in `get_header'
	from /home/deploy/.asdf/installs/ruby/3.3.3/lib/ruby/gems/3.3.0/gems/httpclient-2.8.3/lib/httpclient.rb:1299:in `do_get_header'
	from /home/deploy/.asdf/installs/ruby/3.3.3/lib/ruby/gems/3.3.0/gems/httpclient-2.8.3/lib/httpclient.rb:1245:in `do_get_block'
	from /home/deploy/.asdf/installs/ruby/3.3.3/lib/ruby/gems/3.3.0/gems/httpclient-2.8.3/lib/httpclient.rb:1019:in `block in do_request'
	from /home/deploy/.asdf/installs/ruby/3.3.3/lib/ruby/gems/3.3.0/gems/httpclient-2.8.3/lib/httpclient.rb:1133:in `protect_keep_alive_disconnected'
	from /home/deploy/.asdf/installs/ruby/3.3.3/lib/ruby/gems/3.3.0/gems/httpclient-2.8.3/lib/httpclient.rb:1014:in `do_request'
	from /home/deploy/.asdf/installs/ruby/3.3.3/lib/ruby/gems/3.3.0/gems/httpclient-2.8.3/lib/httpclient.rb:856:in `request'
	from /home/deploy/.asdf/installs/ruby/3.3.3/lib/ruby/gems/3.3.0/gems/httpclient-2.8.3/lib/httpclient.rb:743:in `get'
	from /home/deploy/.asdf/installs/ruby/3.3.3/lib/ruby/gems/3.3.0/gems/traject-3.8.2/lib/traject/solr_json_writer.rb:370:in `commit'
	from /home/deploy/.asdf/installs/ruby/3.3.3/lib/ruby/gems/3.3.0/gems/traject-3.8.2/lib/traject/solr_json_writer.rb:339:in `close'
	from /home/deploy/.asdf/installs/ruby/3.3.3/lib/ruby/gems/3.3.0/gems/traject-3.8.2/lib/traject/indexer.rb:638:in `complete'
	from /home/deploy/.asdf/installs/ruby/3.3.3/lib/ruby/gems/3.3.0/gems/traject-3.8.2/lib/traject/indexer.rb:607:in `process'
	from /home/deploy/.asdf/installs/ruby/3.3.3/lib/ruby/gems/3.3.0/gems/traject-3.8.2/lib/traject/command_line.rb:73:in `execute'
	from /home/deploy/.asdf/installs/ruby/3.3.3/lib/ruby/gems/3.3.0/gems/traject-3.8.2/bin/traject:14:in `<top (required)>'
	from /home/deploy/.asdf/installs/ruby/3.3.3/bin/traject:25:in `load'
	from /home/deploy/.asdf/installs/ruby/3.3.3/bin/traject:25:in `<top (required)>'
	from /home/deploy/.asdf/installs/ruby/3.3.3/lib/ruby/site_ruby/3.3.0/bundler/cli/exec.rb:58:in `load'
	from /home/deploy/.asdf/installs/ruby/3.3.3/lib/ruby/site_ruby/3.3.0/bundler/cli/exec.rb:58:in `kernel_load'
	from /home/deploy/.asdf/installs/ruby/3.3.3/lib/ruby/site_ruby/3.3.0/bundler/cli/exec.rb:23:in `run'
	from /home/deploy/.asdf/installs/ruby/3.3.3/lib/ruby/site_ruby/3.3.0/bundler/cli.rb:455:in `exec'
	from /home/deploy/.asdf/installs/ruby/3.3.3/lib/ruby/site_ruby/3.3.0/bundler/vendor/thor/lib/thor/command.rb:28:in `run'
	from /home/deploy/.asdf/installs/ruby/3.3.3/lib/ruby/site_ruby/3.3.0/bundler/vendor/thor/lib/thor/invocation.rb:127:in `invoke_command'
	from /home/deploy/.asdf/installs/ruby/3.3.3/lib/ruby/site_ruby/3.3.0/bundler/vendor/thor/lib/thor.rb:527:in `dispatch'
	from /home/deploy/.asdf/installs/ruby/3.3.3/lib/ruby/site_ruby/3.3.0/bundler/cli.rb:35:in `dispatch'
	from /home/deploy/.asdf/installs/ruby/3.3.3/lib/ruby/site_ruby/3.3.0/bundler/vendor/thor/lib/thor/base.rb:584:in `start'
	from /home/deploy/.asdf/installs/ruby/3.3.3/lib/ruby/site_ruby/3.3.0/bundler/cli.rb:29:in `start'
	from /home/deploy/.asdf/installs/ruby/3.3.3/lib/ruby/gems/3.3.0/gems/bundler-2.5.17/exe/bundle:28:in `block in <top (required)>'
	from /home/deploy/.asdf/installs/ruby/3.3.3/lib/ruby/site_ruby/3.3.0/bundler/friendly_errors.rb:117:in `with_friendly_errors'
	from /home/deploy/.asdf/installs/ruby/3.3.3/lib/ruby/gems/3.3.0/gems/bundler-2.5.17/exe/bundle:20:in `<top (required)>'
	from /home/deploy/.asdf/installs/ruby/3.3.3/bin/bundle:25:in `load'
	from /home/deploy/.asdf/installs/ruby/3.3.3/bin/bundle:25:in `<main>'
Indexed /home/deploy/eads/nncm/nncm_3683.xml (in 61.993 secs).
Loading /home/deploy/eads/nncm/nncm_5029.xml into index...
I, [2024-09-10T10:58:22.101218 #1165610]  INFO -- : traject (3.8.2) executing with: `-u http://127.0.0.1:8983/solr/blacklight-core/ -i xml -c /home/deploy/.asdf/installs/ruby/3.3.3/lib/ruby/gems/3.3.0/gems/arclight-1.4.0/lib/arclight/traject/ead2_config.rb /home/deploy/eads/nncm/nncm_5029.xml`
I, [2024-09-10T10:58:22.101617 #1165610]  INFO -- : Reading from /home/deploy/eads/nncm/nncm_5029.xml
D, [2024-09-10T10:58:22.101905 #1165610] DEBUG -- : beginning Traject::Indexer#process with settings: {"solr.url"=>"http://127.0.0.1:8983/solr/blacklight-core/", "component_traject_config"=>"/home/deploy/.asdf/installs/ruby/3.3.3/lib/ruby/gems/3.3.0/gems/arclight-1.4.0/lib/arclight/traject/ead2_component_config.rb", "id_normalizer"=>"Arclight::NormalizedId", "date_normalizer"=>"Arclight::NormalizedDate", "title_normalizer"=>"Arclight::NormalizedTitle", "reader_class_name"=>"Arclight::Traject::NokogiriNamespacelessReader", "solr_writer.commit_on_close"=>"true", "repository"=>"nncm", "logger"=>#<Logger:0x0000f25d07d00f50 @level=0, @progname=nil, @default_formatter=#<Logger::Formatter:0x0000f25d07d00a78 @datetime_format=nil>, @formatter=nil, @logdev=#<Logger::LogDevice:0x0000f25d083a4ca8 @shift_period_suffix=nil, @shift_size=nil, @shift_age=nil, @filename=nil, @dev=#<IO:<STDERR>>, @binmode=false, @reraise_write_errors=[], @mon_data=#<Monitor:0x0000f25d07d00550>, @mon_data_owner_object_id=4300>, @level_override={}>, "command_line.filename"=>"/home/deploy/eads/nncm/nncm_5029.xml", "writer_class_name"=>"Traject::SolrJsonWriter", "solr_writer.batch_size"=>100, "solr_writer.thread_pool"=>1, "processing_thread_pool"=>1, "log.batch_size.severity"=>"info", "allow_nil_values"=>false, "allow_duplicate_values"=>true, "allow_empty_fields"=>false}
I, [2024-09-10T10:58:22.143850 #1165610]  INFO -- :    Traject::SolrJsonWriter writing to 'http://127.0.0.1:8983/solr/blacklight-core/update/json' in batches of 100 with 1 bg threads
I, [2024-09-10T10:58:22.143920 #1165610]  INFO -- :    Traject::Indexer with 1 processing threads, reader: Arclight::Traject::NokogiriNamespacelessReader and writer: Traject::SolrJsonWriter
D, [2024-09-10T10:58:22.144835 #1165610] DEBUG -- : Shutting down #processing mapper threadpool...
D, [2024-09-10T10:58:22.163660 #1165610] DEBUG -- : #processing mapper threadpool shutdown complete.
D, [2024-09-10T10:58:22.163912 #1165610] DEBUG -- : Traject::SolrJsonWriter: Shutting down thread pool, waiting if needed...
D, [2024-09-10T10:58:22.164001 #1165610] DEBUG -- : Traject::SolrJsonWriter: sending batch of 1 to Solr
D, [2024-09-10T10:58:22.177835 #1165610] DEBUG -- : Traject::SolrJsonWriter: Thread pool shutdown complete
I, [2024-09-10T10:58:22.177964 #1165610]  INFO -- : Traject::SolrJsonWriter sending commit to solr at url http://127.0.0.1:8983/solr/blacklight-core/update/json...
F, [2024-09-10T10:59:22.179234 #1165610] FATAL -- : Traject::CommandLine: Unexpected exception, terminating execution:     Exception: HTTPClient::ReceiveTimeoutError: execution expired
    /home/deploy/.asdf/installs/ruby/3.3.3/lib/ruby/gems/3.3.0/gems/httpclient-2.8.3/lib/httpclient/session.rb:805:in `gets'

bundler: failed to load command: traject (/home/deploy/.asdf/installs/ruby/3.3.3/bin/traject)
/home/deploy/.asdf/installs/ruby/3.3.3/lib/ruby/gems/3.3.0/gems/httpclient-2.8.3/lib/httpclient/session.rb:805:in `gets': execution expired (HTTPClient::ReceiveTimeoutError)
	from /home/deploy/.asdf/installs/ruby/3.3.3/lib/ruby/gems/3.3.0/gems/httpclient-2.8.3/lib/httpclient/session.rb:805:in `block in parse_header'
	from /home/deploy/.asdf/installs/ruby/3.3.3/lib/ruby/gems/3.3.0/gems/timeout-0.4.1/lib/timeout.rb:186:in `block in timeout'
	from /home/deploy/.asdf/installs/ruby/3.3.3/lib/ruby/gems/3.3.0/gems/timeout-0.4.1/lib/timeout.rb:193:in `timeout'
	from /home/deploy/.asdf/installs/ruby/3.3.3/lib/ruby/gems/3.3.0/gems/httpclient-2.8.3/lib/httpclient/session.rb:801:in `parse_header'
	from /home/deploy/.asdf/installs/ruby/3.3.3/lib/ruby/gems/3.3.0/gems/httpclient-2.8.3/lib/httpclient/session.rb:784:in `read_header'
	from /home/deploy/.asdf/installs/ruby/3.3.3/lib/ruby/gems/3.3.0/gems/httpclient-2.8.3/lib/httpclient/session.rb:561:in `get_header'
	from /home/deploy/.asdf/installs/ruby/3.3.3/lib/ruby/gems/3.3.0/gems/httpclient-2.8.3/lib/httpclient.rb:1299:in `do_get_header'
	from /home/deploy/.asdf/installs/ruby/3.3.3/lib/ruby/gems/3.3.0/gems/httpclient-2.8.3/lib/httpclient.rb:1245:in `do_get_block'
	from /home/deploy/.asdf/installs/ruby/3.3.3/lib/ruby/gems/3.3.0/gems/httpclient-2.8.3/lib/httpclient.rb:1019:in `block in do_request'
	from /home/deploy/.asdf/installs/ruby/3.3.3/lib/ruby/gems/3.3.0/gems/httpclient-2.8.3/lib/httpclient.rb:1133:in `protect_keep_alive_disconnected'
	from /home/deploy/.asdf/installs/ruby/3.3.3/lib/ruby/gems/3.3.0/gems/httpclient-2.8.3/lib/httpclient.rb:1014:in `do_request'
	from /home/deploy/.asdf/installs/ruby/3.3.3/lib/ruby/gems/3.3.0/gems/httpclient-2.8.3/lib/httpclient.rb:856:in `request'
	from /home/deploy/.asdf/installs/ruby/3.3.3/lib/ruby/gems/3.3.0/gems/httpclient-2.8.3/lib/httpclient.rb:743:in `get'
	from /home/deploy/.asdf/installs/ruby/3.3.3/lib/ruby/gems/3.3.0/gems/traject-3.8.2/lib/traject/solr_json_writer.rb:370:in `commit'
	from /home/deploy/.asdf/installs/ruby/3.3.3/lib/ruby/gems/3.3.0/gems/traject-3.8.2/lib/traject/solr_json_writer.rb:339:in `close'
	from /home/deploy/.asdf/installs/ruby/3.3.3/lib/ruby/gems/3.3.0/gems/traject-3.8.2/lib/traject/indexer.rb:638:in `complete'
	from /home/deploy/.asdf/installs/ruby/3.3.3/lib/ruby/gems/3.3.0/gems/traject-3.8.2/lib/traject/indexer.rb:607:in `process'
	from /home/deploy/.asdf/installs/ruby/3.3.3/lib/ruby/gems/3.3.0/gems/traject-3.8.2/lib/traject/command_line.rb:73:in `execute'
	from /home/deploy/.asdf/installs/ruby/3.3.3/lib/ruby/gems/3.3.0/gems/traject-3.8.2/bin/traject:14:in `<top (required)>'
	from /home/deploy/.asdf/installs/ruby/3.3.3/bin/traject:25:in `load'
	from /home/deploy/.asdf/installs/ruby/3.3.3/bin/traject:25:in `<top (required)>'
	from /home/deploy/.asdf/installs/ruby/3.3.3/lib/ruby/site_ruby/3.3.0/bundler/cli/exec.rb:58:in `load'
	from /home/deploy/.asdf/installs/ruby/3.3.3/lib/ruby/site_ruby/3.3.0/bundler/cli/exec.rb:58:in `kernel_load'
	from /home/deploy/.asdf/installs/ruby/3.3.3/lib/ruby/site_ruby/3.3.0/bundler/cli/exec.rb:23:in `run'
	from /home/deploy/.asdf/installs/ruby/3.3.3/lib/ruby/site_ruby/3.3.0/bundler/cli.rb:455:in `exec'
	from /home/deploy/.asdf/installs/ruby/3.3.3/lib/ruby/site_ruby/3.3.0/bundler/vendor/thor/lib/thor/command.rb:28:in `run'
	from /home/deploy/.asdf/installs/ruby/3.3.3/lib/ruby/site_ruby/3.3.0/bundler/vendor/thor/lib/thor/invocation.rb:127:in `invoke_command'
	from /home/deploy/.asdf/installs/ruby/3.3.3/lib/ruby/site_ruby/3.3.0/bundler/vendor/thor/lib/thor.rb:527:in `dispatch'
	from /home/deploy/.asdf/installs/ruby/3.3.3/lib/ruby/site_ruby/3.3.0/bundler/cli.rb:35:in `dispatch'
	from /home/deploy/.asdf/installs/ruby/3.3.3/lib/ruby/site_ruby/3.3.0/bundler/vendor/thor/lib/thor/base.rb:584:in `start'
	from /home/deploy/.asdf/installs/ruby/3.3.3/lib/ruby/site_ruby/3.3.0/bundler/cli.rb:29:in `start'
	from /home/deploy/.asdf/installs/ruby/3.3.3/lib/ruby/gems/3.3.0/gems/bundler-2.5.17/exe/bundle:28:in `block in <top (required)>'
	from /home/deploy/.asdf/installs/ruby/3.3.3/lib/ruby/site_ruby/3.3.0/bundler/friendly_errors.rb:117:in `with_friendly_errors'
	from /home/deploy/.asdf/installs/ruby/3.3.3/lib/ruby/gems/3.3.0/gems/bundler-2.5.17/exe/bundle:20:in `<top (required)>'
	from /home/deploy/.asdf/installs/ruby/3.3.3/bin/bundle:25:in `load'
	from /home/deploy/.asdf/installs/ruby/3.3.3/bin/bundle:25:in `<main>'
Indexed /home/deploy/eads/nncm/nncm_5029.xml (in 62.0 secs).
Loading /home/deploy/eads/nncm/nncm_5033.xml into index...
I, [2024-09-10T10:59:26.645764 #1166377]  INFO -- : traject (3.8.2) executing with: `-u http://127.0.0.1:8983/solr/blacklight-core/ -i xml -c /home/deploy/.asdf/installs/ruby/3.3.3/lib/ruby/gems/3.3.0/gems/arclight-1.4.0/lib/arclight/traject/ead2_config.rb /home/deploy/eads/nncm/nncm_5033.xml`
I, [2024-09-10T10:59:26.646151 #1166377]  INFO -- : Reading from /home/deploy/eads/nncm/nncm_5033.xml
D, [2024-09-10T10:59:26.646411 #1166377] DEBUG -- : beginning Traject::Indexer#process with settings: {"solr.url"=>"http://127.0.0.1:8983/solr/blacklight-core/", "component_traject_config"=>"/home/deploy/.asdf/installs/ruby/3.3.3/lib/ruby/gems/3.3.0/gems/arclight-1.4.0/lib/arclight/traject/ead2_component_config.rb", "id_normalizer"=>"Arclight::NormalizedId", "date_normalizer"=>"Arclight::NormalizedDate", "title_normalizer"=>"Arclight::NormalizedTitle", "reader_class_name"=>"Arclight::Traject::NokogiriNamespacelessReader", "solr_writer.commit_on_close"=>"true", "repository"=>"nncm", "logger"=>#<Logger:0x0000f65852e1aa40 @level=0, @progname=nil, @default_formatter=#<Logger::Formatter:0x0000f65852e1a400 @datetime_format=nil>, @formatter=nil, @logdev=#<Logger::LogDevice:0x0000f658534958c0 @shift_period_suffix=nil, @shift_size=nil, @shift_age=nil, @filename=nil, @dev=#<IO:<STDERR>>, @binmode=false, @reraise_write_errors=[], @mon_data=#<Monitor:0x0000f65852e19b18>, @mon_data_owner_object_id=4300>, @level_override={}>, "command_line.filename"=>"/home/deploy/eads/nncm/nncm_5033.xml", "writer_class_name"=>"Traject::SolrJsonWriter", "solr_writer.batch_size"=>100, "solr_writer.thread_pool"=>1, "processing_thread_pool"=>1, "log.batch_size.severity"=>"info", "allow_nil_values"=>false, "allow_duplicate_values"=>true, "allow_empty_fields"=>false}
I, [2024-09-10T10:59:26.685323 #1166377]  INFO -- :    Traject::SolrJsonWriter writing to 'http://127.0.0.1:8983/solr/blacklight-core/update/json' in batches of 100 with 1 bg threads
I, [2024-09-10T10:59:26.685489 #1166377]  INFO -- :    Traject::Indexer with 1 processing threads, reader: Arclight::Traject::NokogiriNamespacelessReader and writer: Traject::SolrJsonWriter
D, [2024-09-10T10:59:26.686559 #1166377] DEBUG -- : Shutting down #processing mapper threadpool...
D, [2024-09-10T10:59:26.708606 #1166377] DEBUG -- : #processing mapper threadpool shutdown complete.
D, [2024-09-10T10:59:26.708949 #1166377] DEBUG -- : Traject::SolrJsonWriter: Shutting down thread pool, waiting if needed...
D, [2024-09-10T10:59:26.709032 #1166377] DEBUG -- : Traject::SolrJsonWriter: sending batch of 1 to Solr
D, [2024-09-10T10:59:26.716439 #1166377] DEBUG -- : Traject::SolrJsonWriter: Thread pool shutdown complete
I, [2024-09-10T10:59:26.716537 #1166377]  INFO -- : Traject::SolrJsonWriter sending commit to solr at url http://127.0.0.1:8983/solr/blacklight-core/update/json...
F, [2024-09-10T11:00:26.717771 #1166377] FATAL -- : Traject::CommandLine: Unexpected exception, terminating execution:     Exception: HTTPClient::ReceiveTimeoutError: execution expired
    /home/deploy/.asdf/installs/ruby/3.3.3/lib/ruby/gems/3.3.0/gems/httpclient-2.8.3/lib/httpclient/session.rb:805:in `gets'

bundler: failed to load command: traject (/home/deploy/.asdf/installs/ruby/3.3.3/bin/traject)
/home/deploy/.asdf/installs/ruby/3.3.3/lib/ruby/gems/3.3.0/gems/httpclient-2.8.3/lib/httpclient/session.rb:805:in `gets': execution expired (HTTPClient::ReceiveTimeoutError)
	from /home/deploy/.asdf/installs/ruby/3.3.3/lib/ruby/gems/3.3.0/gems/httpclient-2.8.3/lib/httpclient/session.rb:805:in `block in parse_header'
	from /home/deploy/.asdf/installs/ruby/3.3.3/lib/ruby/gems/3.3.0/gems/timeout-0.4.1/lib/timeout.rb:186:in `block in timeout'
	from /home/deploy/.asdf/installs/ruby/3.3.3/lib/ruby/gems/3.3.0/gems/timeout-0.4.1/lib/timeout.rb:193:in `timeout'
	from /home/deploy/.asdf/installs/ruby/3.3.3/lib/ruby/gems/3.3.0/gems/httpclient-2.8.3/lib/httpclient/session.rb:801:in `parse_header'
	from /home/deploy/.asdf/installs/ruby/3.3.3/lib/ruby/gems/3.3.0/gems/httpclient-2.8.3/lib/httpclient/session.rb:784:in `read_header'
	from /home/deploy/.asdf/installs/ruby/3.3.3/lib/ruby/gems/3.3.0/gems/httpclient-2.8.3/lib/httpclient/session.rb:561:in `get_header'
	from /home/deploy/.asdf/installs/ruby/3.3.3/lib/ruby/gems/3.3.0/gems/httpclient-2.8.3/lib/httpclient.rb:1299:in `do_get_header'
	from /home/deploy/.asdf/installs/ruby/3.3.3/lib/ruby/gems/3.3.0/gems/httpclient-2.8.3/lib/httpclient.rb:1245:in `do_get_block'
	from /home/deploy/.asdf/installs/ruby/3.3.3/lib/ruby/gems/3.3.0/gems/httpclient-2.8.3/lib/httpclient.rb:1019:in `block in do_request'
	from /home/deploy/.asdf/installs/ruby/3.3.3/lib/ruby/gems/3.3.0/gems/httpclient-2.8.3/lib/httpclient.rb:1133:in `protect_keep_alive_disconnected'
	from /home/deploy/.asdf/installs/ruby/3.3.3/lib/ruby/gems/3.3.0/gems/httpclient-2.8.3/lib/httpclient.rb:1014:in `do_request'
	from /home/deploy/.asdf/installs/ruby/3.3.3/lib/ruby/gems/3.3.0/gems/httpclient-2.8.3/lib/httpclient.rb:856:in `request'
	from /home/deploy/.asdf/installs/ruby/3.3.3/lib/ruby/gems/3.3.0/gems/httpclient-2.8.3/lib/httpclient.rb:743:in `get'
	from /home/deploy/.asdf/installs/ruby/3.3.3/lib/ruby/gems/3.3.0/gems/traject-3.8.2/lib/traject/solr_json_writer.rb:370:in `commit'
	from /home/deploy/.asdf/installs/ruby/3.3.3/lib/ruby/gems/3.3.0/gems/traject-3.8.2/lib/traject/solr_json_writer.rb:339:in `close'
	from /home/deploy/.asdf/installs/ruby/3.3.3/lib/ruby/gems/3.3.0/gems/traject-3.8.2/lib/traject/indexer.rb:638:in `complete'
	from /home/deploy/.asdf/installs/ruby/3.3.3/lib/ruby/gems/3.3.0/gems/traject-3.8.2/lib/traject/indexer.rb:607:in `process'
	from /home/deploy/.asdf/installs/ruby/3.3.3/lib/ruby/gems/3.3.0/gems/traject-3.8.2/lib/traject/command_line.rb:73:in `execute'
	from /home/deploy/.asdf/installs/ruby/3.3.3/lib/ruby/gems/3.3.0/gems/traject-3.8.2/bin/traject:14:in `<top (required)>'
	from /home/deploy/.asdf/installs/ruby/3.3.3/bin/traject:25:in `load'
	from /home/deploy/.asdf/installs/ruby/3.3.3/bin/traject:25:in `<top (required)>'
	from /home/deploy/.asdf/installs/ruby/3.3.3/lib/ruby/site_ruby/3.3.0/bundler/cli/exec.rb:58:in `load'
	from /home/deploy/.asdf/installs/ruby/3.3.3/lib/ruby/site_ruby/3.3.0/bundler/cli/exec.rb:58:in `kernel_load'
	from /home/deploy/.asdf/installs/ruby/3.3.3/lib/ruby/site_ruby/3.3.0/bundler/cli/exec.rb:23:in `run'
	from /home/deploy/.asdf/installs/ruby/3.3.3/lib/ruby/site_ruby/3.3.0/bundler/cli.rb:455:in `exec'
	from /home/deploy/.asdf/installs/ruby/3.3.3/lib/ruby/site_ruby/3.3.0/bundler/vendor/thor/lib/thor/command.rb:28:in `run'
	from /home/deploy/.asdf/installs/ruby/3.3.3/lib/ruby/site_ruby/3.3.0/bundler/vendor/thor/lib/thor/invocation.rb:127:in `invoke_command'
	from /home/deploy/.asdf/installs/ruby/3.3.3/lib/ruby/site_ruby/3.3.0/bundler/vendor/thor/lib/thor.rb:527:in `dispatch'
	from /home/deploy/.asdf/installs/ruby/3.3.3/lib/ruby/site_ruby/3.3.0/bundler/cli.rb:35:in `dispatch'
	from /home/deploy/.asdf/installs/ruby/3.3.3/lib/ruby/site_ruby/3.3.0/bundler/vendor/thor/lib/thor/base.rb:584:in `start'
	from /home/deploy/.asdf/installs/ruby/3.3.3/lib/ruby/site_ruby/3.3.0/bundler/cli.rb:29:in `start'
	from /home/deploy/.asdf/installs/ruby/3.3.3/lib/ruby/gems/3.3.0/gems/bundler-2.5.17/exe/bundle:28:in `block in <top (required)>'
	from /home/deploy/.asdf/installs/ruby/3.3.3/lib/ruby/site_ruby/3.3.0/bundler/friendly_errors.rb:117:in `with_friendly_errors'
	from /home/deploy/.asdf/installs/ruby/3.3.3/lib/ruby/gems/3.3.0/gems/bundler-2.5.17/exe/bundle:20:in `<top (required)>'
	from /home/deploy/.asdf/installs/ruby/3.3.3/bin/bundle:25:in `load'
	from /home/deploy/.asdf/installs/ruby/3.3.3/bin/bundle:25:in `<main>'
Indexed /home/deploy/eads/nncm/nncm_5033.xml (in 62.027 secs).
Loading /home/deploy/eads/nncm/nncm_5035.xml into index...
I, [2024-09-10T11:00:31.159577 #1167208]  INFO -- : traject (3.8.2) executing with: `-u http://127.0.0.1:8983/solr/blacklight-core/ -i xml -c /home/deploy/.asdf/installs/ruby/3.3.3/lib/ruby/gems/3.3.0/gems/arclight-1.4.0/lib/arclight/traject/ead2_config.rb /home/deploy/eads/nncm/nncm_5035.xml`
I, [2024-09-10T11:00:31.160050 #1167208]  INFO -- : Reading from /home/deploy/eads/nncm/nncm_5035.xml
D, [2024-09-10T11:00:31.160370 #1167208] DEBUG -- : beginning Traject::Indexer#process with settings: {"solr.url"=>"http://127.0.0.1:8983/solr/blacklight-core/", "component_traject_config"=>"/home/deploy/.asdf/installs/ruby/3.3.3/lib/ruby/gems/3.3.0/gems/arclight-1.4.0/lib/arclight/traject/ead2_component_config.rb", "id_normalizer"=>"Arclight::NormalizedId", "date_normalizer"=>"Arclight::NormalizedDate", "title_normalizer"=>"Arclight::NormalizedTitle", "reader_class_name"=>"Arclight::Traject::NokogiriNamespacelessReader", "solr_writer.commit_on_close"=>"true", "repository"=>"nncm", "logger"=>#<Logger:0x0000e818a55f6e68 @level=0, @progname=nil, @default_formatter=#<Logger::Formatter:0x0000e818a55f6918 @datetime_format=nil>, @formatter=nil, @logdev=#<Logger::LogDevice:0x0000e818a5c97ad8 @shift_period_suffix=nil, @shift_size=nil, @shift_age=nil, @filename=nil, @dev=#<IO:<STDERR>>, @binmode=false, @reraise_write_errors=[], @mon_data=#<Monitor:0x0000e818a55f5388>, @mon_data_owner_object_id=4300>, @level_override={}>, "command_line.filename"=>"/home/deploy/eads/nncm/nncm_5035.xml", "writer_class_name"=>"Traject::SolrJsonWriter", "solr_writer.batch_size"=>100, "solr_writer.thread_pool"=>1, "processing_thread_pool"=>1, "log.batch_size.severity"=>"info", "allow_nil_values"=>false, "allow_duplicate_values"=>true, "allow_empty_fields"=>false}
I, [2024-09-10T11:00:31.198963 #1167208]  INFO -- :    Traject::SolrJsonWriter writing to 'http://127.0.0.1:8983/solr/blacklight-core/update/json' in batches of 100 with 1 bg threads
I, [2024-09-10T11:00:31.199073 #1167208]  INFO -- :    Traject::Indexer with 1 processing threads, reader: Arclight::Traject::NokogiriNamespacelessReader and writer: Traject::SolrJsonWriter
D, [2024-09-10T11:00:31.200137 #1167208] DEBUG -- : Shutting down #processing mapper threadpool...
D, [2024-09-10T11:00:31.219637 #1167208] DEBUG -- : #processing mapper threadpool shutdown complete.
D, [2024-09-10T11:00:31.219989 #1167208] DEBUG -- : Traject::SolrJsonWriter: Shutting down thread pool, waiting if needed...
D, [2024-09-10T11:00:31.220168 #1167208] DEBUG -- : Traject::SolrJsonWriter: sending batch of 1 to Solr
D, [2024-09-10T11:00:31.241527 #1167208] DEBUG -- : Traject::SolrJsonWriter: Thread pool shutdown complete
I, [2024-09-10T11:00:31.243443 #1167208]  INFO -- : Traject::SolrJsonWriter sending commit to solr at url http://127.0.0.1:8983/solr/blacklight-core/update/json...
F, [2024-09-10T11:01:31.244850 #1167208] FATAL -- : Traject::CommandLine: Unexpected exception, terminating execution:     Exception: HTTPClient::ReceiveTimeoutError: execution expired
    /home/deploy/.asdf/installs/ruby/3.3.3/lib/ruby/gems/3.3.0/gems/httpclient-2.8.3/lib/httpclient/session.rb:805:in `gets'

bundler: failed to load command: traject (/home/deploy/.asdf/installs/ruby/3.3.3/bin/traject)
/home/deploy/.asdf/installs/ruby/3.3.3/lib/ruby/gems/3.3.0/gems/httpclient-2.8.3/lib/httpclient/session.rb:805:in `gets': execution expired (HTTPClient::ReceiveTimeoutError)
	from /home/deploy/.asdf/installs/ruby/3.3.3/lib/ruby/gems/3.3.0/gems/httpclient-2.8.3/lib/httpclient/session.rb:805:in `block in parse_header'
	from /home/deploy/.asdf/installs/ruby/3.3.3/lib/ruby/gems/3.3.0/gems/timeout-0.4.1/lib/timeout.rb:186:in `block in timeout'
	from /home/deploy/.asdf/installs/ruby/3.3.3/lib/ruby/gems/3.3.0/gems/timeout-0.4.1/lib/timeout.rb:193:in `timeout'
	from /home/deploy/.asdf/installs/ruby/3.3.3/lib/ruby/gems/3.3.0/gems/httpclient-2.8.3/lib/httpclient/session.rb:801:in `parse_header'
	from /home/deploy/.asdf/installs/ruby/3.3.3/lib/ruby/gems/3.3.0/gems/httpclient-2.8.3/lib/httpclient/session.rb:784:in `read_header'
	from /home/deploy/.asdf/installs/ruby/3.3.3/lib/ruby/gems/3.3.0/gems/httpclient-2.8.3/lib/httpclient/session.rb:561:in `get_header'
	from /home/deploy/.asdf/installs/ruby/3.3.3/lib/ruby/gems/3.3.0/gems/httpclient-2.8.3/lib/httpclient.rb:1299:in `do_get_header'
	from /home/deploy/.asdf/installs/ruby/3.3.3/lib/ruby/gems/3.3.0/gems/httpclient-2.8.3/lib/httpclient.rb:1245:in `do_get_block'
	from /home/deploy/.asdf/installs/ruby/3.3.3/lib/ruby/gems/3.3.0/gems/httpclient-2.8.3/lib/httpclient.rb:1019:in `block in do_request'
	from /home/deploy/.asdf/installs/ruby/3.3.3/lib/ruby/gems/3.3.0/gems/httpclient-2.8.3/lib/httpclient.rb:1133:in `protect_keep_alive_disconnected'
	from /home/deploy/.asdf/installs/ruby/3.3.3/lib/ruby/gems/3.3.0/gems/httpclient-2.8.3/lib/httpclient.rb:1014:in `do_request'
	from /home/deploy/.asdf/installs/ruby/3.3.3/lib/ruby/gems/3.3.0/gems/httpclient-2.8.3/lib/httpclient.rb:856:in `request'
	from /home/deploy/.asdf/installs/ruby/3.3.3/lib/ruby/gems/3.3.0/gems/httpclient-2.8.3/lib/httpclient.rb:743:in `get'
	from /home/deploy/.asdf/installs/ruby/3.3.3/lib/ruby/gems/3.3.0/gems/traject-3.8.2/lib/traject/solr_json_writer.rb:370:in `commit'
	from /home/deploy/.asdf/installs/ruby/3.3.3/lib/ruby/gems/3.3.0/gems/traject-3.8.2/lib/traject/solr_json_writer.rb:339:in `close'
	from /home/deploy/.asdf/installs/ruby/3.3.3/lib/ruby/gems/3.3.0/gems/traject-3.8.2/lib/traject/indexer.rb:638:in `complete'
	from /home/deploy/.asdf/installs/ruby/3.3.3/lib/ruby/gems/3.3.0/gems/traject-3.8.2/lib/traject/indexer.rb:607:in `process'
	from /home/deploy/.asdf/installs/ruby/3.3.3/lib/ruby/gems/3.3.0/gems/traject-3.8.2/lib/traject/command_line.rb:73:in `execute'
	from /home/deploy/.asdf/installs/ruby/3.3.3/lib/ruby/gems/3.3.0/gems/traject-3.8.2/bin/traject:14:in `<top (required)>'
	from /home/deploy/.asdf/installs/ruby/3.3.3/bin/traject:25:in `load'
	from /home/deploy/.asdf/installs/ruby/3.3.3/bin/traject:25:in `<top (required)>'
	from /home/deploy/.asdf/installs/ruby/3.3.3/lib/ruby/site_ruby/3.3.0/bundler/cli/exec.rb:58:in `load'
	from /home/deploy/.asdf/installs/ruby/3.3.3/lib/ruby/site_ruby/3.3.0/bundler/cli/exec.rb:58:in `kernel_load'
	from /home/deploy/.asdf/installs/ruby/3.3.3/lib/ruby/site_ruby/3.3.0/bundler/cli/exec.rb:23:in `run'
	from /home/deploy/.asdf/installs/ruby/3.3.3/lib/ruby/site_ruby/3.3.0/bundler/cli.rb:455:in `exec'
	from /home/deploy/.asdf/installs/ruby/3.3.3/lib/ruby/site_ruby/3.3.0/bundler/vendor/thor/lib/thor/command.rb:28:in `run'
	from /home/deploy/.asdf/installs/ruby/3.3.3/lib/ruby/site_ruby/3.3.0/bundler/vendor/thor/lib/thor/invocation.rb:127:in `invoke_command'
	from /home/deploy/.asdf/installs/ruby/3.3.3/lib/ruby/site_ruby/3.3.0/bundler/vendor/thor/lib/thor.rb:527:in `dispatch'
	from /home/deploy/.asdf/installs/ruby/3.3.3/lib/ruby/site_ruby/3.3.0/bundler/cli.rb:35:in `dispatch'
	from /home/deploy/.asdf/installs/ruby/3.3.3/lib/ruby/site_ruby/3.3.0/bundler/vendor/thor/lib/thor/base.rb:584:in `start'
	from /home/deploy/.asdf/installs/ruby/3.3.3/lib/ruby/site_ruby/3.3.0/bundler/cli.rb:29:in `start'
	from /home/deploy/.asdf/installs/ruby/3.3.3/lib/ruby/gems/3.3.0/gems/bundler-2.5.17/exe/bundle:28:in `block in <top (required)>'
	from /home/deploy/.asdf/installs/ruby/3.3.3/lib/ruby/site_ruby/3.3.0/bundler/friendly_errors.rb:117:in `with_friendly_errors'
	from /home/deploy/.asdf/installs/ruby/3.3.3/lib/ruby/gems/3.3.0/gems/bundler-2.5.17/exe/bundle:20:in `<top (required)>'
	from /home/deploy/.asdf/installs/ruby/3.3.3/bin/bundle:25:in `load'
	from /home/deploy/.asdf/installs/ruby/3.3.3/bin/bundle:25:in `<main>'
Indexed /home/deploy/eads/nncm/nncm_5035.xml (in 62.031 secs).
Loading /home/deploy/eads/nncm/nncm_5040.xml into index...
I, [2024-09-10T11:01:35.638363 #1168075]  INFO -- : traject (3.8.2) executing with: `-u http://127.0.0.1:8983/solr/blacklight-core/ -i xml -c /home/deploy/.asdf/installs/ruby/3.3.3/lib/ruby/gems/3.3.0/gems/arclight-1.4.0/lib/arclight/traject/ead2_config.rb /home/deploy/eads/nncm/nncm_5040.xml`
I, [2024-09-10T11:01:35.638751 #1168075]  INFO -- : Reading from /home/deploy/eads/nncm/nncm_5040.xml
D, [2024-09-10T11:01:35.639017 #1168075] DEBUG -- : beginning Traject::Indexer#process with settings: {"solr.url"=>"http://127.0.0.1:8983/solr/blacklight-core/", "component_traject_config"=>"/home/deploy/.asdf/installs/ruby/3.3.3/lib/ruby/gems/3.3.0/gems/arclight-1.4.0/lib/arclight/traject/ead2_component_config.rb", "id_normalizer"=>"Arclight::NormalizedId", "date_normalizer"=>"Arclight::NormalizedDate", "title_normalizer"=>"Arclight::NormalizedTitle", "reader_class_name"=>"Arclight::Traject::NokogiriNamespacelessReader", "solr_writer.commit_on_close"=>"true", "repository"=>"nncm", "logger"=>#<Logger:0x0000f8f4602fda70 @level=0, @progname=nil, @default_formatter=#<Logger::Formatter:0x0000f8f4602fd700 @datetime_format=nil>, @formatter=nil, @logdev=#<Logger::LogDevice:0x0000f8f460977a90 @shift_period_suffix=nil, @shift_size=nil, @shift_age=nil, @filename=nil, @dev=#<IO:<STDERR>>, @binmode=false, @reraise_write_errors=[], @mon_data=#<Monitor:0x0000f8f4602fd408>, @mon_data_owner_object_id=4300>, @level_override={}>, "command_line.filename"=>"/home/deploy/eads/nncm/nncm_5040.xml", "writer_class_name"=>"Traject::SolrJsonWriter", "solr_writer.batch_size"=>100, "solr_writer.thread_pool"=>1, "processing_thread_pool"=>1, "log.batch_size.severity"=>"info", "allow_nil_values"=>false, "allow_duplicate_values"=>true, "allow_empty_fields"=>false}
I, [2024-09-10T11:01:35.677881 #1168075]  INFO -- :    Traject::SolrJsonWriter writing to 'http://127.0.0.1:8983/solr/blacklight-core/update/json' in batches of 100 with 1 bg threads
I, [2024-09-10T11:01:35.677946 #1168075]  INFO -- :    Traject::Indexer with 1 processing threads, reader: Arclight::Traject::NokogiriNamespacelessReader and writer: Traject::SolrJsonWriter
D, [2024-09-10T11:01:35.678873 #1168075] DEBUG -- : Shutting down #processing mapper threadpool...
D, [2024-09-10T11:01:35.695976 #1168075] DEBUG -- : #processing mapper threadpool shutdown complete.
D, [2024-09-10T11:01:35.696226 #1168075] DEBUG -- : Traject::SolrJsonWriter: Shutting down thread pool, waiting if needed...
D, [2024-09-10T11:01:35.696301 #1168075] DEBUG -- : Traject::SolrJsonWriter: sending batch of 1 to Solr
D, [2024-09-10T11:01:35.701902 #1168075] DEBUG -- : Traject::SolrJsonWriter: Thread pool shutdown complete
I, [2024-09-10T11:01:35.702010 #1168075]  INFO -- : Traject::SolrJsonWriter sending commit to solr at url http://127.0.0.1:8983/solr/blacklight-core/update/json...
F, [2024-09-10T11:02:35.703790 #1168075] FATAL -- : Traject::CommandLine: Unexpected exception, terminating execution:     Exception: HTTPClient::ReceiveTimeoutError: execution expired
    /home/deploy/.asdf/installs/ruby/3.3.3/lib/ruby/gems/3.3.0/gems/httpclient-2.8.3/lib/httpclient/session.rb:805:in `gets'

bundler: failed to load command: traject (/home/deploy/.asdf/installs/ruby/3.3.3/bin/traject)
/home/deploy/.asdf/installs/ruby/3.3.3/lib/ruby/gems/3.3.0/gems/httpclient-2.8.3/lib/httpclient/session.rb:805:in `gets': execution expired (HTTPClient::ReceiveTimeoutError)
	from /home/deploy/.asdf/installs/ruby/3.3.3/lib/ruby/gems/3.3.0/gems/httpclient-2.8.3/lib/httpclient/session.rb:805:in `block in parse_header'
	from /home/deploy/.asdf/installs/ruby/3.3.3/lib/ruby/gems/3.3.0/gems/timeout-0.4.1/lib/timeout.rb:186:in `block in timeout'
	from /home/deploy/.asdf/installs/ruby/3.3.3/lib/ruby/gems/3.3.0/gems/timeout-0.4.1/lib/timeout.rb:193:in `timeout'
	from /home/deploy/.asdf/installs/ruby/3.3.3/lib/ruby/gems/3.3.0/gems/httpclient-2.8.3/lib/httpclient/session.rb:801:in `parse_header'
	from /home/deploy/.asdf/installs/ruby/3.3.3/lib/ruby/gems/3.3.0/gems/httpclient-2.8.3/lib/httpclient/session.rb:784:in `read_header'
	from /home/deploy/.asdf/installs/ruby/3.3.3/lib/ruby/gems/3.3.0/gems/httpclient-2.8.3/lib/httpclient/session.rb:561:in `get_header'
	from /home/deploy/.asdf/installs/ruby/3.3.3/lib/ruby/gems/3.3.0/gems/httpclient-2.8.3/lib/httpclient.rb:1299:in `do_get_header'
	from /home/deploy/.asdf/installs/ruby/3.3.3/lib/ruby/gems/3.3.0/gems/httpclient-2.8.3/lib/httpclient.rb:1245:in `do_get_block'
	from /home/deploy/.asdf/installs/ruby/3.3.3/lib/ruby/gems/3.3.0/gems/httpclient-2.8.3/lib/httpclient.rb:1019:in `block in do_request'
	from /home/deploy/.asdf/installs/ruby/3.3.3/lib/ruby/gems/3.3.0/gems/httpclient-2.8.3/lib/httpclient.rb:1133:in `protect_keep_alive_disconnected'
	from /home/deploy/.asdf/installs/ruby/3.3.3/lib/ruby/gems/3.3.0/gems/httpclient-2.8.3/lib/httpclient.rb:1014:in `do_request'
	from /home/deploy/.asdf/installs/ruby/3.3.3/lib/ruby/gems/3.3.0/gems/httpclient-2.8.3/lib/httpclient.rb:856:in `request'
	from /home/deploy/.asdf/installs/ruby/3.3.3/lib/ruby/gems/3.3.0/gems/httpclient-2.8.3/lib/httpclient.rb:743:in `get'
	from /home/deploy/.asdf/installs/ruby/3.3.3/lib/ruby/gems/3.3.0/gems/traject-3.8.2/lib/traject/solr_json_writer.rb:370:in `commit'
	from /home/deploy/.asdf/installs/ruby/3.3.3/lib/ruby/gems/3.3.0/gems/traject-3.8.2/lib/traject/solr_json_writer.rb:339:in `close'
	from /home/deploy/.asdf/installs/ruby/3.3.3/lib/ruby/gems/3.3.0/gems/traject-3.8.2/lib/traject/indexer.rb:638:in `complete'
	from /home/deploy/.asdf/installs/ruby/3.3.3/lib/ruby/gems/3.3.0/gems/traject-3.8.2/lib/traject/indexer.rb:607:in `process'
	from /home/deploy/.asdf/installs/ruby/3.3.3/lib/ruby/gems/3.3.0/gems/traject-3.8.2/lib/traject/command_line.rb:73:in `execute'
	from /home/deploy/.asdf/installs/ruby/3.3.3/lib/ruby/gems/3.3.0/gems/traject-3.8.2/bin/traject:14:in `<top (required)>'
	from /home/deploy/.asdf/installs/ruby/3.3.3/bin/traject:25:in `load'
	from /home/deploy/.asdf/installs/ruby/3.3.3/bin/traject:25:in `<top (required)>'
	from /home/deploy/.asdf/installs/ruby/3.3.3/lib/ruby/site_ruby/3.3.0/bundler/cli/exec.rb:58:in `load'
	from /home/deploy/.asdf/installs/ruby/3.3.3/lib/ruby/site_ruby/3.3.0/bundler/cli/exec.rb:58:in `kernel_load'
	from /home/deploy/.asdf/installs/ruby/3.3.3/lib/ruby/site_ruby/3.3.0/bundler/cli/exec.rb:23:in `run'
	from /home/deploy/.asdf/installs/ruby/3.3.3/lib/ruby/site_ruby/3.3.0/bundler/cli.rb:455:in `exec'
	from /home/deploy/.asdf/installs/ruby/3.3.3/lib/ruby/site_ruby/3.3.0/bundler/vendor/thor/lib/thor/command.rb:28:in `run'
	from /home/deploy/.asdf/installs/ruby/3.3.3/lib/ruby/site_ruby/3.3.0/bundler/vendor/thor/lib/thor/invocation.rb:127:in `invoke_command'
	from /home/deploy/.asdf/installs/ruby/3.3.3/lib/ruby/site_ruby/3.3.0/bundler/vendor/thor/lib/thor.rb:527:in `dispatch'
	from /home/deploy/.asdf/installs/ruby/3.3.3/lib/ruby/site_ruby/3.3.0/bundler/cli.rb:35:in `dispatch'
	from /home/deploy/.asdf/installs/ruby/3.3.3/lib/ruby/site_ruby/3.3.0/bundler/vendor/thor/lib/thor/base.rb:584:in `start'
	from /home/deploy/.asdf/installs/ruby/3.3.3/lib/ruby/site_ruby/3.3.0/bundler/cli.rb:29:in `start'
	from /home/deploy/.asdf/installs/ruby/3.3.3/lib/ruby/gems/3.3.0/gems/bundler-2.5.17/exe/bundle:28:in `block in <top (required)>'
	from /home/deploy/.asdf/installs/ruby/3.3.3/lib/ruby/site_ruby/3.3.0/bundler/friendly_errors.rb:117:in `with_friendly_errors'
	from /home/deploy/.asdf/installs/ruby/3.3.3/lib/ruby/gems/3.3.0/gems/bundler-2.5.17/exe/bundle:20:in `<top (required)>'
	from /home/deploy/.asdf/installs/ruby/3.3.3/bin/bundle:25:in `load'
	from /home/deploy/.asdf/installs/ruby/3.3.3/bin/bundle:25:in `<main>'
Indexed /home/deploy/eads/nncm/nncm_5040.xml (in 61.971 secs).
Loading /home/deploy/eads/nncm/nncm_5175.xml into index...
I, [2024-09-10T11:02:39.994374 #1168870]  INFO -- : traject (3.8.2) executing with: `-u http://127.0.0.1:8983/solr/blacklight-core/ -i xml -c /home/deploy/.asdf/installs/ruby/3.3.3/lib/ruby/gems/3.3.0/gems/arclight-1.4.0/lib/arclight/traject/ead2_config.rb /home/deploy/eads/nncm/nncm_5175.xml`
I, [2024-09-10T11:02:39.994761 #1168870]  INFO -- : Reading from /home/deploy/eads/nncm/nncm_5175.xml
D, [2024-09-10T11:02:39.995029 #1168870] DEBUG -- : beginning Traject::Indexer#process with settings: {"solr.url"=>"http://127.0.0.1:8983/solr/blacklight-core/", "component_traject_config"=>"/home/deploy/.asdf/installs/ruby/3.3.3/lib/ruby/gems/3.3.0/gems/arclight-1.4.0/lib/arclight/traject/ead2_component_config.rb", "id_normalizer"=>"Arclight::NormalizedId", "date_normalizer"=>"Arclight::NormalizedDate", "title_normalizer"=>"Arclight::NormalizedTitle", "reader_class_name"=>"Arclight::Traject::NokogiriNamespacelessReader", "solr_writer.commit_on_close"=>"true", "repository"=>"nncm", "logger"=>#<Logger:0x0000f3e797d29650 @level=0, @progname=nil, @default_formatter=#<Logger::Formatter:0x0000f3e797d28ef8 @datetime_format=nil>, @formatter=nil, @logdev=#<Logger::LogDevice:0x0000f3e798322e58 @shift_period_suffix=nil, @shift_size=nil, @shift_age=nil, @filename=nil, @dev=#<IO:<STDERR>>, @binmode=false, @reraise_write_errors=[], @mon_data=#<Monitor:0x0000f3e797d28930>, @mon_data_owner_object_id=4300>, @level_override={}>, "command_line.filename"=>"/home/deploy/eads/nncm/nncm_5175.xml", "writer_class_name"=>"Traject::SolrJsonWriter", "solr_writer.batch_size"=>100, "solr_writer.thread_pool"=>1, "processing_thread_pool"=>1, "log.batch_size.severity"=>"info", "allow_nil_values"=>false, "allow_duplicate_values"=>true, "allow_empty_fields"=>false}
I, [2024-09-10T11:02:40.038383 #1168870]  INFO -- :    Traject::SolrJsonWriter writing to 'http://127.0.0.1:8983/solr/blacklight-core/update/json' in batches of 100 with 1 bg threads
I, [2024-09-10T11:02:40.038526 #1168870]  INFO -- :    Traject::Indexer with 1 processing threads, reader: Arclight::Traject::NokogiriNamespacelessReader and writer: Traject::SolrJsonWriter
D, [2024-09-10T11:02:40.039825 #1168870] DEBUG -- : Shutting down #processing mapper threadpool...
D, [2024-09-10T11:02:40.057784 #1168870] DEBUG -- : #processing mapper threadpool shutdown complete.
D, [2024-09-10T11:02:40.058099 #1168870] DEBUG -- : Traject::SolrJsonWriter: Shutting down thread pool, waiting if needed...
D, [2024-09-10T11:02:40.058191 #1168870] DEBUG -- : Traject::SolrJsonWriter: sending batch of 1 to Solr
D, [2024-09-10T11:02:40.072510 #1168870] DEBUG -- : Traject::SolrJsonWriter: Thread pool shutdown complete
I, [2024-09-10T11:02:40.072593 #1168870]  INFO -- : Traject::SolrJsonWriter sending commit to solr at url http://127.0.0.1:8983/solr/blacklight-core/update/json...
F, [2024-09-10T11:03:40.073873 #1168870] FATAL -- : Traject::CommandLine: Unexpected exception, terminating execution:     Exception: HTTPClient::ReceiveTimeoutError: execution expired
    /home/deploy/.asdf/installs/ruby/3.3.3/lib/ruby/gems/3.3.0/gems/httpclient-2.8.3/lib/httpclient/session.rb:805:in `gets'

bundler: failed to load command: traject (/home/deploy/.asdf/installs/ruby/3.3.3/bin/traject)
/home/deploy/.asdf/installs/ruby/3.3.3/lib/ruby/gems/3.3.0/gems/httpclient-2.8.3/lib/httpclient/session.rb:805:in `gets': execution expired (HTTPClient::ReceiveTimeoutError)
	from /home/deploy/.asdf/installs/ruby/3.3.3/lib/ruby/gems/3.3.0/gems/httpclient-2.8.3/lib/httpclient/session.rb:805:in `block in parse_header'
	from /home/deploy/.asdf/installs/ruby/3.3.3/lib/ruby/gems/3.3.0/gems/timeout-0.4.1/lib/timeout.rb:186:in `block in timeout'
	from /home/deploy/.asdf/installs/ruby/3.3.3/lib/ruby/gems/3.3.0/gems/timeout-0.4.1/lib/timeout.rb:193:in `timeout'
	from /home/deploy/.asdf/installs/ruby/3.3.3/lib/ruby/gems/3.3.0/gems/httpclient-2.8.3/lib/httpclient/session.rb:801:in `parse_header'
	from /home/deploy/.asdf/installs/ruby/3.3.3/lib/ruby/gems/3.3.0/gems/httpclient-2.8.3/lib/httpclient/session.rb:784:in `read_header'
	from /home/deploy/.asdf/installs/ruby/3.3.3/lib/ruby/gems/3.3.0/gems/httpclient-2.8.3/lib/httpclient/session.rb:561:in `get_header'
	from /home/deploy/.asdf/installs/ruby/3.3.3/lib/ruby/gems/3.3.0/gems/httpclient-2.8.3/lib/httpclient.rb:1299:in `do_get_header'
	from /home/deploy/.asdf/installs/ruby/3.3.3/lib/ruby/gems/3.3.0/gems/httpclient-2.8.3/lib/httpclient.rb:1245:in `do_get_block'
	from /home/deploy/.asdf/installs/ruby/3.3.3/lib/ruby/gems/3.3.0/gems/httpclient-2.8.3/lib/httpclient.rb:1019:in `block in do_request'
	from /home/deploy/.asdf/installs/ruby/3.3.3/lib/ruby/gems/3.3.0/gems/httpclient-2.8.3/lib/httpclient.rb:1133:in `protect_keep_alive_disconnected'
	from /home/deploy/.asdf/installs/ruby/3.3.3/lib/ruby/gems/3.3.0/gems/httpclient-2.8.3/lib/httpclient.rb:1014:in `do_request'
	from /home/deploy/.asdf/installs/ruby/3.3.3/lib/ruby/gems/3.3.0/gems/httpclient-2.8.3/lib/httpclient.rb:856:in `request'
	from /home/deploy/.asdf/installs/ruby/3.3.3/lib/ruby/gems/3.3.0/gems/httpclient-2.8.3/lib/httpclient.rb:743:in `get'
	from /home/deploy/.asdf/installs/ruby/3.3.3/lib/ruby/gems/3.3.0/gems/traject-3.8.2/lib/traject/solr_json_writer.rb:370:in `commit'
	from /home/deploy/.asdf/installs/ruby/3.3.3/lib/ruby/gems/3.3.0/gems/traject-3.8.2/lib/traject/solr_json_writer.rb:339:in `close'
	from /home/deploy/.asdf/installs/ruby/3.3.3/lib/ruby/gems/3.3.0/gems/traject-3.8.2/lib/traject/indexer.rb:638:in `complete'
	from /home/deploy/.asdf/installs/ruby/3.3.3/lib/ruby/gems/3.3.0/gems/traject-3.8.2/lib/traject/indexer.rb:607:in `process'
	from /home/deploy/.asdf/installs/ruby/3.3.3/lib/ruby/gems/3.3.0/gems/traject-3.8.2/lib/traject/command_line.rb:73:in `execute'
	from /home/deploy/.asdf/installs/ruby/3.3.3/lib/ruby/gems/3.3.0/gems/traject-3.8.2/bin/traject:14:in `<top (required)>'
	from /home/deploy/.asdf/installs/ruby/3.3.3/bin/traject:25:in `load'
	from /home/deploy/.asdf/installs/ruby/3.3.3/bin/traject:25:in `<top (required)>'
	from /home/deploy/.asdf/installs/ruby/3.3.3/lib/ruby/site_ruby/3.3.0/bundler/cli/exec.rb:58:in `load'
	from /home/deploy/.asdf/installs/ruby/3.3.3/lib/ruby/site_ruby/3.3.0/bundler/cli/exec.rb:58:in `kernel_load'
	from /home/deploy/.asdf/installs/ruby/3.3.3/lib/ruby/site_ruby/3.3.0/bundler/cli/exec.rb:23:in `run'
	from /home/deploy/.asdf/installs/ruby/3.3.3/lib/ruby/site_ruby/3.3.0/bundler/cli.rb:455:in `exec'
	from /home/deploy/.asdf/installs/ruby/3.3.3/lib/ruby/site_ruby/3.3.0/bundler/vendor/thor/lib/thor/command.rb:28:in `run'
	from /home/deploy/.asdf/installs/ruby/3.3.3/lib/ruby/site_ruby/3.3.0/bundler/vendor/thor/lib/thor/invocation.rb:127:in `invoke_command'
	from /home/deploy/.asdf/installs/ruby/3.3.3/lib/ruby/site_ruby/3.3.0/bundler/vendor/thor/lib/thor.rb:527:in `dispatch'
	from /home/deploy/.asdf/installs/ruby/3.3.3/lib/ruby/site_ruby/3.3.0/bundler/cli.rb:35:in `dispatch'
	from /home/deploy/.asdf/installs/ruby/3.3.3/lib/ruby/site_ruby/3.3.0/bundler/vendor/thor/lib/thor/base.rb:584:in `start'
	from /home/deploy/.asdf/installs/ruby/3.3.3/lib/ruby/site_ruby/3.3.0/bundler/cli.rb:29:in `start'
	from /home/deploy/.asdf/installs/ruby/3.3.3/lib/ruby/gems/3.3.0/gems/bundler-2.5.17/exe/bundle:28:in `block in <top (required)>'
	from /home/deploy/.asdf/installs/ruby/3.3.3/lib/ruby/site_ruby/3.3.0/bundler/friendly_errors.rb:117:in `with_friendly_errors'
	from /home/deploy/.asdf/installs/ruby/3.3.3/lib/ruby/gems/3.3.0/gems/bundler-2.5.17/exe/bundle:20:in `<top (required)>'
	from /home/deploy/.asdf/installs/ruby/3.3.3/bin/bundle:25:in `load'
	from /home/deploy/.asdf/installs/ruby/3.3.3/bin/bundle:25:in `<main>'
Indexed /home/deploy/eads/nncm/nncm_5175.xml (in 61.975 secs).
/home/deploy/scripts/harvest/archipelago/archipelago-xml-files.sh: line 5: bundle: command not found
/home/deploy/scripts/harvest/archipelago/archipelago-xml-files.sh: line 8: bundle: command not found
/home/deploy/scripts/harvest/archipelago/archipelago-xml-files.sh: line 9: bundle: command not found
/home/deploy/scripts/harvest/archipelago/archipelago-xml-files.sh: line 10: bundle: command not found
/home/deploy/scripts/harvest/archipelago/archipelago-xml-files.sh: line 11: bundle: command not found
/home/deploy/scripts/harvest/archipelago/archipelago-xml-files.sh: line 12: bundle: command not found
/home/deploy/scripts/harvest/archipelago/archipelago-xml-files.sh: line 6: bundle: command not found
/home/deploy/scripts/harvest/archipelago/archipelago-xml-files.sh: line 9: bundle: command not found
/home/deploy/scripts/harvest/archipelago/archipelago-xml-files.sh: line 10: bundle: command not found
/home/deploy/scripts/harvest/archipelago/archipelago-xml-files.sh: line 11: bundle: command not found
/home/deploy/scripts/harvest/archipelago/archipelago-xml-files.sh: line 12: bundle: command not found
/home/deploy/scripts/harvest/archipelago/archipelago-xml-files.sh: line 13: bundle: command not found
/home/deploy/scripts/harvest/archipelago/archipelago-xml-files.sh: line 6: bundle: command not found
/home/deploy/scripts/harvest/archipelago/archipelago-xml-files.sh: line 9: bundle: command not found
/home/deploy/scripts/harvest/archipelago/archipelago-xml-files.sh: line 10: bundle: command not found
/home/deploy/scripts/harvest/archipelago/archipelago-xml-files.sh: line 11: bundle: command not found
/home/deploy/scripts/harvest/archipelago/archipelago-xml-files.sh: line 12: bundle: command not found
/home/deploy/scripts/harvest/archipelago/archipelago-xml-files.sh: line 13: bundle: command not found
/home/deploy/scripts/harvest/archipelago/archipelago-xml-files.sh: line 6: bundle: command not found
/home/deploy/scripts/harvest/archipelago/archipelago-xml-files.sh: line 9: bundle: command not found
/home/deploy/scripts/harvest/archipelago/archipelago-xml-files.sh: line 10: bundle: command not found
/home/deploy/scripts/harvest/archipelago/archipelago-xml-files.sh: line 11: bundle: command not found
/home/deploy/scripts/harvest/archipelago/archipelago-xml-files.sh: line 12: bundle: command not found
/home/deploy/scripts/harvest/archipelago/archipelago-xml-files.sh: line 13: bundle: command not found
/home/deploy/scripts/harvest/archipelago/archipelago-xml-files.sh: line 6: bundle: command not found
/home/deploy/scripts/harvest/archipelago/archipelago-xml-files.sh: line 9: bundle: command not found
/home/deploy/scripts/harvest/archipelago/archipelago-xml-files.sh: line 10: bundle: command not found
/home/deploy/scripts/harvest/archipelago/archipelago-xml-files.sh: line 11: bundle: command not found
/home/deploy/scripts/harvest/archipelago/archipelago-xml-files.sh: line 12: bundle: command not found
/home/deploy/scripts/harvest/archipelago/archipelago-xml-files.sh: line 13: bundle: command not found
/home/deploy/scripts/harvest/archipelago/archipelago-xml-files.sh: line 6: bundle: command not found
/home/deploy/scripts/harvest/archipelago/archipelago-xml-files.sh: line 10: bundle: command not found
/home/deploy/scripts/harvest/archipelago/archipelago-xml-files.sh: line 11: bundle: command not found
/home/deploy/scripts/harvest/archipelago/archipelago-xml-files.sh: line 12: bundle: command not found
/home/deploy/scripts/harvest/archipelago/archipelago-xml-files.sh: line 13: bundle: command not found
/home/deploy/scripts/harvest/archipelago/archipelago-xml-files.sh: line 14: bundle: command not found
/home/deploy/scripts/harvest/archipelago/archipelago-xml-files.sh: line 6: bundle: command not found
/home/deploy/scripts/harvest/archipelago/archipelago-xml-files.sh: line 10: bundle: command not found
/home/deploy/scripts/harvest/archipelago/archipelago-xml-files.sh: line 11: bundle: command not found
/home/deploy/scripts/harvest/archipelago/archipelago-xml-files.sh: line 12: bundle: command not found
/home/deploy/scripts/harvest/archipelago/archipelago-xml-files.sh: line 13: bundle: command not found
/home/deploy/scripts/harvest/archipelago/archipelago-xml-files.sh: line 14: bundle: command not found
/home/deploy/scripts/harvest/archipelago/archipelago-xml-files.sh: line 6: bundle: command not found
/home/deploy/scripts/harvest/archipelago/archipelago-xml-files.sh: line 10: bundle: command not found
/home/deploy/scripts/harvest/archipelago/archipelago-xml-files.sh: line 11: bundle: command not found
/home/deploy/scripts/harvest/archipelago/archipelago-xml-files.sh: line 12: bundle: command not found
/home/deploy/scripts/harvest/archipelago/archipelago-xml-files.sh: line 13: bundle: command not found
/home/deploy/scripts/harvest/archipelago/archipelago-xml-files.sh: line 14: bundle: command not found
/home/deploy/scripts/harvest/archipelago/archipelago-xml-files.sh: line 6: bundle: command not found
/home/deploy/scripts/harvest/archipelago/archipelago-xml-files.sh: line 10: bundle: command not found
/home/deploy/scripts/harvest/archipelago/archipelago-xml-files.sh: line 11: bundle: command not found
/home/deploy/scripts/harvest/archipelago/archipelago-xml-files.sh: line 12: bundle: command not found
/home/deploy/scripts/harvest/archipelago/archipelago-xml-files.sh: line 13: bundle: command not found
/home/deploy/scripts/harvest/archipelago/archipelago-xml-files.sh: line 14: bundle: command not found
/home/deploy/scripts/harvest/archipelago/archipelago-xml-files.sh: line 7: bundle: command not found
/home/deploy/scripts/harvest/archipelago/archipelago-xml-files.sh: line 11: bundle: command not found
/home/deploy/scripts/harvest/archipelago/archipelago-xml-files.sh: line 12: bundle: command not found
/home/deploy/scripts/harvest/archipelago/archipelago-xml-files.sh: line 13: bundle: command not found
/home/deploy/scripts/harvest/archipelago/archipelago-xml-files.sh: line 14: bundle: command not found
/home/deploy/scripts/harvest/archipelago/archipelago-xml-files.sh: line 7: bundle: command not found
/home/deploy/scripts/harvest/archipelago/archipelago-xml-files.sh: line 11: bundle: command not found
/home/deploy/scripts/harvest/archipelago/archipelago-xml-files.sh: line 12: bundle: command not found
/home/deploy/scripts/harvest/archipelago/archipelago-xml-files.sh: line 13: bundle: command not found
/home/deploy/scripts/harvest/archipelago/archipelago-xml-files.sh: line 14: bundle: command not found
/home/deploy/scripts/harvest/archipelago/archipelago-xml-files.sh: line 7: bundle: command not found
/home/deploy/scripts/harvest/archipelago/archipelago-xml-files.sh: line 11: bundle: command not found
/home/deploy/scripts/harvest/archipelago/archipelago-xml-files.sh: line 12: bundle: command not found
/home/deploy/scripts/harvest/archipelago/archipelago-xml-files.sh: line 13: bundle: command not found
/home/deploy/scripts/harvest/archipelago/archipelago-xml-files.sh: line 14: bundle: command not found
/home/deploy/scripts/harvest/archipelago/archipelago-xml-files.sh: line 7: bundle: command not found
/home/deploy/scripts/harvest/archipelago/archipelago-xml-files.sh: line 11: bundle: command not found
/home/deploy/scripts/harvest/archipelago/archipelago-xml-files.sh: line 12: bundle: command not found
/home/deploy/scripts/harvest/archipelago/archipelago-xml-files.sh: line 13: bundle: command not found
/home/deploy/scripts/harvest/archipelago/archipelago-xml-files.sh: line 14: bundle: command not found
/home/deploy/scripts/harvest/archipelago/archipelago-xml-files.sh: line 7: bundle: command not found
/home/deploy/scripts/harvest/archipelago/archipelago-xml-files.sh: line 11: bundle: command not found
/home/deploy/scripts/harvest/archipelago/archipelago-xml-files.sh: line 12: bundle: command not found
/home/deploy/scripts/harvest/archipelago/archipelago-xml-files.sh: line 13: bundle: command not found
/home/deploy/scripts/harvest/archipelago/archipelago-xml-files.sh: line 14: bundle: command not found
/home/deploy/scripts/harvest/archipelago/archipelago-xml-files.sh: line 7: bundle: command not found
/home/deploy/scripts/harvest/archipelago/archipelago-xml-files.sh: line 11: bundle: command not found
/home/deploy/scripts/harvest/archipelago/archipelago-xml-files.sh: line 12: bundle: command not found
/home/deploy/scripts/harvest/archipelago/archipelago-xml-files.sh: line 13: bundle: command not found
/home/deploy/scripts/harvest/archipelago/archipelago-xml-files.sh: line 14: bundle: command not found
Loading /home/deploy/eads/nncm/nncm_3683.xml into index...
I, [2024-10-01T09:58:59.532322 #2835125]  INFO -- : traject (3.8.2) executing with: `-u http://127.0.0.1:8983/solr/blacklight-core/ -i xml -c /home/deploy/.asdf/installs/ruby/3.3.3/lib/ruby/gems/3.3.0/gems/arclight-1.4.0/lib/arclight/traject/ead2_config.rb /home/deploy/eads/nncm/nncm_3683.xml`
I, [2024-10-01T09:58:59.532743 #2835125]  INFO -- : Reading from /home/deploy/eads/nncm/nncm_3683.xml
D, [2024-10-01T09:58:59.533028 #2835125] DEBUG -- : beginning Traject::Indexer#process with settings: {"solr.url"=>"http://127.0.0.1:8983/solr/blacklight-core/", "component_traject_config"=>"/home/deploy/.asdf/installs/ruby/3.3.3/lib/ruby/gems/3.3.0/gems/arclight-1.4.0/lib/arclight/traject/ead2_component_config.rb", "id_normalizer"=>"Arclight::NormalizedId", "date_normalizer"=>"Arclight::NormalizedDate", "title_normalizer"=>"Arclight::NormalizedTitle", "reader_class_name"=>"Arclight::Traject::NokogiriNamespacelessReader", "solr_writer.commit_on_close"=>"true", "repository"=>"nncm", "logger"=>#<Logger:0x0000eee1ea9e6bd0 @level=0, @progname=nil, @default_formatter=#<Logger::Formatter:0x0000eee1ea9e6338 @datetime_format=nil>, @formatter=nil, @logdev=#<Logger::LogDevice:0x0000eee1eabf7d70 @shift_period_suffix=nil, @shift_size=nil, @shift_age=nil, @filename=nil, @dev=#<IO:<STDERR>>, @binmode=false, @reraise_write_errors=[], @mon_data=#<Monitor:0x0000eee1ea9e4e98>, @mon_data_owner_object_id=4300>, @level_override={}>, "command_line.filename"=>"/home/deploy/eads/nncm/nncm_3683.xml", "writer_class_name"=>"Traject::SolrJsonWriter", "solr_writer.batch_size"=>100, "solr_writer.thread_pool"=>1, "processing_thread_pool"=>1, "log.batch_size.severity"=>"info", "allow_nil_values"=>false, "allow_duplicate_values"=>true, "allow_empty_fields"=>false}
I, [2024-10-01T09:58:59.571600 #2835125]  INFO -- :    Traject::SolrJsonWriter writing to 'http://127.0.0.1:8983/solr/blacklight-core/update/json' in batches of 100 with 1 bg threads
I, [2024-10-01T09:58:59.571684 #2835125]  INFO -- :    Traject::Indexer with 1 processing threads, reader: Arclight::Traject::NokogiriNamespacelessReader and writer: Traject::SolrJsonWriter
D, [2024-10-01T09:58:59.572604 #2835125] DEBUG -- : Shutting down #processing mapper threadpool...
D, [2024-10-01T09:58:59.589838 #2835125] DEBUG -- : #processing mapper threadpool shutdown complete.
D, [2024-10-01T09:58:59.590175 #2835125] DEBUG -- : Traject::SolrJsonWriter: Shutting down thread pool, waiting if needed...
D, [2024-10-01T09:58:59.590265 #2835125] DEBUG -- : Traject::SolrJsonWriter: sending batch of 1 to Solr
D, [2024-10-01T09:58:59.594846 #2835125] DEBUG -- : Traject::SolrJsonWriter: Thread pool shutdown complete
I, [2024-10-01T09:58:59.594930 #2835125]  INFO -- : Traject::SolrJsonWriter sending commit to solr at url http://127.0.0.1:8983/solr/blacklight-core/update/json...
F, [2024-10-01T09:59:59.596085 #2835125] FATAL -- : Traject::CommandLine: Unexpected exception, terminating execution:     Exception: HTTPClient::ReceiveTimeoutError: execution expired
    /home/deploy/.asdf/installs/ruby/3.3.3/lib/ruby/gems/3.3.0/gems/httpclient-2.8.3/lib/httpclient/session.rb:805:in `gets'

bundler: failed to load command: traject (/home/deploy/.asdf/installs/ruby/3.3.3/bin/traject)
/home/deploy/.asdf/installs/ruby/3.3.3/lib/ruby/gems/3.3.0/gems/httpclient-2.8.3/lib/httpclient/session.rb:805:in `gets': execution expired (HTTPClient::ReceiveTimeoutError)
	from /home/deploy/.asdf/installs/ruby/3.3.3/lib/ruby/gems/3.3.0/gems/httpclient-2.8.3/lib/httpclient/session.rb:805:in `block in parse_header'
	from /home/deploy/.asdf/installs/ruby/3.3.3/lib/ruby/gems/3.3.0/gems/timeout-0.4.1/lib/timeout.rb:186:in `block in timeout'
	from /home/deploy/.asdf/installs/ruby/3.3.3/lib/ruby/gems/3.3.0/gems/timeout-0.4.1/lib/timeout.rb:193:in `timeout'
	from /home/deploy/.asdf/installs/ruby/3.3.3/lib/ruby/gems/3.3.0/gems/httpclient-2.8.3/lib/httpclient/session.rb:801:in `parse_header'
	from /home/deploy/.asdf/installs/ruby/3.3.3/lib/ruby/gems/3.3.0/gems/httpclient-2.8.3/lib/httpclient/session.rb:784:in `read_header'
	from /home/deploy/.asdf/installs/ruby/3.3.3/lib/ruby/gems/3.3.0/gems/httpclient-2.8.3/lib/httpclient/session.rb:561:in `get_header'
	from /home/deploy/.asdf/installs/ruby/3.3.3/lib/ruby/gems/3.3.0/gems/httpclient-2.8.3/lib/httpclient.rb:1299:in `do_get_header'
	from /home/deploy/.asdf/installs/ruby/3.3.3/lib/ruby/gems/3.3.0/gems/httpclient-2.8.3/lib/httpclient.rb:1245:in `do_get_block'
	from /home/deploy/.asdf/installs/ruby/3.3.3/lib/ruby/gems/3.3.0/gems/httpclient-2.8.3/lib/httpclient.rb:1019:in `block in do_request'
	from /home/deploy/.asdf/installs/ruby/3.3.3/lib/ruby/gems/3.3.0/gems/httpclient-2.8.3/lib/httpclient.rb:1133:in `protect_keep_alive_disconnected'
	from /home/deploy/.asdf/installs/ruby/3.3.3/lib/ruby/gems/3.3.0/gems/httpclient-2.8.3/lib/httpclient.rb:1014:in `do_request'
	from /home/deploy/.asdf/installs/ruby/3.3.3/lib/ruby/gems/3.3.0/gems/httpclient-2.8.3/lib/httpclient.rb:856:in `request'
	from /home/deploy/.asdf/installs/ruby/3.3.3/lib/ruby/gems/3.3.0/gems/httpclient-2.8.3/lib/httpclient.rb:743:in `get'
	from /home/deploy/.asdf/installs/ruby/3.3.3/lib/ruby/gems/3.3.0/gems/traject-3.8.2/lib/traject/solr_json_writer.rb:370:in `commit'
	from /home/deploy/.asdf/installs/ruby/3.3.3/lib/ruby/gems/3.3.0/gems/traject-3.8.2/lib/traject/solr_json_writer.rb:339:in `close'
	from /home/deploy/.asdf/installs/ruby/3.3.3/lib/ruby/gems/3.3.0/gems/traject-3.8.2/lib/traject/indexer.rb:638:in `complete'
	from /home/deploy/.asdf/installs/ruby/3.3.3/lib/ruby/gems/3.3.0/gems/traject-3.8.2/lib/traject/indexer.rb:607:in `process'
	from /home/deploy/.asdf/installs/ruby/3.3.3/lib/ruby/gems/3.3.0/gems/traject-3.8.2/lib/traject/command_line.rb:73:in `execute'
	from /home/deploy/.asdf/installs/ruby/3.3.3/lib/ruby/gems/3.3.0/gems/traject-3.8.2/bin/traject:14:in `<top (required)>'
	from /home/deploy/.asdf/installs/ruby/3.3.3/bin/traject:25:in `load'
	from /home/deploy/.asdf/installs/ruby/3.3.3/bin/traject:25:in `<top (required)>'
	from /home/deploy/.asdf/installs/ruby/3.3.3/lib/ruby/site_ruby/3.3.0/bundler/cli/exec.rb:58:in `load'
	from /home/deploy/.asdf/installs/ruby/3.3.3/lib/ruby/site_ruby/3.3.0/bundler/cli/exec.rb:58:in `kernel_load'
	from /home/deploy/.asdf/installs/ruby/3.3.3/lib/ruby/site_ruby/3.3.0/bundler/cli/exec.rb:23:in `run'
	from /home/deploy/.asdf/installs/ruby/3.3.3/lib/ruby/site_ruby/3.3.0/bundler/cli.rb:455:in `exec'
	from /home/deploy/.asdf/installs/ruby/3.3.3/lib/ruby/site_ruby/3.3.0/bundler/vendor/thor/lib/thor/command.rb:28:in `run'
	from /home/deploy/.asdf/installs/ruby/3.3.3/lib/ruby/site_ruby/3.3.0/bundler/vendor/thor/lib/thor/invocation.rb:127:in `invoke_command'
	from /home/deploy/.asdf/installs/ruby/3.3.3/lib/ruby/site_ruby/3.3.0/bundler/vendor/thor/lib/thor.rb:527:in `dispatch'
	from /home/deploy/.asdf/installs/ruby/3.3.3/lib/ruby/site_ruby/3.3.0/bundler/cli.rb:35:in `dispatch'
	from /home/deploy/.asdf/installs/ruby/3.3.3/lib/ruby/site_ruby/3.3.0/bundler/vendor/thor/lib/thor/base.rb:584:in `start'
	from /home/deploy/.asdf/installs/ruby/3.3.3/lib/ruby/site_ruby/3.3.0/bundler/cli.rb:29:in `start'
	from /home/deploy/.asdf/installs/ruby/3.3.3/lib/ruby/gems/3.3.0/gems/bundler-2.5.17/exe/bundle:28:in `block in <top (required)>'
	from /home/deploy/.asdf/installs/ruby/3.3.3/lib/ruby/site_ruby/3.3.0/bundler/friendly_errors.rb:117:in `with_friendly_errors'
	from /home/deploy/.asdf/installs/ruby/3.3.3/lib/ruby/gems/3.3.0/gems/bundler-2.5.17/exe/bundle:20:in `<top (required)>'
	from /home/deploy/.asdf/installs/ruby/3.3.3/bin/bundle:25:in `load'
	from /home/deploy/.asdf/installs/ruby/3.3.3/bin/bundle:25:in `<main>'
Indexed /home/deploy/eads/nncm/nncm_3683.xml (in 61.95 secs).
Loading /home/deploy/eads/nncm/nncm_5029.xml into index...
I, [2024-10-01T10:05:34.307679 #2836424]  INFO -- : traject (3.8.2) executing with: `-u http://127.0.0.1:8983/solr/blacklight-core/ -i xml -c /home/deploy/.asdf/installs/ruby/3.3.3/lib/ruby/gems/3.3.0/gems/arclight-1.4.0/lib/arclight/traject/ead2_config.rb /home/deploy/eads/nncm/nncm_5029.xml`
I, [2024-10-01T10:05:34.308060 #2836424]  INFO -- : Reading from /home/deploy/eads/nncm/nncm_5029.xml
D, [2024-10-01T10:05:34.308333 #2836424] DEBUG -- : beginning Traject::Indexer#process with settings: {"solr.url"=>"http://127.0.0.1:8983/solr/blacklight-core/", "component_traject_config"=>"/home/deploy/.asdf/installs/ruby/3.3.3/lib/ruby/gems/3.3.0/gems/arclight-1.4.0/lib/arclight/traject/ead2_component_config.rb", "id_normalizer"=>"Arclight::NormalizedId", "date_normalizer"=>"Arclight::NormalizedDate", "title_normalizer"=>"Arclight::NormalizedTitle", "reader_class_name"=>"Arclight::Traject::NokogiriNamespacelessReader", "solr_writer.commit_on_close"=>"true", "repository"=>"nncm", "logger"=>#<Logger:0x0000eb25d17cabe0 @level=0, @progname=nil, @default_formatter=#<Logger::Formatter:0x0000eb25d17ca078 @datetime_format=nil>, @formatter=nil, @logdev=#<Logger::LogDevice:0x0000eb25d1dd6e08 @shift_period_suffix=nil, @shift_size=nil, @shift_age=nil, @filename=nil, @dev=#<IO:<STDERR>>, @binmode=false, @reraise_write_errors=[], @mon_data=#<Monitor:0x0000eb25d17c97b8>, @mon_data_owner_object_id=4300>, @level_override={}>, "command_line.filename"=>"/home/deploy/eads/nncm/nncm_5029.xml", "writer_class_name"=>"Traject::SolrJsonWriter", "solr_writer.batch_size"=>100, "solr_writer.thread_pool"=>1, "processing_thread_pool"=>1, "log.batch_size.severity"=>"info", "allow_nil_values"=>false, "allow_duplicate_values"=>true, "allow_empty_fields"=>false}
I, [2024-10-01T10:05:34.346366 #2836424]  INFO -- :    Traject::SolrJsonWriter writing to 'http://127.0.0.1:8983/solr/blacklight-core/update/json' in batches of 100 with 1 bg threads
I, [2024-10-01T10:05:34.346437 #2836424]  INFO -- :    Traject::Indexer with 1 processing threads, reader: Arclight::Traject::NokogiriNamespacelessReader and writer: Traject::SolrJsonWriter
D, [2024-10-01T10:05:34.347385 #2836424] DEBUG -- : Shutting down #processing mapper threadpool...
D, [2024-10-01T10:05:34.361368 #2836424] DEBUG -- : #processing mapper threadpool shutdown complete.
D, [2024-10-01T10:05:34.361678 #2836424] DEBUG -- : Traject::SolrJsonWriter: Shutting down thread pool, waiting if needed...
D, [2024-10-01T10:05:34.361768 #2836424] DEBUG -- : Traject::SolrJsonWriter: sending batch of 1 to Solr
D, [2024-10-01T10:05:34.366403 #2836424] DEBUG -- : Traject::SolrJsonWriter: Thread pool shutdown complete
I, [2024-10-01T10:05:34.366484 #2836424]  INFO -- : Traject::SolrJsonWriter sending commit to solr at url http://127.0.0.1:8983/solr/blacklight-core/update/json...
F, [2024-10-01T10:06:34.367867 #2836424] FATAL -- : Traject::CommandLine: Unexpected exception, terminating execution:     Exception: HTTPClient::ReceiveTimeoutError: execution expired
    /home/deploy/.asdf/installs/ruby/3.3.3/lib/ruby/gems/3.3.0/gems/httpclient-2.8.3/lib/httpclient/session.rb:805:in `gets'

bundler: failed to load command: traject (/home/deploy/.asdf/installs/ruby/3.3.3/bin/traject)
/home/deploy/.asdf/installs/ruby/3.3.3/lib/ruby/gems/3.3.0/gems/httpclient-2.8.3/lib/httpclient/session.rb:805:in `gets': execution expired (HTTPClient::ReceiveTimeoutError)
	from /home/deploy/.asdf/installs/ruby/3.3.3/lib/ruby/gems/3.3.0/gems/httpclient-2.8.3/lib/httpclient/session.rb:805:in `block in parse_header'
	from /home/deploy/.asdf/installs/ruby/3.3.3/lib/ruby/gems/3.3.0/gems/timeout-0.4.1/lib/timeout.rb:186:in `block in timeout'
	from /home/deploy/.asdf/installs/ruby/3.3.3/lib/ruby/gems/3.3.0/gems/timeout-0.4.1/lib/timeout.rb:193:in `timeout'
	from /home/deploy/.asdf/installs/ruby/3.3.3/lib/ruby/gems/3.3.0/gems/httpclient-2.8.3/lib/httpclient/session.rb:801:in `parse_header'
	from /home/deploy/.asdf/installs/ruby/3.3.3/lib/ruby/gems/3.3.0/gems/httpclient-2.8.3/lib/httpclient/session.rb:784:in `read_header'
	from /home/deploy/.asdf/installs/ruby/3.3.3/lib/ruby/gems/3.3.0/gems/httpclient-2.8.3/lib/httpclient/session.rb:561:in `get_header'
	from /home/deploy/.asdf/installs/ruby/3.3.3/lib/ruby/gems/3.3.0/gems/httpclient-2.8.3/lib/httpclient.rb:1299:in `do_get_header'
	from /home/deploy/.asdf/installs/ruby/3.3.3/lib/ruby/gems/3.3.0/gems/httpclient-2.8.3/lib/httpclient.rb:1245:in `do_get_block'
	from /home/deploy/.asdf/installs/ruby/3.3.3/lib/ruby/gems/3.3.0/gems/httpclient-2.8.3/lib/httpclient.rb:1019:in `block in do_request'
	from /home/deploy/.asdf/installs/ruby/3.3.3/lib/ruby/gems/3.3.0/gems/httpclient-2.8.3/lib/httpclient.rb:1133:in `protect_keep_alive_disconnected'
	from /home/deploy/.asdf/installs/ruby/3.3.3/lib/ruby/gems/3.3.0/gems/httpclient-2.8.3/lib/httpclient.rb:1014:in `do_request'
	from /home/deploy/.asdf/installs/ruby/3.3.3/lib/ruby/gems/3.3.0/gems/httpclient-2.8.3/lib/httpclient.rb:856:in `request'
	from /home/deploy/.asdf/installs/ruby/3.3.3/lib/ruby/gems/3.3.0/gems/httpclient-2.8.3/lib/httpclient.rb:743:in `get'
	from /home/deploy/.asdf/installs/ruby/3.3.3/lib/ruby/gems/3.3.0/gems/traject-3.8.2/lib/traject/solr_json_writer.rb:370:in `commit'
	from /home/deploy/.asdf/installs/ruby/3.3.3/lib/ruby/gems/3.3.0/gems/traject-3.8.2/lib/traject/solr_json_writer.rb:339:in `close'
	from /home/deploy/.asdf/installs/ruby/3.3.3/lib/ruby/gems/3.3.0/gems/traject-3.8.2/lib/traject/indexer.rb:638:in `complete'
	from /home/deploy/.asdf/installs/ruby/3.3.3/lib/ruby/gems/3.3.0/gems/traject-3.8.2/lib/traject/indexer.rb:607:in `process'
	from /home/deploy/.asdf/installs/ruby/3.3.3/lib/ruby/gems/3.3.0/gems/traject-3.8.2/lib/traject/command_line.rb:73:in `execute'
	from /home/deploy/.asdf/installs/ruby/3.3.3/lib/ruby/gems/3.3.0/gems/traject-3.8.2/bin/traject:14:in `<top (required)>'
	from /home/deploy/.asdf/installs/ruby/3.3.3/bin/traject:25:in `load'
	from /home/deploy/.asdf/installs/ruby/3.3.3/bin/traject:25:in `<top (required)>'
	from /home/deploy/.asdf/installs/ruby/3.3.3/lib/ruby/site_ruby/3.3.0/bundler/cli/exec.rb:58:in `load'
	from /home/deploy/.asdf/installs/ruby/3.3.3/lib/ruby/site_ruby/3.3.0/bundler/cli/exec.rb:58:in `kernel_load'
	from /home/deploy/.asdf/installs/ruby/3.3.3/lib/ruby/site_ruby/3.3.0/bundler/cli/exec.rb:23:in `run'
	from /home/deploy/.asdf/installs/ruby/3.3.3/lib/ruby/site_ruby/3.3.0/bundler/cli.rb:455:in `exec'
	from /home/deploy/.asdf/installs/ruby/3.3.3/lib/ruby/site_ruby/3.3.0/bundler/vendor/thor/lib/thor/command.rb:28:in `run'
	from /home/deploy/.asdf/installs/ruby/3.3.3/lib/ruby/site_ruby/3.3.0/bundler/vendor/thor/lib/thor/invocation.rb:127:in `invoke_command'
	from /home/deploy/.asdf/installs/ruby/3.3.3/lib/ruby/site_ruby/3.3.0/bundler/vendor/thor/lib/thor.rb:527:in `dispatch'
	from /home/deploy/.asdf/installs/ruby/3.3.3/lib/ruby/site_ruby/3.3.0/bundler/cli.rb:35:in `dispatch'
	from /home/deploy/.asdf/installs/ruby/3.3.3/lib/ruby/site_ruby/3.3.0/bundler/vendor/thor/lib/thor/base.rb:584:in `start'
	from /home/deploy/.asdf/installs/ruby/3.3.3/lib/ruby/site_ruby/3.3.0/bundler/cli.rb:29:in `start'
	from /home/deploy/.asdf/installs/ruby/3.3.3/lib/ruby/gems/3.3.0/gems/bundler-2.5.17/exe/bundle:28:in `block in <top (required)>'
	from /home/deploy/.asdf/installs/ruby/3.3.3/lib/ruby/site_ruby/3.3.0/bundler/friendly_errors.rb:117:in `with_friendly_errors'
	from /home/deploy/.asdf/installs/ruby/3.3.3/lib/ruby/gems/3.3.0/gems/bundler-2.5.17/exe/bundle:20:in `<top (required)>'
	from /home/deploy/.asdf/installs/ruby/3.3.3/bin/bundle:25:in `load'
	from /home/deploy/.asdf/installs/ruby/3.3.3/bin/bundle:25:in `<main>'
Indexed /home/deploy/eads/nncm/nncm_5029.xml (in 61.934 secs).
