/home/deploy/scripts/harvest/archipelago/archipelago-xml-files.sh: line 7: bundle: command not found
/home/deploy/scripts/harvest/archipelago/archipelago-xml-files.sh: line 5: bundle: command not found
/home/deploy/scripts/harvest/archipelago/archipelago-xml-files.sh: line 8: bundle: command not found
/home/deploy/scripts/harvest/archipelago/archipelago-xml-files.sh: line 5: bundle: command not found
/home/deploy/scripts/harvest/archipelago/archipelago-xml-files.sh: line 8: bundle: command not found
/home/deploy/scripts/harvest/archipelago/archipelago-xml-files.sh: line 5: bundle: command not found
/home/deploy/scripts/harvest/archipelago/archipelago-xml-files.sh: line 8: bundle: command not found
/home/deploy/scripts/harvest/archipelago/archipelago-xml-files.sh: line 5: bundle: command not found
/home/deploy/scripts/harvest/archipelago/archipelago-xml-files.sh: line 8: bundle: command not found
/home/deploy/scripts/harvest/archipelago/archipelago-xml-files.sh: line 5: bundle: command not found
/home/deploy/scripts/harvest/archipelago/archipelago-xml-files.sh: line 9: bundle: command not found
/home/deploy/scripts/harvest/archipelago/archipelago-xml-files.sh: line 5: bundle: command not found
/home/deploy/scripts/harvest/archipelago/archipelago-xml-files.sh: line 9: bundle: command not found
/home/deploy/scripts/harvest/archipelago/archipelago-xml-files.sh: line 5: bundle: command not found
/home/deploy/scripts/harvest/archipelago/archipelago-xml-files.sh: line 9: bundle: command not found
/home/deploy/scripts/harvest/archipelago/archipelago-xml-files.sh: line 5: bundle: command not found
/home/deploy/scripts/harvest/archipelago/archipelago-xml-files.sh: line 9: bundle: command not found
/home/deploy/scripts/harvest/archipelago/archipelago-xml-files.sh: line 5: bundle: command not found
/home/deploy/scripts/harvest/archipelago/archipelago-xml-files.sh: line 6: bundle: command not found
/home/deploy/scripts/harvest/archipelago/archipelago-xml-files.sh: line 10: bundle: command not found
/home/deploy/scripts/harvest/archipelago/archipelago-xml-files.sh: line 5: bundle: command not found
/home/deploy/scripts/harvest/archipelago/archipelago-xml-files.sh: line 6: bundle: command not found
/home/deploy/scripts/harvest/archipelago/archipelago-xml-files.sh: line 10: bundle: command not found
/home/deploy/scripts/harvest/archipelago/archipelago-xml-files.sh: line 5: bundle: command not found
/home/deploy/scripts/harvest/archipelago/archipelago-xml-files.sh: line 6: bundle: command not found
/home/deploy/scripts/harvest/archipelago/archipelago-xml-files.sh: line 10: bundle: command not found
/home/deploy/scripts/harvest/archipelago/archipelago-xml-files.sh: line 5: bundle: command not found
/home/deploy/scripts/harvest/archipelago/archipelago-xml-files.sh: line 6: bundle: command not found
/home/deploy/scripts/harvest/archipelago/archipelago-xml-files.sh: line 10: bundle: command not found
/home/deploy/scripts/harvest/archipelago/archipelago-xml-files.sh: line 5: bundle: command not found
/home/deploy/scripts/harvest/archipelago/archipelago-xml-files.sh: line 6: bundle: command not found
/home/deploy/scripts/harvest/archipelago/archipelago-xml-files.sh: line 10: bundle: command not found
/home/deploy/scripts/harvest/archipelago/archipelago-xml-files.sh: line 5: bundle: command not found
/home/deploy/scripts/harvest/archipelago/archipelago-xml-files.sh: line 6: bundle: command not found
/home/deploy/scripts/harvest/archipelago/archipelago-xml-files.sh: line 10: bundle: command not found
Loading /home/deploy/eads/nnod/nnod_2305.xml into index...
I, [2024-09-25T13:10:32.661583 #1112712]  INFO -- : traject (3.8.2) executing with: `-u http://127.0.0.1:8983/solr/blacklight-core/ -i xml -c /home/deploy/.asdf/installs/ruby/3.3.3/lib/ruby/gems/3.3.0/gems/arclight-1.4.0/lib/arclight/traject/ead2_config.rb /home/deploy/eads/nnod/nnod_2305.xml`
I, [2024-09-25T13:10:32.661982 #1112712]  INFO -- : Reading from /home/deploy/eads/nnod/nnod_2305.xml
D, [2024-09-25T13:10:32.662248 #1112712] DEBUG -- : beginning Traject::Indexer#process with settings: {"solr.url"=>"http://127.0.0.1:8983/solr/blacklight-core/", "component_traject_config"=>"/home/deploy/.asdf/installs/ruby/3.3.3/lib/ruby/gems/3.3.0/gems/arclight-1.4.0/lib/arclight/traject/ead2_component_config.rb", "id_normalizer"=>"Arclight::NormalizedId", "date_normalizer"=>"Arclight::NormalizedDate", "title_normalizer"=>"Arclight::NormalizedTitle", "reader_class_name"=>"Arclight::Traject::NokogiriNamespacelessReader", "solr_writer.commit_on_close"=>"true", "repository"=>"nnod", "logger"=>#<Logger:0x0000e1e45cd3b6e8 @level=0, @progname=nil, @default_formatter=#<Logger::Formatter:0x0000e1e45cd3b440 @datetime_format=nil>, @formatter=nil, @logdev=#<Logger::LogDevice:0x0000e1e45d3a3ad0 @shift_period_suffix=nil, @shift_size=nil, @shift_age=nil, @filename=nil, @dev=#<IO:<STDERR>>, @binmode=false, @reraise_write_errors=[], @mon_data=#<Monitor:0x0000e1e45cd3b170>, @mon_data_owner_object_id=4300>, @level_override={}>, "command_line.filename"=>"/home/deploy/eads/nnod/nnod_2305.xml", "writer_class_name"=>"Traject::SolrJsonWriter", "solr_writer.batch_size"=>100, "solr_writer.thread_pool"=>1, "processing_thread_pool"=>1, "log.batch_size.severity"=>"info", "allow_nil_values"=>false, "allow_duplicate_values"=>true, "allow_empty_fields"=>false}
I, [2024-09-25T13:10:32.702817 #1112712]  INFO -- :    Traject::SolrJsonWriter writing to 'http://127.0.0.1:8983/solr/blacklight-core/update/json' in batches of 100 with 1 bg threads
I, [2024-09-25T13:10:32.702889 #1112712]  INFO -- :    Traject::Indexer with 1 processing threads, reader: Arclight::Traject::NokogiriNamespacelessReader and writer: Traject::SolrJsonWriter
D, [2024-09-25T13:10:32.705101 #1112712] DEBUG -- : Shutting down #processing mapper threadpool...
D, [2024-09-25T13:10:35.100482 #1112712] DEBUG -- : #processing mapper threadpool shutdown complete.
D, [2024-09-25T13:10:35.100799 #1112712] DEBUG -- : Traject::SolrJsonWriter: Shutting down thread pool, waiting if needed...
D, [2024-09-25T13:10:35.100907 #1112712] DEBUG -- : Traject::SolrJsonWriter: sending batch of 1 to Solr
D, [2024-09-25T13:10:35.335451 #1112712] DEBUG -- : Traject::SolrJsonWriter: Thread pool shutdown complete
I, [2024-09-25T13:10:35.335534 #1112712]  INFO -- : Traject::SolrJsonWriter sending commit to solr at url http://127.0.0.1:8983/solr/blacklight-core/update/json...
F, [2024-09-25T13:11:35.337866 #1112712] FATAL -- : Traject::CommandLine: Unexpected exception, terminating execution:     Exception: HTTPClient::ReceiveTimeoutError: execution expired
    /home/deploy/.asdf/installs/ruby/3.3.3/lib/ruby/gems/3.3.0/gems/httpclient-2.8.3/lib/httpclient/session.rb:805:in `gets'

bundler: failed to load command: traject (/home/deploy/.asdf/installs/ruby/3.3.3/bin/traject)
/home/deploy/.asdf/installs/ruby/3.3.3/lib/ruby/gems/3.3.0/gems/httpclient-2.8.3/lib/httpclient/session.rb:805:in `gets': execution expired (HTTPClient::ReceiveTimeoutError)
	from /home/deploy/.asdf/installs/ruby/3.3.3/lib/ruby/gems/3.3.0/gems/httpclient-2.8.3/lib/httpclient/session.rb:805:in `block in parse_header'
	from /home/deploy/.asdf/installs/ruby/3.3.3/lib/ruby/gems/3.3.0/gems/timeout-0.4.1/lib/timeout.rb:186:in `block in timeout'
	from /home/deploy/.asdf/installs/ruby/3.3.3/lib/ruby/gems/3.3.0/gems/timeout-0.4.1/lib/timeout.rb:193:in `timeout'
	from /home/deploy/.asdf/installs/ruby/3.3.3/lib/ruby/gems/3.3.0/gems/httpclient-2.8.3/lib/httpclient/session.rb:801:in `parse_header'
	from /home/deploy/.asdf/installs/ruby/3.3.3/lib/ruby/gems/3.3.0/gems/httpclient-2.8.3/lib/httpclient/session.rb:784:in `read_header'
	from /home/deploy/.asdf/installs/ruby/3.3.3/lib/ruby/gems/3.3.0/gems/httpclient-2.8.3/lib/httpclient/session.rb:561:in `get_header'
	from /home/deploy/.asdf/installs/ruby/3.3.3/lib/ruby/gems/3.3.0/gems/httpclient-2.8.3/lib/httpclient.rb:1299:in `do_get_header'
	from /home/deploy/.asdf/installs/ruby/3.3.3/lib/ruby/gems/3.3.0/gems/httpclient-2.8.3/lib/httpclient.rb:1245:in `do_get_block'
	from /home/deploy/.asdf/installs/ruby/3.3.3/lib/ruby/gems/3.3.0/gems/httpclient-2.8.3/lib/httpclient.rb:1019:in `block in do_request'
	from /home/deploy/.asdf/installs/ruby/3.3.3/lib/ruby/gems/3.3.0/gems/httpclient-2.8.3/lib/httpclient.rb:1133:in `protect_keep_alive_disconnected'
	from /home/deploy/.asdf/installs/ruby/3.3.3/lib/ruby/gems/3.3.0/gems/httpclient-2.8.3/lib/httpclient.rb:1014:in `do_request'
	from /home/deploy/.asdf/installs/ruby/3.3.3/lib/ruby/gems/3.3.0/gems/httpclient-2.8.3/lib/httpclient.rb:856:in `request'
	from /home/deploy/.asdf/installs/ruby/3.3.3/lib/ruby/gems/3.3.0/gems/httpclient-2.8.3/lib/httpclient.rb:743:in `get'
	from /home/deploy/.asdf/installs/ruby/3.3.3/lib/ruby/gems/3.3.0/gems/traject-3.8.2/lib/traject/solr_json_writer.rb:370:in `commit'
	from /home/deploy/.asdf/installs/ruby/3.3.3/lib/ruby/gems/3.3.0/gems/traject-3.8.2/lib/traject/solr_json_writer.rb:339:in `close'
	from /home/deploy/.asdf/installs/ruby/3.3.3/lib/ruby/gems/3.3.0/gems/traject-3.8.2/lib/traject/indexer.rb:638:in `complete'
	from /home/deploy/.asdf/installs/ruby/3.3.3/lib/ruby/gems/3.3.0/gems/traject-3.8.2/lib/traject/indexer.rb:607:in `process'
	from /home/deploy/.asdf/installs/ruby/3.3.3/lib/ruby/gems/3.3.0/gems/traject-3.8.2/lib/traject/command_line.rb:73:in `execute'
	from /home/deploy/.asdf/installs/ruby/3.3.3/lib/ruby/gems/3.3.0/gems/traject-3.8.2/bin/traject:14:in `<top (required)>'
	from /home/deploy/.asdf/installs/ruby/3.3.3/bin/traject:25:in `load'
	from /home/deploy/.asdf/installs/ruby/3.3.3/bin/traject:25:in `<top (required)>'
	from /home/deploy/.asdf/installs/ruby/3.3.3/lib/ruby/site_ruby/3.3.0/bundler/cli/exec.rb:58:in `load'
	from /home/deploy/.asdf/installs/ruby/3.3.3/lib/ruby/site_ruby/3.3.0/bundler/cli/exec.rb:58:in `kernel_load'
	from /home/deploy/.asdf/installs/ruby/3.3.3/lib/ruby/site_ruby/3.3.0/bundler/cli/exec.rb:23:in `run'
	from /home/deploy/.asdf/installs/ruby/3.3.3/lib/ruby/site_ruby/3.3.0/bundler/cli.rb:455:in `exec'
	from /home/deploy/.asdf/installs/ruby/3.3.3/lib/ruby/site_ruby/3.3.0/bundler/vendor/thor/lib/thor/command.rb:28:in `run'
	from /home/deploy/.asdf/installs/ruby/3.3.3/lib/ruby/site_ruby/3.3.0/bundler/vendor/thor/lib/thor/invocation.rb:127:in `invoke_command'
	from /home/deploy/.asdf/installs/ruby/3.3.3/lib/ruby/site_ruby/3.3.0/bundler/vendor/thor/lib/thor.rb:527:in `dispatch'
	from /home/deploy/.asdf/installs/ruby/3.3.3/lib/ruby/site_ruby/3.3.0/bundler/cli.rb:35:in `dispatch'
	from /home/deploy/.asdf/installs/ruby/3.3.3/lib/ruby/site_ruby/3.3.0/bundler/vendor/thor/lib/thor/base.rb:584:in `start'
	from /home/deploy/.asdf/installs/ruby/3.3.3/lib/ruby/site_ruby/3.3.0/bundler/cli.rb:29:in `start'
	from /home/deploy/.asdf/installs/ruby/3.3.3/lib/ruby/gems/3.3.0/gems/bundler-2.5.17/exe/bundle:28:in `block in <top (required)>'
	from /home/deploy/.asdf/installs/ruby/3.3.3/lib/ruby/site_ruby/3.3.0/bundler/friendly_errors.rb:117:in `with_friendly_errors'
	from /home/deploy/.asdf/installs/ruby/3.3.3/lib/ruby/gems/3.3.0/gems/bundler-2.5.17/exe/bundle:20:in `<top (required)>'
	from /home/deploy/.asdf/installs/ruby/3.3.3/bin/bundle:25:in `load'
	from /home/deploy/.asdf/installs/ruby/3.3.3/bin/bundle:25:in `<main>'
Indexed /home/deploy/eads/nnod/nnod_2305.xml (in 65.099 secs).
Loading /home/deploy/eads/nnod/nnod_2305.xml into index...
I, [2024-09-25T13:23:16.676702 #1113747]  INFO -- : traject (3.8.2) executing with: `-u http://127.0.0.1:8983/solr/blacklight-core/ -i xml -c /home/deploy/.asdf/installs/ruby/3.3.3/lib/ruby/gems/3.3.0/gems/arclight-1.4.0/lib/arclight/traject/ead2_config.rb /home/deploy/eads/nnod/nnod_2305.xml`
I, [2024-09-25T13:23:16.677099 #1113747]  INFO -- : Reading from /home/deploy/eads/nnod/nnod_2305.xml
D, [2024-09-25T13:23:16.677377 #1113747] DEBUG -- : beginning Traject::Indexer#process with settings: {"solr.url"=>"http://127.0.0.1:8983/solr/blacklight-core/", "component_traject_config"=>"/home/deploy/.asdf/installs/ruby/3.3.3/lib/ruby/gems/3.3.0/gems/arclight-1.4.0/lib/arclight/traject/ead2_component_config.rb", "id_normalizer"=>"Arclight::NormalizedId", "date_normalizer"=>"Arclight::NormalizedDate", "title_normalizer"=>"Arclight::NormalizedTitle", "reader_class_name"=>"Arclight::Traject::NokogiriNamespacelessReader", "solr_writer.commit_on_close"=>"true", "repository"=>"nnod", "logger"=>#<Logger:0x0000e08851efdae8 @level=0, @progname=nil, @default_formatter=#<Logger::Formatter:0x0000e08851efd7f0 @datetime_format=nil>, @formatter=nil, @logdev=#<Logger::LogDevice:0x0000e08852577a90 @shift_period_suffix=nil, @shift_size=nil, @shift_age=nil, @filename=nil, @dev=#<IO:<STDERR>>, @binmode=false, @reraise_write_errors=[], @mon_data=#<Monitor:0x0000e08851efd408>, @mon_data_owner_object_id=4300>, @level_override={}>, "command_line.filename"=>"/home/deploy/eads/nnod/nnod_2305.xml", "writer_class_name"=>"Traject::SolrJsonWriter", "solr_writer.batch_size"=>100, "solr_writer.thread_pool"=>1, "processing_thread_pool"=>1, "log.batch_size.severity"=>"info", "allow_nil_values"=>false, "allow_duplicate_values"=>true, "allow_empty_fields"=>false}
I, [2024-09-25T13:23:16.716253 #1113747]  INFO -- :    Traject::SolrJsonWriter writing to 'http://127.0.0.1:8983/solr/blacklight-core/update/json' in batches of 100 with 1 bg threads
I, [2024-09-25T13:23:16.716327 #1113747]  INFO -- :    Traject::Indexer with 1 processing threads, reader: Arclight::Traject::NokogiriNamespacelessReader and writer: Traject::SolrJsonWriter
D, [2024-09-25T13:23:16.718501 #1113747] DEBUG -- : Shutting down #processing mapper threadpool...
D, [2024-09-25T13:23:19.150964 #1113747] DEBUG -- : #processing mapper threadpool shutdown complete.
D, [2024-09-25T13:23:19.151269 #1113747] DEBUG -- : Traject::SolrJsonWriter: Shutting down thread pool, waiting if needed...
D, [2024-09-25T13:23:19.151379 #1113747] DEBUG -- : Traject::SolrJsonWriter: sending batch of 1 to Solr
D, [2024-09-25T13:23:19.207245 #1113747] DEBUG -- : Traject::SolrJsonWriter: Thread pool shutdown complete
I, [2024-09-25T13:23:19.207330 #1113747]  INFO -- : Traject::SolrJsonWriter sending commit to solr at url http://127.0.0.1:8983/solr/blacklight-core/update/json...
F, [2024-09-25T13:24:19.210930 #1113747] FATAL -- : Traject::CommandLine: Unexpected exception, terminating execution:     Exception: HTTPClient::ReceiveTimeoutError: execution expired
    /home/deploy/.asdf/installs/ruby/3.3.3/lib/ruby/gems/3.3.0/gems/httpclient-2.8.3/lib/httpclient/session.rb:805:in `gets'

bundler: failed to load command: traject (/home/deploy/.asdf/installs/ruby/3.3.3/bin/traject)
/home/deploy/.asdf/installs/ruby/3.3.3/lib/ruby/gems/3.3.0/gems/httpclient-2.8.3/lib/httpclient/session.rb:805:in `gets': execution expired (HTTPClient::ReceiveTimeoutError)
	from /home/deploy/.asdf/installs/ruby/3.3.3/lib/ruby/gems/3.3.0/gems/httpclient-2.8.3/lib/httpclient/session.rb:805:in `block in parse_header'
	from /home/deploy/.asdf/installs/ruby/3.3.3/lib/ruby/gems/3.3.0/gems/timeout-0.4.1/lib/timeout.rb:186:in `block in timeout'
	from /home/deploy/.asdf/installs/ruby/3.3.3/lib/ruby/gems/3.3.0/gems/timeout-0.4.1/lib/timeout.rb:193:in `timeout'
	from /home/deploy/.asdf/installs/ruby/3.3.3/lib/ruby/gems/3.3.0/gems/httpclient-2.8.3/lib/httpclient/session.rb:801:in `parse_header'
	from /home/deploy/.asdf/installs/ruby/3.3.3/lib/ruby/gems/3.3.0/gems/httpclient-2.8.3/lib/httpclient/session.rb:784:in `read_header'
	from /home/deploy/.asdf/installs/ruby/3.3.3/lib/ruby/gems/3.3.0/gems/httpclient-2.8.3/lib/httpclient/session.rb:561:in `get_header'
	from /home/deploy/.asdf/installs/ruby/3.3.3/lib/ruby/gems/3.3.0/gems/httpclient-2.8.3/lib/httpclient.rb:1299:in `do_get_header'
	from /home/deploy/.asdf/installs/ruby/3.3.3/lib/ruby/gems/3.3.0/gems/httpclient-2.8.3/lib/httpclient.rb:1245:in `do_get_block'
	from /home/deploy/.asdf/installs/ruby/3.3.3/lib/ruby/gems/3.3.0/gems/httpclient-2.8.3/lib/httpclient.rb:1019:in `block in do_request'
	from /home/deploy/.asdf/installs/ruby/3.3.3/lib/ruby/gems/3.3.0/gems/httpclient-2.8.3/lib/httpclient.rb:1133:in `protect_keep_alive_disconnected'
	from /home/deploy/.asdf/installs/ruby/3.3.3/lib/ruby/gems/3.3.0/gems/httpclient-2.8.3/lib/httpclient.rb:1014:in `do_request'
	from /home/deploy/.asdf/installs/ruby/3.3.3/lib/ruby/gems/3.3.0/gems/httpclient-2.8.3/lib/httpclient.rb:856:in `request'
	from /home/deploy/.asdf/installs/ruby/3.3.3/lib/ruby/gems/3.3.0/gems/httpclient-2.8.3/lib/httpclient.rb:743:in `get'
	from /home/deploy/.asdf/installs/ruby/3.3.3/lib/ruby/gems/3.3.0/gems/traject-3.8.2/lib/traject/solr_json_writer.rb:370:in `commit'
	from /home/deploy/.asdf/installs/ruby/3.3.3/lib/ruby/gems/3.3.0/gems/traject-3.8.2/lib/traject/solr_json_writer.rb:339:in `close'
	from /home/deploy/.asdf/installs/ruby/3.3.3/lib/ruby/gems/3.3.0/gems/traject-3.8.2/lib/traject/indexer.rb:638:in `complete'
	from /home/deploy/.asdf/installs/ruby/3.3.3/lib/ruby/gems/3.3.0/gems/traject-3.8.2/lib/traject/indexer.rb:607:in `process'
	from /home/deploy/.asdf/installs/ruby/3.3.3/lib/ruby/gems/3.3.0/gems/traject-3.8.2/lib/traject/command_line.rb:73:in `execute'
	from /home/deploy/.asdf/installs/ruby/3.3.3/lib/ruby/gems/3.3.0/gems/traject-3.8.2/bin/traject:14:in `<top (required)>'
	from /home/deploy/.asdf/installs/ruby/3.3.3/bin/traject:25:in `load'
	from /home/deploy/.asdf/installs/ruby/3.3.3/bin/traject:25:in `<top (required)>'
	from /home/deploy/.asdf/installs/ruby/3.3.3/lib/ruby/site_ruby/3.3.0/bundler/cli/exec.rb:58:in `load'
	from /home/deploy/.asdf/installs/ruby/3.3.3/lib/ruby/site_ruby/3.3.0/bundler/cli/exec.rb:58:in `kernel_load'
	from /home/deploy/.asdf/installs/ruby/3.3.3/lib/ruby/site_ruby/3.3.0/bundler/cli/exec.rb:23:in `run'
	from /home/deploy/.asdf/installs/ruby/3.3.3/lib/ruby/site_ruby/3.3.0/bundler/cli.rb:455:in `exec'
	from /home/deploy/.asdf/installs/ruby/3.3.3/lib/ruby/site_ruby/3.3.0/bundler/vendor/thor/lib/thor/command.rb:28:in `run'
	from /home/deploy/.asdf/installs/ruby/3.3.3/lib/ruby/site_ruby/3.3.0/bundler/vendor/thor/lib/thor/invocation.rb:127:in `invoke_command'
	from /home/deploy/.asdf/installs/ruby/3.3.3/lib/ruby/site_ruby/3.3.0/bundler/vendor/thor/lib/thor.rb:527:in `dispatch'
	from /home/deploy/.asdf/installs/ruby/3.3.3/lib/ruby/site_ruby/3.3.0/bundler/cli.rb:35:in `dispatch'
	from /home/deploy/.asdf/installs/ruby/3.3.3/lib/ruby/site_ruby/3.3.0/bundler/vendor/thor/lib/thor/base.rb:584:in `start'
	from /home/deploy/.asdf/installs/ruby/3.3.3/lib/ruby/site_ruby/3.3.0/bundler/cli.rb:29:in `start'
	from /home/deploy/.asdf/installs/ruby/3.3.3/lib/ruby/gems/3.3.0/gems/bundler-2.5.17/exe/bundle:28:in `block in <top (required)>'
	from /home/deploy/.asdf/installs/ruby/3.3.3/lib/ruby/site_ruby/3.3.0/bundler/friendly_errors.rb:117:in `with_friendly_errors'
	from /home/deploy/.asdf/installs/ruby/3.3.3/lib/ruby/gems/3.3.0/gems/bundler-2.5.17/exe/bundle:20:in `<top (required)>'
	from /home/deploy/.asdf/installs/ruby/3.3.3/bin/bundle:25:in `load'
	from /home/deploy/.asdf/installs/ruby/3.3.3/bin/bundle:25:in `<main>'
Indexed /home/deploy/eads/nnod/nnod_2305.xml (in 64.445 secs).
Loading /home/deploy/eads/nnod/nnod_2305.xml into index...
I, [2024-09-25T13:30:48.256934 #1115033]  INFO -- : traject (3.8.2) executing with: `-u http://127.0.0.1:8983/solr/blacklight-core/ -i xml -c /home/deploy/.asdf/installs/ruby/3.3.3/lib/ruby/gems/3.3.0/gems/arclight-1.4.0/lib/arclight/traject/ead2_config.rb /home/deploy/eads/nnod/nnod_2305.xml`
I, [2024-09-25T13:30:48.257392 #1115033]  INFO -- : Reading from /home/deploy/eads/nnod/nnod_2305.xml
D, [2024-09-25T13:30:48.257774 #1115033] DEBUG -- : beginning Traject::Indexer#process with settings: {"solr.url"=>"http://127.0.0.1:8983/solr/blacklight-core/", "component_traject_config"=>"/home/deploy/.asdf/installs/ruby/3.3.3/lib/ruby/gems/3.3.0/gems/arclight-1.4.0/lib/arclight/traject/ead2_component_config.rb", "id_normalizer"=>"Arclight::NormalizedId", "date_normalizer"=>"Arclight::NormalizedDate", "title_normalizer"=>"Arclight::NormalizedTitle", "reader_class_name"=>"Arclight::Traject::NokogiriNamespacelessReader", "solr_writer.commit_on_close"=>"true", "repository"=>"nnod", "logger"=>#<Logger:0x0000f946d6b53dc8 @level=0, @progname=nil, @default_formatter=#<Logger::Formatter:0x0000f946d6b53b70 @datetime_format=nil>, @formatter=nil, @logdev=#<Logger::LogDevice:0x0000f946d7167188 @shift_period_suffix=nil, @shift_size=nil, @shift_age=nil, @filename=nil, @dev=#<IO:<STDERR>>, @binmode=false, @reraise_write_errors=[], @mon_data=#<Monitor:0x0000f946d6b538a0>, @mon_data_owner_object_id=4300>, @level_override={}>, "command_line.filename"=>"/home/deploy/eads/nnod/nnod_2305.xml", "writer_class_name"=>"Traject::SolrJsonWriter", "solr_writer.batch_size"=>100, "solr_writer.thread_pool"=>1, "processing_thread_pool"=>1, "log.batch_size.severity"=>"info", "allow_nil_values"=>false, "allow_duplicate_values"=>true, "allow_empty_fields"=>false}
I, [2024-09-25T13:30:48.300380 #1115033]  INFO -- :    Traject::SolrJsonWriter writing to 'http://127.0.0.1:8983/solr/blacklight-core/update/json' in batches of 100 with 1 bg threads
I, [2024-09-25T13:30:48.300452 #1115033]  INFO -- :    Traject::Indexer with 1 processing threads, reader: Arclight::Traject::NokogiriNamespacelessReader and writer: Traject::SolrJsonWriter
D, [2024-09-25T13:30:48.302953 #1115033] DEBUG -- : Shutting down #processing mapper threadpool...
D, [2024-09-25T13:30:51.107696 #1115033] DEBUG -- : #processing mapper threadpool shutdown complete.
D, [2024-09-25T13:30:51.107997 #1115033] DEBUG -- : Traject::SolrJsonWriter: Shutting down thread pool, waiting if needed...
D, [2024-09-25T13:30:51.108103 #1115033] DEBUG -- : Traject::SolrJsonWriter: sending batch of 1 to Solr
D, [2024-09-25T13:30:51.159507 #1115033] DEBUG -- : Traject::SolrJsonWriter: Thread pool shutdown complete
I, [2024-09-25T13:30:51.159596 #1115033]  INFO -- : Traject::SolrJsonWriter sending commit to solr at url http://127.0.0.1:8983/solr/blacklight-core/update/json...
F, [2024-09-25T13:31:51.160831 #1115033] FATAL -- : Traject::CommandLine: Unexpected exception, terminating execution:     Exception: HTTPClient::ReceiveTimeoutError: execution expired
    /home/deploy/.asdf/installs/ruby/3.3.3/lib/ruby/gems/3.3.0/gems/httpclient-2.8.3/lib/httpclient/session.rb:805:in `gets'

bundler: failed to load command: traject (/home/deploy/.asdf/installs/ruby/3.3.3/bin/traject)
/home/deploy/.asdf/installs/ruby/3.3.3/lib/ruby/gems/3.3.0/gems/httpclient-2.8.3/lib/httpclient/session.rb:805:in `gets': execution expired (HTTPClient::ReceiveTimeoutError)
	from /home/deploy/.asdf/installs/ruby/3.3.3/lib/ruby/gems/3.3.0/gems/httpclient-2.8.3/lib/httpclient/session.rb:805:in `block in parse_header'
	from /home/deploy/.asdf/installs/ruby/3.3.3/lib/ruby/gems/3.3.0/gems/timeout-0.4.1/lib/timeout.rb:186:in `block in timeout'
	from /home/deploy/.asdf/installs/ruby/3.3.3/lib/ruby/gems/3.3.0/gems/timeout-0.4.1/lib/timeout.rb:193:in `timeout'
	from /home/deploy/.asdf/installs/ruby/3.3.3/lib/ruby/gems/3.3.0/gems/httpclient-2.8.3/lib/httpclient/session.rb:801:in `parse_header'
	from /home/deploy/.asdf/installs/ruby/3.3.3/lib/ruby/gems/3.3.0/gems/httpclient-2.8.3/lib/httpclient/session.rb:784:in `read_header'
	from /home/deploy/.asdf/installs/ruby/3.3.3/lib/ruby/gems/3.3.0/gems/httpclient-2.8.3/lib/httpclient/session.rb:561:in `get_header'
	from /home/deploy/.asdf/installs/ruby/3.3.3/lib/ruby/gems/3.3.0/gems/httpclient-2.8.3/lib/httpclient.rb:1299:in `do_get_header'
	from /home/deploy/.asdf/installs/ruby/3.3.3/lib/ruby/gems/3.3.0/gems/httpclient-2.8.3/lib/httpclient.rb:1245:in `do_get_block'
	from /home/deploy/.asdf/installs/ruby/3.3.3/lib/ruby/gems/3.3.0/gems/httpclient-2.8.3/lib/httpclient.rb:1019:in `block in do_request'
	from /home/deploy/.asdf/installs/ruby/3.3.3/lib/ruby/gems/3.3.0/gems/httpclient-2.8.3/lib/httpclient.rb:1133:in `protect_keep_alive_disconnected'
	from /home/deploy/.asdf/installs/ruby/3.3.3/lib/ruby/gems/3.3.0/gems/httpclient-2.8.3/lib/httpclient.rb:1014:in `do_request'
	from /home/deploy/.asdf/installs/ruby/3.3.3/lib/ruby/gems/3.3.0/gems/httpclient-2.8.3/lib/httpclient.rb:856:in `request'
	from /home/deploy/.asdf/installs/ruby/3.3.3/lib/ruby/gems/3.3.0/gems/httpclient-2.8.3/lib/httpclient.rb:743:in `get'
	from /home/deploy/.asdf/installs/ruby/3.3.3/lib/ruby/gems/3.3.0/gems/traject-3.8.2/lib/traject/solr_json_writer.rb:370:in `commit'
	from /home/deploy/.asdf/installs/ruby/3.3.3/lib/ruby/gems/3.3.0/gems/traject-3.8.2/lib/traject/solr_json_writer.rb:339:in `close'
	from /home/deploy/.asdf/installs/ruby/3.3.3/lib/ruby/gems/3.3.0/gems/traject-3.8.2/lib/traject/indexer.rb:638:in `complete'
	from /home/deploy/.asdf/installs/ruby/3.3.3/lib/ruby/gems/3.3.0/gems/traject-3.8.2/lib/traject/indexer.rb:607:in `process'
	from /home/deploy/.asdf/installs/ruby/3.3.3/lib/ruby/gems/3.3.0/gems/traject-3.8.2/lib/traject/command_line.rb:73:in `execute'
	from /home/deploy/.asdf/installs/ruby/3.3.3/lib/ruby/gems/3.3.0/gems/traject-3.8.2/bin/traject:14:in `<top (required)>'
	from /home/deploy/.asdf/installs/ruby/3.3.3/bin/traject:25:in `load'
	from /home/deploy/.asdf/installs/ruby/3.3.3/bin/traject:25:in `<top (required)>'
	from /home/deploy/.asdf/installs/ruby/3.3.3/lib/ruby/site_ruby/3.3.0/bundler/cli/exec.rb:58:in `load'
	from /home/deploy/.asdf/installs/ruby/3.3.3/lib/ruby/site_ruby/3.3.0/bundler/cli/exec.rb:58:in `kernel_load'
	from /home/deploy/.asdf/installs/ruby/3.3.3/lib/ruby/site_ruby/3.3.0/bundler/cli/exec.rb:23:in `run'
	from /home/deploy/.asdf/installs/ruby/3.3.3/lib/ruby/site_ruby/3.3.0/bundler/cli.rb:455:in `exec'
	from /home/deploy/.asdf/installs/ruby/3.3.3/lib/ruby/site_ruby/3.3.0/bundler/vendor/thor/lib/thor/command.rb:28:in `run'
	from /home/deploy/.asdf/installs/ruby/3.3.3/lib/ruby/site_ruby/3.3.0/bundler/vendor/thor/lib/thor/invocation.rb:127:in `invoke_command'
	from /home/deploy/.asdf/installs/ruby/3.3.3/lib/ruby/site_ruby/3.3.0/bundler/vendor/thor/lib/thor.rb:527:in `dispatch'
	from /home/deploy/.asdf/installs/ruby/3.3.3/lib/ruby/site_ruby/3.3.0/bundler/cli.rb:35:in `dispatch'
	from /home/deploy/.asdf/installs/ruby/3.3.3/lib/ruby/site_ruby/3.3.0/bundler/vendor/thor/lib/thor/base.rb:584:in `start'
	from /home/deploy/.asdf/installs/ruby/3.3.3/lib/ruby/site_ruby/3.3.0/bundler/cli.rb:29:in `start'
	from /home/deploy/.asdf/installs/ruby/3.3.3/lib/ruby/gems/3.3.0/gems/bundler-2.5.17/exe/bundle:28:in `block in <top (required)>'
	from /home/deploy/.asdf/installs/ruby/3.3.3/lib/ruby/site_ruby/3.3.0/bundler/friendly_errors.rb:117:in `with_friendly_errors'
	from /home/deploy/.asdf/installs/ruby/3.3.3/lib/ruby/gems/3.3.0/gems/bundler-2.5.17/exe/bundle:20:in `<top (required)>'
	from /home/deploy/.asdf/installs/ruby/3.3.3/bin/bundle:25:in `load'
	from /home/deploy/.asdf/installs/ruby/3.3.3/bin/bundle:25:in `<main>'
Indexed /home/deploy/eads/nnod/nnod_2305.xml (in 65.025 secs).
Loading /home/deploy/eads/nnod/nnod_2305.xml into index...
I, [2024-09-25T14:41:49.175553 #1126709]  INFO -- : traject (3.8.2) executing with: `-u http://127.0.0.1:8983/solr/blacklight-core/ -i xml -c /home/deploy/.asdf/installs/ruby/3.3.3/lib/ruby/gems/3.3.0/gems/arclight-1.4.0/lib/arclight/traject/ead2_config.rb /home/deploy/eads/nnod/nnod_2305.xml`
I, [2024-09-25T14:41:49.175914 #1126709]  INFO -- : Reading from /home/deploy/eads/nnod/nnod_2305.xml
D, [2024-09-25T14:41:49.176169 #1126709] DEBUG -- : beginning Traject::Indexer#process with settings: {"solr.url"=>"http://127.0.0.1:8983/solr/blacklight-core/", "component_traject_config"=>"/home/deploy/.asdf/installs/ruby/3.3.3/lib/ruby/gems/3.3.0/gems/arclight-1.4.0/lib/arclight/traject/ead2_component_config.rb", "id_normalizer"=>"Arclight::NormalizedId", "date_normalizer"=>"Arclight::NormalizedDate", "title_normalizer"=>"Arclight::NormalizedTitle", "reader_class_name"=>"Arclight::Traject::NokogiriNamespacelessReader", "solr_writer.commit_on_close"=>"true", "repository"=>"nnod", "logger"=>#<Logger:0x0000edcd62d2e1f0 @level=0, @progname=nil, @default_formatter=#<Logger::Formatter:0x0000edcd62d2def8 @datetime_format=nil>, @formatter=nil, @logdev=#<Logger::LogDevice:0x0000edcd63393ef0 @shift_period_suffix=nil, @shift_size=nil, @shift_age=nil, @filename=nil, @dev=#<IO:<STDERR>>, @binmode=false, @reraise_write_errors=[], @mon_data=#<Monitor:0x0000edcd62d2dac0>, @mon_data_owner_object_id=4300>, @level_override={}>, "command_line.filename"=>"/home/deploy/eads/nnod/nnod_2305.xml", "writer_class_name"=>"Traject::SolrJsonWriter", "solr_writer.batch_size"=>100, "solr_writer.thread_pool"=>1, "processing_thread_pool"=>1, "log.batch_size.severity"=>"info", "allow_nil_values"=>false, "allow_duplicate_values"=>true, "allow_empty_fields"=>false}
I, [2024-09-25T14:41:49.215258 #1126709]  INFO -- :    Traject::SolrJsonWriter writing to 'http://127.0.0.1:8983/solr/blacklight-core/update/json' in batches of 100 with 1 bg threads
I, [2024-09-25T14:41:49.215327 #1126709]  INFO -- :    Traject::Indexer with 1 processing threads, reader: Arclight::Traject::NokogiriNamespacelessReader and writer: Traject::SolrJsonWriter
D, [2024-09-25T14:41:49.217432 #1126709] DEBUG -- : Shutting down #processing mapper threadpool...
D, [2024-09-25T14:41:51.574551 #1126709] DEBUG -- : #processing mapper threadpool shutdown complete.
D, [2024-09-25T14:41:51.574838 #1126709] DEBUG -- : Traject::SolrJsonWriter: Shutting down thread pool, waiting if needed...
D, [2024-09-25T14:41:51.574923 #1126709] DEBUG -- : Traject::SolrJsonWriter: sending batch of 1 to Solr
D, [2024-09-25T14:41:51.619906 #1126709] DEBUG -- : Traject::SolrJsonWriter: Thread pool shutdown complete
I, [2024-09-25T14:41:51.619991 #1126709]  INFO -- : Traject::SolrJsonWriter sending commit to solr at url http://127.0.0.1:8983/solr/blacklight-core/update/json...
F, [2024-09-25T14:42:51.621060 #1126709] FATAL -- : Traject::CommandLine: Unexpected exception, terminating execution:     Exception: HTTPClient::ReceiveTimeoutError: execution expired
    /home/deploy/.asdf/installs/ruby/3.3.3/lib/ruby/gems/3.3.0/gems/httpclient-2.8.3/lib/httpclient/session.rb:805:in `gets'

bundler: failed to load command: traject (/home/deploy/.asdf/installs/ruby/3.3.3/bin/traject)
/home/deploy/.asdf/installs/ruby/3.3.3/lib/ruby/gems/3.3.0/gems/httpclient-2.8.3/lib/httpclient/session.rb:805:in `gets': execution expired (HTTPClient::ReceiveTimeoutError)
	from /home/deploy/.asdf/installs/ruby/3.3.3/lib/ruby/gems/3.3.0/gems/httpclient-2.8.3/lib/httpclient/session.rb:805:in `block in parse_header'
	from /home/deploy/.asdf/installs/ruby/3.3.3/lib/ruby/gems/3.3.0/gems/timeout-0.4.1/lib/timeout.rb:186:in `block in timeout'
	from /home/deploy/.asdf/installs/ruby/3.3.3/lib/ruby/gems/3.3.0/gems/timeout-0.4.1/lib/timeout.rb:193:in `timeout'
	from /home/deploy/.asdf/installs/ruby/3.3.3/lib/ruby/gems/3.3.0/gems/httpclient-2.8.3/lib/httpclient/session.rb:801:in `parse_header'
	from /home/deploy/.asdf/installs/ruby/3.3.3/lib/ruby/gems/3.3.0/gems/httpclient-2.8.3/lib/httpclient/session.rb:784:in `read_header'
	from /home/deploy/.asdf/installs/ruby/3.3.3/lib/ruby/gems/3.3.0/gems/httpclient-2.8.3/lib/httpclient/session.rb:561:in `get_header'
	from /home/deploy/.asdf/installs/ruby/3.3.3/lib/ruby/gems/3.3.0/gems/httpclient-2.8.3/lib/httpclient.rb:1299:in `do_get_header'
	from /home/deploy/.asdf/installs/ruby/3.3.3/lib/ruby/gems/3.3.0/gems/httpclient-2.8.3/lib/httpclient.rb:1245:in `do_get_block'
	from /home/deploy/.asdf/installs/ruby/3.3.3/lib/ruby/gems/3.3.0/gems/httpclient-2.8.3/lib/httpclient.rb:1019:in `block in do_request'
	from /home/deploy/.asdf/installs/ruby/3.3.3/lib/ruby/gems/3.3.0/gems/httpclient-2.8.3/lib/httpclient.rb:1133:in `protect_keep_alive_disconnected'
	from /home/deploy/.asdf/installs/ruby/3.3.3/lib/ruby/gems/3.3.0/gems/httpclient-2.8.3/lib/httpclient.rb:1014:in `do_request'
	from /home/deploy/.asdf/installs/ruby/3.3.3/lib/ruby/gems/3.3.0/gems/httpclient-2.8.3/lib/httpclient.rb:856:in `request'
	from /home/deploy/.asdf/installs/ruby/3.3.3/lib/ruby/gems/3.3.0/gems/httpclient-2.8.3/lib/httpclient.rb:743:in `get'
	from /home/deploy/.asdf/installs/ruby/3.3.3/lib/ruby/gems/3.3.0/gems/traject-3.8.2/lib/traject/solr_json_writer.rb:370:in `commit'
	from /home/deploy/.asdf/installs/ruby/3.3.3/lib/ruby/gems/3.3.0/gems/traject-3.8.2/lib/traject/solr_json_writer.rb:339:in `close'
	from /home/deploy/.asdf/installs/ruby/3.3.3/lib/ruby/gems/3.3.0/gems/traject-3.8.2/lib/traject/indexer.rb:638:in `complete'
	from /home/deploy/.asdf/installs/ruby/3.3.3/lib/ruby/gems/3.3.0/gems/traject-3.8.2/lib/traject/indexer.rb:607:in `process'
	from /home/deploy/.asdf/installs/ruby/3.3.3/lib/ruby/gems/3.3.0/gems/traject-3.8.2/lib/traject/command_line.rb:73:in `execute'
	from /home/deploy/.asdf/installs/ruby/3.3.3/lib/ruby/gems/3.3.0/gems/traject-3.8.2/bin/traject:14:in `<top (required)>'
	from /home/deploy/.asdf/installs/ruby/3.3.3/bin/traject:25:in `load'
	from /home/deploy/.asdf/installs/ruby/3.3.3/bin/traject:25:in `<top (required)>'
	from /home/deploy/.asdf/installs/ruby/3.3.3/lib/ruby/site_ruby/3.3.0/bundler/cli/exec.rb:58:in `load'
	from /home/deploy/.asdf/installs/ruby/3.3.3/lib/ruby/site_ruby/3.3.0/bundler/cli/exec.rb:58:in `kernel_load'
	from /home/deploy/.asdf/installs/ruby/3.3.3/lib/ruby/site_ruby/3.3.0/bundler/cli/exec.rb:23:in `run'
	from /home/deploy/.asdf/installs/ruby/3.3.3/lib/ruby/site_ruby/3.3.0/bundler/cli.rb:455:in `exec'
	from /home/deploy/.asdf/installs/ruby/3.3.3/lib/ruby/site_ruby/3.3.0/bundler/vendor/thor/lib/thor/command.rb:28:in `run'
	from /home/deploy/.asdf/installs/ruby/3.3.3/lib/ruby/site_ruby/3.3.0/bundler/vendor/thor/lib/thor/invocation.rb:127:in `invoke_command'
	from /home/deploy/.asdf/installs/ruby/3.3.3/lib/ruby/site_ruby/3.3.0/bundler/vendor/thor/lib/thor.rb:527:in `dispatch'
	from /home/deploy/.asdf/installs/ruby/3.3.3/lib/ruby/site_ruby/3.3.0/bundler/cli.rb:35:in `dispatch'
	from /home/deploy/.asdf/installs/ruby/3.3.3/lib/ruby/site_ruby/3.3.0/bundler/vendor/thor/lib/thor/base.rb:584:in `start'
	from /home/deploy/.asdf/installs/ruby/3.3.3/lib/ruby/site_ruby/3.3.0/bundler/cli.rb:29:in `start'
	from /home/deploy/.asdf/installs/ruby/3.3.3/lib/ruby/gems/3.3.0/gems/bundler-2.5.17/exe/bundle:28:in `block in <top (required)>'
	from /home/deploy/.asdf/installs/ruby/3.3.3/lib/ruby/site_ruby/3.3.0/bundler/friendly_errors.rb:117:in `with_friendly_errors'
	from /home/deploy/.asdf/installs/ruby/3.3.3/lib/ruby/gems/3.3.0/gems/bundler-2.5.17/exe/bundle:20:in `<top (required)>'
	from /home/deploy/.asdf/installs/ruby/3.3.3/bin/bundle:25:in `load'
	from /home/deploy/.asdf/installs/ruby/3.3.3/bin/bundle:25:in `<main>'
Indexed /home/deploy/eads/nnod/nnod_2305.xml (in 64.289 secs).
Loading /home/deploy/eads/nnod/nnod_2305.xml into index...
I, [2024-10-01T09:56:46.986365 #2834628]  INFO -- : traject (3.8.2) executing with: `-u http://127.0.0.1:8983/solr/blacklight-core/ -i xml -c /home/deploy/.asdf/installs/ruby/3.3.3/lib/ruby/gems/3.3.0/gems/arclight-1.4.0/lib/arclight/traject/ead2_config.rb /home/deploy/eads/nnod/nnod_2305.xml`
I, [2024-10-01T09:56:46.986767 #2834628]  INFO -- : Reading from /home/deploy/eads/nnod/nnod_2305.xml
D, [2024-10-01T09:56:46.987038 #2834628] DEBUG -- : beginning Traject::Indexer#process with settings: {"solr.url"=>"http://127.0.0.1:8983/solr/blacklight-core/", "component_traject_config"=>"/home/deploy/.asdf/installs/ruby/3.3.3/lib/ruby/gems/3.3.0/gems/arclight-1.4.0/lib/arclight/traject/ead2_component_config.rb", "id_normalizer"=>"Arclight::NormalizedId", "date_normalizer"=>"Arclight::NormalizedDate", "title_normalizer"=>"Arclight::NormalizedTitle", "reader_class_name"=>"Arclight::Traject::NokogiriNamespacelessReader", "solr_writer.commit_on_close"=>"true", "repository"=>"nnod", "logger"=>#<Logger:0x0000e568dd24bc70 @level=0, @progname=nil, @default_formatter=#<Logger::Formatter:0x0000e568dd24b400 @datetime_format=nil>, @formatter=nil, @logdev=#<Logger::LogDevice:0x0000e568dd8c5ce0 @shift_period_suffix=nil, @shift_size=nil, @shift_age=nil, @filename=nil, @dev=#<IO:<STDERR>>, @binmode=false, @reraise_write_errors=[], @mon_data=#<Monitor:0x0000e568dd24a0c8>, @mon_data_owner_object_id=4300>, @level_override={}>, "command_line.filename"=>"/home/deploy/eads/nnod/nnod_2305.xml", "writer_class_name"=>"Traject::SolrJsonWriter", "solr_writer.batch_size"=>100, "solr_writer.thread_pool"=>1, "processing_thread_pool"=>1, "log.batch_size.severity"=>"info", "allow_nil_values"=>false, "allow_duplicate_values"=>true, "allow_empty_fields"=>false}
I, [2024-10-01T09:56:47.025420 #2834628]  INFO -- :    Traject::SolrJsonWriter writing to 'http://127.0.0.1:8983/solr/blacklight-core/update/json' in batches of 100 with 1 bg threads
I, [2024-10-01T09:56:47.025491 #2834628]  INFO -- :    Traject::Indexer with 1 processing threads, reader: Arclight::Traject::NokogiriNamespacelessReader and writer: Traject::SolrJsonWriter
D, [2024-10-01T09:56:47.027808 #2834628] DEBUG -- : Shutting down #processing mapper threadpool...
D, [2024-10-01T09:56:49.430134 #2834628] DEBUG -- : #processing mapper threadpool shutdown complete.
D, [2024-10-01T09:56:49.430440 #2834628] DEBUG -- : Traject::SolrJsonWriter: Shutting down thread pool, waiting if needed...
D, [2024-10-01T09:56:49.430520 #2834628] DEBUG -- : Traject::SolrJsonWriter: sending batch of 1 to Solr
D, [2024-10-01T09:56:49.467534 #2834628] DEBUG -- : Traject::SolrJsonWriter: Thread pool shutdown complete
I, [2024-10-01T09:56:49.467621 #2834628]  INFO -- : Traject::SolrJsonWriter sending commit to solr at url http://127.0.0.1:8983/solr/blacklight-core/update/json...
F, [2024-10-01T09:57:49.468814 #2834628] FATAL -- : Traject::CommandLine: Unexpected exception, terminating execution:     Exception: HTTPClient::ReceiveTimeoutError: execution expired
    /home/deploy/.asdf/installs/ruby/3.3.3/lib/ruby/gems/3.3.0/gems/httpclient-2.8.3/lib/httpclient/session.rb:805:in `gets'

bundler: failed to load command: traject (/home/deploy/.asdf/installs/ruby/3.3.3/bin/traject)
/home/deploy/.asdf/installs/ruby/3.3.3/lib/ruby/gems/3.3.0/gems/httpclient-2.8.3/lib/httpclient/session.rb:805:in `gets': execution expired (HTTPClient::ReceiveTimeoutError)
	from /home/deploy/.asdf/installs/ruby/3.3.3/lib/ruby/gems/3.3.0/gems/httpclient-2.8.3/lib/httpclient/session.rb:805:in `block in parse_header'
	from /home/deploy/.asdf/installs/ruby/3.3.3/lib/ruby/gems/3.3.0/gems/timeout-0.4.1/lib/timeout.rb:186:in `block in timeout'
	from /home/deploy/.asdf/installs/ruby/3.3.3/lib/ruby/gems/3.3.0/gems/timeout-0.4.1/lib/timeout.rb:193:in `timeout'
	from /home/deploy/.asdf/installs/ruby/3.3.3/lib/ruby/gems/3.3.0/gems/httpclient-2.8.3/lib/httpclient/session.rb:801:in `parse_header'
	from /home/deploy/.asdf/installs/ruby/3.3.3/lib/ruby/gems/3.3.0/gems/httpclient-2.8.3/lib/httpclient/session.rb:784:in `read_header'
	from /home/deploy/.asdf/installs/ruby/3.3.3/lib/ruby/gems/3.3.0/gems/httpclient-2.8.3/lib/httpclient/session.rb:561:in `get_header'
	from /home/deploy/.asdf/installs/ruby/3.3.3/lib/ruby/gems/3.3.0/gems/httpclient-2.8.3/lib/httpclient.rb:1299:in `do_get_header'
	from /home/deploy/.asdf/installs/ruby/3.3.3/lib/ruby/gems/3.3.0/gems/httpclient-2.8.3/lib/httpclient.rb:1245:in `do_get_block'
	from /home/deploy/.asdf/installs/ruby/3.3.3/lib/ruby/gems/3.3.0/gems/httpclient-2.8.3/lib/httpclient.rb:1019:in `block in do_request'
	from /home/deploy/.asdf/installs/ruby/3.3.3/lib/ruby/gems/3.3.0/gems/httpclient-2.8.3/lib/httpclient.rb:1133:in `protect_keep_alive_disconnected'
	from /home/deploy/.asdf/installs/ruby/3.3.3/lib/ruby/gems/3.3.0/gems/httpclient-2.8.3/lib/httpclient.rb:1014:in `do_request'
	from /home/deploy/.asdf/installs/ruby/3.3.3/lib/ruby/gems/3.3.0/gems/httpclient-2.8.3/lib/httpclient.rb:856:in `request'
	from /home/deploy/.asdf/installs/ruby/3.3.3/lib/ruby/gems/3.3.0/gems/httpclient-2.8.3/lib/httpclient.rb:743:in `get'
	from /home/deploy/.asdf/installs/ruby/3.3.3/lib/ruby/gems/3.3.0/gems/traject-3.8.2/lib/traject/solr_json_writer.rb:370:in `commit'
	from /home/deploy/.asdf/installs/ruby/3.3.3/lib/ruby/gems/3.3.0/gems/traject-3.8.2/lib/traject/solr_json_writer.rb:339:in `close'
	from /home/deploy/.asdf/installs/ruby/3.3.3/lib/ruby/gems/3.3.0/gems/traject-3.8.2/lib/traject/indexer.rb:638:in `complete'
	from /home/deploy/.asdf/installs/ruby/3.3.3/lib/ruby/gems/3.3.0/gems/traject-3.8.2/lib/traject/indexer.rb:607:in `process'
	from /home/deploy/.asdf/installs/ruby/3.3.3/lib/ruby/gems/3.3.0/gems/traject-3.8.2/lib/traject/command_line.rb:73:in `execute'
	from /home/deploy/.asdf/installs/ruby/3.3.3/lib/ruby/gems/3.3.0/gems/traject-3.8.2/bin/traject:14:in `<top (required)>'
	from /home/deploy/.asdf/installs/ruby/3.3.3/bin/traject:25:in `load'
	from /home/deploy/.asdf/installs/ruby/3.3.3/bin/traject:25:in `<top (required)>'
	from /home/deploy/.asdf/installs/ruby/3.3.3/lib/ruby/site_ruby/3.3.0/bundler/cli/exec.rb:58:in `load'
	from /home/deploy/.asdf/installs/ruby/3.3.3/lib/ruby/site_ruby/3.3.0/bundler/cli/exec.rb:58:in `kernel_load'
	from /home/deploy/.asdf/installs/ruby/3.3.3/lib/ruby/site_ruby/3.3.0/bundler/cli/exec.rb:23:in `run'
	from /home/deploy/.asdf/installs/ruby/3.3.3/lib/ruby/site_ruby/3.3.0/bundler/cli.rb:455:in `exec'
	from /home/deploy/.asdf/installs/ruby/3.3.3/lib/ruby/site_ruby/3.3.0/bundler/vendor/thor/lib/thor/command.rb:28:in `run'
	from /home/deploy/.asdf/installs/ruby/3.3.3/lib/ruby/site_ruby/3.3.0/bundler/vendor/thor/lib/thor/invocation.rb:127:in `invoke_command'
	from /home/deploy/.asdf/installs/ruby/3.3.3/lib/ruby/site_ruby/3.3.0/bundler/vendor/thor/lib/thor.rb:527:in `dispatch'
	from /home/deploy/.asdf/installs/ruby/3.3.3/lib/ruby/site_ruby/3.3.0/bundler/cli.rb:35:in `dispatch'
	from /home/deploy/.asdf/installs/ruby/3.3.3/lib/ruby/site_ruby/3.3.0/bundler/vendor/thor/lib/thor/base.rb:584:in `start'
	from /home/deploy/.asdf/installs/ruby/3.3.3/lib/ruby/site_ruby/3.3.0/bundler/cli.rb:29:in `start'
	from /home/deploy/.asdf/installs/ruby/3.3.3/lib/ruby/gems/3.3.0/gems/bundler-2.5.17/exe/bundle:28:in `block in <top (required)>'
	from /home/deploy/.asdf/installs/ruby/3.3.3/lib/ruby/site_ruby/3.3.0/bundler/friendly_errors.rb:117:in `with_friendly_errors'
	from /home/deploy/.asdf/installs/ruby/3.3.3/lib/ruby/gems/3.3.0/gems/bundler-2.5.17/exe/bundle:20:in `<top (required)>'
	from /home/deploy/.asdf/installs/ruby/3.3.3/bin/bundle:25:in `load'
	from /home/deploy/.asdf/installs/ruby/3.3.3/bin/bundle:25:in `<main>'
Indexed /home/deploy/eads/nnod/nnod_2305.xml (in 64.425 secs).
Loading /home/deploy/eads/nnod/nnod_2319.xml into index...
I, [2024-10-01T09:57:53.803187 #2834923]  INFO -- : traject (3.8.2) executing with: `-u http://127.0.0.1:8983/solr/blacklight-core/ -i xml -c /home/deploy/.asdf/installs/ruby/3.3.3/lib/ruby/gems/3.3.0/gems/arclight-1.4.0/lib/arclight/traject/ead2_config.rb /home/deploy/eads/nnod/nnod_2319.xml`
I, [2024-10-01T09:57:53.803585 #2834923]  INFO -- : Reading from /home/deploy/eads/nnod/nnod_2319.xml
D, [2024-10-01T09:57:53.803862 #2834923] DEBUG -- : beginning Traject::Indexer#process with settings: {"solr.url"=>"http://127.0.0.1:8983/solr/blacklight-core/", "component_traject_config"=>"/home/deploy/.asdf/installs/ruby/3.3.3/lib/ruby/gems/3.3.0/gems/arclight-1.4.0/lib/arclight/traject/ead2_component_config.rb", "id_normalizer"=>"Arclight::NormalizedId", "date_normalizer"=>"Arclight::NormalizedDate", "title_normalizer"=>"Arclight::NormalizedTitle", "reader_class_name"=>"Arclight::Traject::NokogiriNamespacelessReader", "solr_writer.commit_on_close"=>"true", "repository"=>"nnod", "logger"=>#<Logger:0x0000e679c1b277e0 @level=0, @progname=nil, @default_formatter=#<Logger::Formatter:0x0000e679c1b271a0 @datetime_format=nil>, @formatter=nil, @logdev=#<Logger::LogDevice:0x0000e679c21a4c58 @shift_period_suffix=nil, @shift_size=nil, @shift_age=nil, @filename=nil, @dev=#<IO:<STDERR>>, @binmode=false, @reraise_write_errors=[], @mon_data=#<Monitor:0x0000e679c1b26908>, @mon_data_owner_object_id=4300>, @level_override={}>, "command_line.filename"=>"/home/deploy/eads/nnod/nnod_2319.xml", "writer_class_name"=>"Traject::SolrJsonWriter", "solr_writer.batch_size"=>100, "solr_writer.thread_pool"=>1, "processing_thread_pool"=>1, "log.batch_size.severity"=>"info", "allow_nil_values"=>false, "allow_duplicate_values"=>true, "allow_empty_fields"=>false}
I, [2024-10-01T09:57:53.842835 #2834923]  INFO -- :    Traject::SolrJsonWriter writing to 'http://127.0.0.1:8983/solr/blacklight-core/update/json' in batches of 100 with 1 bg threads
I, [2024-10-01T09:57:53.843049 #2834923]  INFO -- :    Traject::Indexer with 1 processing threads, reader: Arclight::Traject::NokogiriNamespacelessReader and writer: Traject::SolrJsonWriter
D, [2024-10-01T09:57:53.844978 #2834923] DEBUG -- : Shutting down #processing mapper threadpool...
D, [2024-10-01T09:57:55.205090 #2834923] DEBUG -- : #processing mapper threadpool shutdown complete.
D, [2024-10-01T09:57:55.205381 #2834923] DEBUG -- : Traject::SolrJsonWriter: Shutting down thread pool, waiting if needed...
D, [2024-10-01T09:57:55.205469 #2834923] DEBUG -- : Traject::SolrJsonWriter: sending batch of 1 to Solr
D, [2024-10-01T09:57:55.233753 #2834923] DEBUG -- : Traject::SolrJsonWriter: Thread pool shutdown complete
I, [2024-10-01T09:57:55.233841 #2834923]  INFO -- : Traject::SolrJsonWriter sending commit to solr at url http://127.0.0.1:8983/solr/blacklight-core/update/json...
F, [2024-10-01T09:58:55.235167 #2834923] FATAL -- : Traject::CommandLine: Unexpected exception, terminating execution:     Exception: HTTPClient::ReceiveTimeoutError: execution expired
    /home/deploy/.asdf/installs/ruby/3.3.3/lib/ruby/gems/3.3.0/gems/httpclient-2.8.3/lib/httpclient/session.rb:805:in `gets'

bundler: failed to load command: traject (/home/deploy/.asdf/installs/ruby/3.3.3/bin/traject)
/home/deploy/.asdf/installs/ruby/3.3.3/lib/ruby/gems/3.3.0/gems/httpclient-2.8.3/lib/httpclient/session.rb:805:in `gets': execution expired (HTTPClient::ReceiveTimeoutError)
	from /home/deploy/.asdf/installs/ruby/3.3.3/lib/ruby/gems/3.3.0/gems/httpclient-2.8.3/lib/httpclient/session.rb:805:in `block in parse_header'
	from /home/deploy/.asdf/installs/ruby/3.3.3/lib/ruby/gems/3.3.0/gems/timeout-0.4.1/lib/timeout.rb:186:in `block in timeout'
	from /home/deploy/.asdf/installs/ruby/3.3.3/lib/ruby/gems/3.3.0/gems/timeout-0.4.1/lib/timeout.rb:193:in `timeout'
	from /home/deploy/.asdf/installs/ruby/3.3.3/lib/ruby/gems/3.3.0/gems/httpclient-2.8.3/lib/httpclient/session.rb:801:in `parse_header'
	from /home/deploy/.asdf/installs/ruby/3.3.3/lib/ruby/gems/3.3.0/gems/httpclient-2.8.3/lib/httpclient/session.rb:784:in `read_header'
	from /home/deploy/.asdf/installs/ruby/3.3.3/lib/ruby/gems/3.3.0/gems/httpclient-2.8.3/lib/httpclient/session.rb:561:in `get_header'
	from /home/deploy/.asdf/installs/ruby/3.3.3/lib/ruby/gems/3.3.0/gems/httpclient-2.8.3/lib/httpclient.rb:1299:in `do_get_header'
	from /home/deploy/.asdf/installs/ruby/3.3.3/lib/ruby/gems/3.3.0/gems/httpclient-2.8.3/lib/httpclient.rb:1245:in `do_get_block'
	from /home/deploy/.asdf/installs/ruby/3.3.3/lib/ruby/gems/3.3.0/gems/httpclient-2.8.3/lib/httpclient.rb:1019:in `block in do_request'
	from /home/deploy/.asdf/installs/ruby/3.3.3/lib/ruby/gems/3.3.0/gems/httpclient-2.8.3/lib/httpclient.rb:1133:in `protect_keep_alive_disconnected'
	from /home/deploy/.asdf/installs/ruby/3.3.3/lib/ruby/gems/3.3.0/gems/httpclient-2.8.3/lib/httpclient.rb:1014:in `do_request'
	from /home/deploy/.asdf/installs/ruby/3.3.3/lib/ruby/gems/3.3.0/gems/httpclient-2.8.3/lib/httpclient.rb:856:in `request'
	from /home/deploy/.asdf/installs/ruby/3.3.3/lib/ruby/gems/3.3.0/gems/httpclient-2.8.3/lib/httpclient.rb:743:in `get'
	from /home/deploy/.asdf/installs/ruby/3.3.3/lib/ruby/gems/3.3.0/gems/traject-3.8.2/lib/traject/solr_json_writer.rb:370:in `commit'
	from /home/deploy/.asdf/installs/ruby/3.3.3/lib/ruby/gems/3.3.0/gems/traject-3.8.2/lib/traject/solr_json_writer.rb:339:in `close'
	from /home/deploy/.asdf/installs/ruby/3.3.3/lib/ruby/gems/3.3.0/gems/traject-3.8.2/lib/traject/indexer.rb:638:in `complete'
	from /home/deploy/.asdf/installs/ruby/3.3.3/lib/ruby/gems/3.3.0/gems/traject-3.8.2/lib/traject/indexer.rb:607:in `process'
	from /home/deploy/.asdf/installs/ruby/3.3.3/lib/ruby/gems/3.3.0/gems/traject-3.8.2/lib/traject/command_line.rb:73:in `execute'
	from /home/deploy/.asdf/installs/ruby/3.3.3/lib/ruby/gems/3.3.0/gems/traject-3.8.2/bin/traject:14:in `<top (required)>'
	from /home/deploy/.asdf/installs/ruby/3.3.3/bin/traject:25:in `load'
	from /home/deploy/.asdf/installs/ruby/3.3.3/bin/traject:25:in `<top (required)>'
	from /home/deploy/.asdf/installs/ruby/3.3.3/lib/ruby/site_ruby/3.3.0/bundler/cli/exec.rb:58:in `load'
	from /home/deploy/.asdf/installs/ruby/3.3.3/lib/ruby/site_ruby/3.3.0/bundler/cli/exec.rb:58:in `kernel_load'
	from /home/deploy/.asdf/installs/ruby/3.3.3/lib/ruby/site_ruby/3.3.0/bundler/cli/exec.rb:23:in `run'
	from /home/deploy/.asdf/installs/ruby/3.3.3/lib/ruby/site_ruby/3.3.0/bundler/cli.rb:455:in `exec'
	from /home/deploy/.asdf/installs/ruby/3.3.3/lib/ruby/site_ruby/3.3.0/bundler/vendor/thor/lib/thor/command.rb:28:in `run'
	from /home/deploy/.asdf/installs/ruby/3.3.3/lib/ruby/site_ruby/3.3.0/bundler/vendor/thor/lib/thor/invocation.rb:127:in `invoke_command'
	from /home/deploy/.asdf/installs/ruby/3.3.3/lib/ruby/site_ruby/3.3.0/bundler/vendor/thor/lib/thor.rb:527:in `dispatch'
	from /home/deploy/.asdf/installs/ruby/3.3.3/lib/ruby/site_ruby/3.3.0/bundler/cli.rb:35:in `dispatch'
	from /home/deploy/.asdf/installs/ruby/3.3.3/lib/ruby/site_ruby/3.3.0/bundler/vendor/thor/lib/thor/base.rb:584:in `start'
	from /home/deploy/.asdf/installs/ruby/3.3.3/lib/ruby/site_ruby/3.3.0/bundler/cli.rb:29:in `start'
	from /home/deploy/.asdf/installs/ruby/3.3.3/lib/ruby/gems/3.3.0/gems/bundler-2.5.17/exe/bundle:28:in `block in <top (required)>'
	from /home/deploy/.asdf/installs/ruby/3.3.3/lib/ruby/site_ruby/3.3.0/bundler/friendly_errors.rb:117:in `with_friendly_errors'
	from /home/deploy/.asdf/installs/ruby/3.3.3/lib/ruby/gems/3.3.0/gems/bundler-2.5.17/exe/bundle:20:in `<top (required)>'
	from /home/deploy/.asdf/installs/ruby/3.3.3/bin/bundle:25:in `load'
	from /home/deploy/.asdf/installs/ruby/3.3.3/bin/bundle:25:in `<main>'
Indexed /home/deploy/eads/nnod/nnod_2319.xml (in 63.328 secs).
Loading /home/deploy/eads/nnod/nnod_4941.xml into index...
I, [2024-10-01T10:04:28.072917 #2836223]  INFO -- : traject (3.8.2) executing with: `-u http://127.0.0.1:8983/solr/blacklight-core/ -i xml -c /home/deploy/.asdf/installs/ruby/3.3.3/lib/ruby/gems/3.3.0/gems/arclight-1.4.0/lib/arclight/traject/ead2_config.rb /home/deploy/eads/nnod/nnod_4941.xml`
I, [2024-10-01T10:04:28.073326 #2836223]  INFO -- : Reading from /home/deploy/eads/nnod/nnod_4941.xml
D, [2024-10-01T10:04:28.073607 #2836223] DEBUG -- : beginning Traject::Indexer#process with settings: {"solr.url"=>"http://127.0.0.1:8983/solr/blacklight-core/", "component_traject_config"=>"/home/deploy/.asdf/installs/ruby/3.3.3/lib/ruby/gems/3.3.0/gems/arclight-1.4.0/lib/arclight/traject/ead2_component_config.rb", "id_normalizer"=>"Arclight::NormalizedId", "date_normalizer"=>"Arclight::NormalizedDate", "title_normalizer"=>"Arclight::NormalizedTitle", "reader_class_name"=>"Arclight::Traject::NokogiriNamespacelessReader", "solr_writer.commit_on_close"=>"true", "repository"=>"nnod", "logger"=>#<Logger:0x0000f182d6a4f010 @level=0, @progname=nil, @default_formatter=#<Logger::Formatter:0x0000f182d6a4ec50 @datetime_format=nil>, @formatter=nil, @logdev=#<Logger::LogDevice:0x0000f182d70b4ce8 @shift_period_suffix=nil, @shift_size=nil, @shift_age=nil, @filename=nil, @dev=#<IO:<STDERR>>, @binmode=false, @reraise_write_errors=[], @mon_data=#<Monitor:0x0000f182d6a4e660>, @mon_data_owner_object_id=4300>, @level_override={}>, "command_line.filename"=>"/home/deploy/eads/nnod/nnod_4941.xml", "writer_class_name"=>"Traject::SolrJsonWriter", "solr_writer.batch_size"=>100, "solr_writer.thread_pool"=>1, "processing_thread_pool"=>1, "log.batch_size.severity"=>"info", "allow_nil_values"=>false, "allow_duplicate_values"=>true, "allow_empty_fields"=>false}
I, [2024-10-01T10:04:28.112457 #2836223]  INFO -- :    Traject::SolrJsonWriter writing to 'http://127.0.0.1:8983/solr/blacklight-core/update/json' in batches of 100 with 1 bg threads
I, [2024-10-01T10:04:28.112534 #2836223]  INFO -- :    Traject::Indexer with 1 processing threads, reader: Arclight::Traject::NokogiriNamespacelessReader and writer: Traject::SolrJsonWriter
D, [2024-10-01T10:04:28.114413 #2836223] DEBUG -- : Shutting down #processing mapper threadpool...
D, [2024-10-01T10:04:29.878160 #2836223] DEBUG -- : #processing mapper threadpool shutdown complete.
D, [2024-10-01T10:04:29.878459 #2836223] DEBUG -- : Traject::SolrJsonWriter: Shutting down thread pool, waiting if needed...
D, [2024-10-01T10:04:29.878549 #2836223] DEBUG -- : Traject::SolrJsonWriter: sending batch of 1 to Solr
D, [2024-10-01T10:04:29.904541 #2836223] DEBUG -- : Traject::SolrJsonWriter: Thread pool shutdown complete
I, [2024-10-01T10:04:29.904628 #2836223]  INFO -- : Traject::SolrJsonWriter sending commit to solr at url http://127.0.0.1:8983/solr/blacklight-core/update/json...
F, [2024-10-01T10:05:29.905831 #2836223] FATAL -- : Traject::CommandLine: Unexpected exception, terminating execution:     Exception: HTTPClient::ReceiveTimeoutError: execution expired
    /home/deploy/.asdf/installs/ruby/3.3.3/lib/ruby/gems/3.3.0/gems/httpclient-2.8.3/lib/httpclient/session.rb:805:in `gets'

bundler: failed to load command: traject (/home/deploy/.asdf/installs/ruby/3.3.3/bin/traject)
/home/deploy/.asdf/installs/ruby/3.3.3/lib/ruby/gems/3.3.0/gems/httpclient-2.8.3/lib/httpclient/session.rb:805:in `gets': execution expired (HTTPClient::ReceiveTimeoutError)
	from /home/deploy/.asdf/installs/ruby/3.3.3/lib/ruby/gems/3.3.0/gems/httpclient-2.8.3/lib/httpclient/session.rb:805:in `block in parse_header'
	from /home/deploy/.asdf/installs/ruby/3.3.3/lib/ruby/gems/3.3.0/gems/timeout-0.4.1/lib/timeout.rb:186:in `block in timeout'
	from /home/deploy/.asdf/installs/ruby/3.3.3/lib/ruby/gems/3.3.0/gems/timeout-0.4.1/lib/timeout.rb:193:in `timeout'
	from /home/deploy/.asdf/installs/ruby/3.3.3/lib/ruby/gems/3.3.0/gems/httpclient-2.8.3/lib/httpclient/session.rb:801:in `parse_header'
	from /home/deploy/.asdf/installs/ruby/3.3.3/lib/ruby/gems/3.3.0/gems/httpclient-2.8.3/lib/httpclient/session.rb:784:in `read_header'
	from /home/deploy/.asdf/installs/ruby/3.3.3/lib/ruby/gems/3.3.0/gems/httpclient-2.8.3/lib/httpclient/session.rb:561:in `get_header'
	from /home/deploy/.asdf/installs/ruby/3.3.3/lib/ruby/gems/3.3.0/gems/httpclient-2.8.3/lib/httpclient.rb:1299:in `do_get_header'
	from /home/deploy/.asdf/installs/ruby/3.3.3/lib/ruby/gems/3.3.0/gems/httpclient-2.8.3/lib/httpclient.rb:1245:in `do_get_block'
	from /home/deploy/.asdf/installs/ruby/3.3.3/lib/ruby/gems/3.3.0/gems/httpclient-2.8.3/lib/httpclient.rb:1019:in `block in do_request'
	from /home/deploy/.asdf/installs/ruby/3.3.3/lib/ruby/gems/3.3.0/gems/httpclient-2.8.3/lib/httpclient.rb:1133:in `protect_keep_alive_disconnected'
	from /home/deploy/.asdf/installs/ruby/3.3.3/lib/ruby/gems/3.3.0/gems/httpclient-2.8.3/lib/httpclient.rb:1014:in `do_request'
	from /home/deploy/.asdf/installs/ruby/3.3.3/lib/ruby/gems/3.3.0/gems/httpclient-2.8.3/lib/httpclient.rb:856:in `request'
	from /home/deploy/.asdf/installs/ruby/3.3.3/lib/ruby/gems/3.3.0/gems/httpclient-2.8.3/lib/httpclient.rb:743:in `get'
	from /home/deploy/.asdf/installs/ruby/3.3.3/lib/ruby/gems/3.3.0/gems/traject-3.8.2/lib/traject/solr_json_writer.rb:370:in `commit'
	from /home/deploy/.asdf/installs/ruby/3.3.3/lib/ruby/gems/3.3.0/gems/traject-3.8.2/lib/traject/solr_json_writer.rb:339:in `close'
	from /home/deploy/.asdf/installs/ruby/3.3.3/lib/ruby/gems/3.3.0/gems/traject-3.8.2/lib/traject/indexer.rb:638:in `complete'
	from /home/deploy/.asdf/installs/ruby/3.3.3/lib/ruby/gems/3.3.0/gems/traject-3.8.2/lib/traject/indexer.rb:607:in `process'
	from /home/deploy/.asdf/installs/ruby/3.3.3/lib/ruby/gems/3.3.0/gems/traject-3.8.2/lib/traject/command_line.rb:73:in `execute'
	from /home/deploy/.asdf/installs/ruby/3.3.3/lib/ruby/gems/3.3.0/gems/traject-3.8.2/bin/traject:14:in `<top (required)>'
	from /home/deploy/.asdf/installs/ruby/3.3.3/bin/traject:25:in `load'
	from /home/deploy/.asdf/installs/ruby/3.3.3/bin/traject:25:in `<top (required)>'
	from /home/deploy/.asdf/installs/ruby/3.3.3/lib/ruby/site_ruby/3.3.0/bundler/cli/exec.rb:58:in `load'
	from /home/deploy/.asdf/installs/ruby/3.3.3/lib/ruby/site_ruby/3.3.0/bundler/cli/exec.rb:58:in `kernel_load'
	from /home/deploy/.asdf/installs/ruby/3.3.3/lib/ruby/site_ruby/3.3.0/bundler/cli/exec.rb:23:in `run'
	from /home/deploy/.asdf/installs/ruby/3.3.3/lib/ruby/site_ruby/3.3.0/bundler/cli.rb:455:in `exec'
	from /home/deploy/.asdf/installs/ruby/3.3.3/lib/ruby/site_ruby/3.3.0/bundler/vendor/thor/lib/thor/command.rb:28:in `run'
	from /home/deploy/.asdf/installs/ruby/3.3.3/lib/ruby/site_ruby/3.3.0/bundler/vendor/thor/lib/thor/invocation.rb:127:in `invoke_command'
	from /home/deploy/.asdf/installs/ruby/3.3.3/lib/ruby/site_ruby/3.3.0/bundler/vendor/thor/lib/thor.rb:527:in `dispatch'
	from /home/deploy/.asdf/installs/ruby/3.3.3/lib/ruby/site_ruby/3.3.0/bundler/cli.rb:35:in `dispatch'
	from /home/deploy/.asdf/installs/ruby/3.3.3/lib/ruby/site_ruby/3.3.0/bundler/vendor/thor/lib/thor/base.rb:584:in `start'
	from /home/deploy/.asdf/installs/ruby/3.3.3/lib/ruby/site_ruby/3.3.0/bundler/cli.rb:29:in `start'
	from /home/deploy/.asdf/installs/ruby/3.3.3/lib/ruby/gems/3.3.0/gems/bundler-2.5.17/exe/bundle:28:in `block in <top (required)>'
	from /home/deploy/.asdf/installs/ruby/3.3.3/lib/ruby/site_ruby/3.3.0/bundler/friendly_errors.rb:117:in `with_friendly_errors'
	from /home/deploy/.asdf/installs/ruby/3.3.3/lib/ruby/gems/3.3.0/gems/bundler-2.5.17/exe/bundle:20:in `<top (required)>'
	from /home/deploy/.asdf/installs/ruby/3.3.3/bin/bundle:25:in `load'
	from /home/deploy/.asdf/installs/ruby/3.3.3/bin/bundle:25:in `<main>'
Indexed /home/deploy/eads/nnod/nnod_4941.xml (in 63.709 secs).
